"C:/Users/Connor/Documents/Unreal Projects/WeaponWarehouse/Content/Geometry/Meshes/CubeMaterial.uasset" 0
"C:/Users/Connor/Documents/Unreal Projects/WeaponWarehouse/Content/Geometry/Meshes/1M_Cube_Chamfer.uasset" 1
"C:/Users/Connor/Documents/Unreal Projects/WeaponWarehouse/Content/Mannequin/Character/Mesh/UE4_Mannequin_Skeleton.uasset" 2
"C:/Users/Connor/Documents/Unreal Projects/WeaponWarehouse/Content/Mannequin/Animations/ThirdPersonJump_End.uasset" 3
"C:/Users/Connor/Documents/Unreal Projects/WeaponWarehouse/Content/ThirdPerson/Meshes/RampMaterial.uasset" 4
"C:/Users/Connor/Documents/Unreal Projects/WeaponWarehouse/Content/ThirdPersonBP/Blueprints/Floor1.uasset" 5
"../../Plugins/2D/Paper2D/Content/DefaultSpriteMaterial.uasset" 6
"../../Plugins/2D/Paper2D/Content/TranslucentUnlitSpriteMaterial.uasset" 7
"C:/Users/Connor/Documents/Unreal Projects/WeaponWarehouse/Content/ThirdPersonBP/Blueprints/FloorTiles.uasset" 8
"C:/Users/Connor/Documents/Unreal Projects/WeaponWarehouse/Content/ThirdPersonBP/Blueprints/FloorTiles_Sprite_11.uasset" 9
"C:/Users/Connor/Documents/Unreal Projects/WeaponWarehouse/Content/ThirdPersonBP/Blueprints/FloorTiles_Sprite_12.uasset" 10
"C:/Users/Connor/Documents/Unreal Projects/WeaponWarehouse/Content/ThirdPersonBP/Blueprints/FloorTiles_Sprite_13.uasset" 11
"C:/Users/Connor/Documents/Unreal Projects/WeaponWarehouse/Content/ThirdPersonBP/Blueprints/FloorTiles_Sprite_15.uasset" 12
"C:/Users/Connor/Documents/Unreal Projects/WeaponWarehouse/Content/ThirdPersonBP/Blueprints/FloorTiles_Sprite_2.uasset" 13
"C:/Users/Connor/Documents/Unreal Projects/WeaponWarehouse/Content/ThirdPersonBP/Blueprints/FloorTiles_Sprite_7.uasset" 14
"C:/Users/Connor/Documents/Unreal Projects/WeaponWarehouse/Content/ThirdPersonBP/Blueprints/FloorTiles_Sprite_8.uasset" 15
"C:/Users/Connor/Documents/Unreal Projects/WeaponWarehouse/Content/Mannequin/Animations/ThirdPerson_Jump.uasset" 16
"C:/Users/Connor/Documents/Unreal Projects/WeaponWarehouse/Content/Mannequin/Animations/ThirdPersonJump_Loop.uasset" 17
"C:/Users/Connor/Documents/Unreal Projects/WeaponWarehouse/Content/Mannequin/Animations/ThirdPersonJump_Start.uasset" 18
"C:/Users/Connor/Documents/Unreal Projects/WeaponWarehouse/Content/Mannequin/Animations/ThirdPersonIdle.uasset" 19
"C:/Users/Connor/Documents/Unreal Projects/WeaponWarehouse/Content/Mannequin/Animations/ThirdPersonRun.uasset" 20
"C:/Users/Connor/Documents/Unreal Projects/WeaponWarehouse/Content/Mannequin/Animations/ThirdPersonWalk.uasset" 21
"C:/Users/Connor/Documents/Unreal Projects/WeaponWarehouse/Content/Mannequin/Animations/ThirdPerson_IdleRun_2D.uasset" 22
"../../../Engine/Content/EditorBlueprintResources/StandardMacros.uasset" 23
"C:/Users/Connor/Documents/Unreal Projects/WeaponWarehouse/Content/Mannequin/Animations/ThirdPerson_AnimBP.uasset" 24
"../../../Engine/Content/Functions/Engine_MaterialFunctions02/Utility/BlendAngleCorrectedNormals.uasset" 25
"../../../Engine/Content/Functions/MaterialLayerFunctions/MatLayerBlend_NormalBlend.uasset" 26
"../../../Engine/Content/Functions/MaterialLayerFunctions/MatLayerBlend_Simple.uasset" 27
"C:/Users/Connor/Documents/Unreal Projects/WeaponWarehouse/Content/Mannequin/Character/Materials/MaterialLayers/T_ML_Rubber_Blue_01_D.uasset" 28
"C:/Users/Connor/Documents/Unreal Projects/WeaponWarehouse/Content/Mannequin/Character/Materials/MaterialLayers/T_ML_Rubber_Blue_01_N.uasset" 29
"C:/Users/Connor/Documents/Unreal Projects/WeaponWarehouse/Content/Mannequin/Character/Materials/MaterialLayers/ML_GlossyBlack_Latex_UE4.uasset" 30
"C:/Users/Connor/Documents/Unreal Projects/WeaponWarehouse/Content/Mannequin/Character/Materials/MaterialLayers/ML_Plastic_Shiny_Beige.uasset" 31
"C:/Users/Connor/Documents/Unreal Projects/WeaponWarehouse/Content/Mannequin/Character/Textures/UE4_LOGO_CARD.uasset" 32
"C:/Users/Connor/Documents/Unreal Projects/WeaponWarehouse/Content/Mannequin/Character/Materials/MaterialLayers/ML_Plastic_Shiny_Beige_LOGO.uasset" 33
"C:/Users/Connor/Documents/Unreal Projects/WeaponWarehouse/Content/Mannequin/Character/Materials/MaterialLayers/T_ML_Aluminum01.uasset" 34
"C:/Users/Connor/Documents/Unreal Projects/WeaponWarehouse/Content/Mannequin/Character/Materials/MaterialLayers/T_ML_Aluminum01_N.uasset" 35
"C:/Users/Connor/Documents/Unreal Projects/WeaponWarehouse/Content/Mannequin/Character/Materials/MaterialLayers/ML_SoftMetal_UE4.uasset" 36
"C:/Users/Connor/Documents/Unreal Projects/WeaponWarehouse/Content/Mannequin/Character/Textures/UE4_Mannequin__normals.uasset" 37
"C:/Users/Connor/Documents/Unreal Projects/WeaponWarehouse/Content/Mannequin/Character/Textures/UE4_Mannequin_MAT_MASKA.uasset" 38
"C:/Users/Connor/Documents/Unreal Projects/WeaponWarehouse/Content/Mannequin/Character/Materials/M_UE4Man_Body.uasset" 39
"C:/Users/Connor/Documents/Unreal Projects/WeaponWarehouse/Content/Mannequin/Character/Textures/UE4Man_Logo_N.uasset" 40
"C:/Users/Connor/Documents/Unreal Projects/WeaponWarehouse/Content/Mannequin/Character/Materials/M_UE4Man_ChestLogo.uasset" 41
"C:/Users/Connor/Documents/Unreal Projects/WeaponWarehouse/Content/Mannequin/Character/Mesh/SK_Mannequin_PhysicsAsset.uasset" 42
"C:/Users/Connor/Documents/Unreal Projects/WeaponWarehouse/Content/Mannequin/Character/Mesh/SK_Mannequin.uasset" 43
"C:/Users/Connor/Documents/Unreal Projects/WeaponWarehouse/Content/ThirdPersonBP/Blueprints/ThirdPersonCharacter.uasset" 44
"C:/Users/Connor/Documents/Unreal Projects/WeaponWarehouse/Content/ThirdPersonBP/Blueprints/UICards.uasset" 45
"C:/Users/Connor/Documents/Unreal Projects/WeaponWarehouse/Content/ThirdPersonBP/Blueprints/UICards_UICards_2.uasset" 46
"../../../Engine/Content/Functions/Engine_MaterialFunctions01/Opacity/CameraDepthFade.uasset" 47
"../../../Engine/Content/EngineMaterials/T_Default_Material_Grid_M.uasset" 48
"../../../Engine/Content/EngineMaterials/T_Default_Material_Grid_N.uasset" 49
"../../../Engine/Content/EngineMaterials/DefaultMaterial.uasset" 50
"../../../Engine/Content/BasicShapes/Cone.uasset" 51
"../../../Engine/Content/EngineMaterials/WorldGridMaterial.uasset" 52
"../../../Engine/Content/BasicShapes/Cube.uasset" 53
"../../../Engine/Content/BasicShapes/Cylinder.uasset" 54
"../../../Engine/Content/BasicShapes/Plane.uasset" 55
"../../../Engine/Content/BasicShapes/Sphere.uasset" 56
"../../../Engine/Content/EditorLandscapeResources/DataLayer.uasset" 57
"../../../Engine/Content/EditorMaterials/GizmoMaterial.uasset" 58
"../../../Engine/Content/EditorMaterials/MAT_Groups_Toggle.uasset" 59
"../../../Engine/Content/EditorMaterials/MAT_Groups_Visibility.uasset" 60
"../../../Engine/Content/EditorMaterials/PreviewShadowIndicator.uasset" 61
"../../../Engine/Content/EditorMaterials/PreviewShadowIndicatorMaterial.uasset" 62
"../../../Engine/Content/EditorMaterials/MatineeGroups/MAT_ColorTrack.uasset" 63
"../../../Engine/Content/EditorMaterials/MatineeGroups/MAT_Groups_Anim.uasset" 64
"../../../Engine/Content/EditorMaterials/MatineeGroups/MAT_Groups_AudioMaster.uasset" 65
"../../../Engine/Content/EditorMaterials/MatineeGroups/MAT_Groups_Director.uasset" 66
"../../../Engine/Content/EditorMaterials/MatineeGroups/MAT_Groups_Event.uasset" 67
"../../../Engine/Content/EditorMaterials/MatineeGroups/MAT_Groups_Fade.uasset" 68
"../../../Engine/Content/EditorMaterials/MatineeGroups/MAT_Groups_Float.uasset" 69
"../../../Engine/Content/EditorMaterials/MatineeGroups/MAT_Groups_Move.uasset" 70
"../../../Engine/Content/EditorMaterials/MatineeGroups/MAT_Groups_Slomo.uasset" 71
"../../../Engine/Content/EditorMaterials/MatineeGroups/MAT_Groups_Sound.uasset" 72
"../../../Engine/Content/EditorMaterials/MatineeGroups/MAT_Groups_Vector.uasset" 73
"../../../Engine/Content/EditorMaterials/ParticleSystems/PSysThumbnail_NoImage.uasset" 74
"../../../Engine/Content/EditorMaterials/ParticleSystems/PSysThumbnail_OOD.uasset" 75
"../../../Engine/Content/EditorMaterials/Camera/CineMat.uasset" 76
"../../../Engine/Content/EditorMaterials/Camera/MI_CineMat_Rig.uasset" 77
"../../../Engine/Content/EditorMeshes/Camera/SM_CraneRig_Arm.uasset" 78
"../../../Engine/Content/EditorMeshes/Camera/SM_CraneRig_Base.uasset" 79
"../../../Engine/Content/EditorMeshes/Camera/SM_CraneRig_Body.uasset" 80
"../../../Engine/Content/EditorMeshes/Camera/SM_CraneRig_Mount.uasset" 81
"../../../Engine/Content/EditorMeshes/Camera/SM_RailRig_Mount.uasset" 82
"../../../Engine/Content/EditorMeshes/Camera/SM_RailRig_Track.uasset" 83
"../../../Engine/Content/EditorMeshes/ColorCalibrator/M_ChromeBall.uasset" 84
"../../../Engine/Content/EditorMeshes/ColorCalibrator/M_ClearCoat.uasset" 85
"../../../Engine/Content/EditorMeshes/ColorCalibrator/M_ClearCoatBlack.uasset" 86
"../../../Engine/Content/EditorMeshes/ColorCalibrator/Color_checker.uasset" 87
"../../../Engine/Content/EditorMeshes/ColorCalibrator/M_ColorGrid.uasset" 88
"../../../Engine/Content/EditorMeshes/ColorCalibrator/M_GreyBall.uasset" 89
"../../../Engine/Content/EditorMeshes/ColorCalibrator/SM_ColorCalibrator.uasset" 90
"../../../Engine/Content/EditorResources/BSPVertex.uasset" 91
"../../../Engine/Content/EditorResources/EmptyActor.uasset" 92
"../../../Engine/Content/EditorResources/S_Actor.uasset" 93
"../../../Engine/Content/EditorResources/S_Trigger.uasset" 94
"../../../Engine/Content/EditorResources/LightIcons/S_LightError.uasset" 95
"../../../Engine/Content/EditorResources/SequenceRecorder/Countdown.uasset" 96
"../../../Engine/Content/EditorResources/SequenceRecorder/RecordingIndicator.uasset" 97
"../../../Engine/Content/EditorSounds/Notifications/CompileFailed.uasset" 98
"../../../Engine/Content/EditorSounds/Notifications/CompileFailed_Cue.uasset" 99
"../../../Engine/Content/EditorSounds/Notifications/CompileSuccess.uasset" 100
"../../../Engine/Content/EditorSounds/Notifications/CompileStart_Cue.uasset" 101
"../../../Engine/Content/EditorSounds/Notifications/CompileSuccess_Cue.uasset" 102
"../../../Engine/Content/EngineDamageTypes/DmgTypeBP_Environmental.uasset" 103
"../../../Engine/Content/EngineDebugMaterials/HeatmapGradient.uasset" 104
"../../../Engine/Content/EngineDebugMaterials/BoneWeightMaterial.uasset" 105
"../../../Engine/Content/EngineDebugMaterials/ClothMaterial.uasset" 106
"../../../Engine/Content/EngineDebugMaterials/ClothMaterial_WF.uasset" 107
"../../../Engine/Content/EngineDebugMaterials/DebugEditorMaterial.uasset" 108
"../../../Engine/Content/EngineDebugMaterials/DebugMeshMaterial.uasset" 109
"../../../Engine/Content/EngineDebugMaterials/GeomMaterial.uasset" 110
"../../../Engine/Content/EngineFonts/Faces/RobotoBold.uasset" 111
"../../../Engine/Content/EngineFonts/Faces/RobotoBoldItalic.uasset" 112
"../../../Engine/Content/EngineFonts/Faces/RobotoItalic.uasset" 113
"../../../Engine/Content/EngineFonts/Faces/RobotoLight.uasset" 114
"../../../Engine/Content/EngineFonts/Faces/RobotoRegular.uasset" 115
"../../../Engine/Content/EngineFonts/Roboto.uasset" 116
"../../../Engine/Content/EngineFonts/Faces/RobotoTiny.uasset" 117
"../../../Engine/Content/EngineFonts/RobotoTiny.uasset" 118
"../../../Engine/Content/EngineMaterials/DefaultBloomKernel.uasset" 119
"../../../Engine/Content/EngineMaterials/DefaultBokeh.uasset" 120
"../../../Engine/Content/EngineMaterials/DefaultDiffuse.uasset" 121
"../../../Engine/Content/EngineMaterials/DefaultDeferredDecalMaterial.uasset" 122
"../../../Engine/Content/EngineMaterials/DefaultLightFunctionMaterial.uasset" 123
"../../../Engine/Content/EngineMaterials/DefaultPhysicalMaterial.uasset" 124
"../../../Engine/Content/Functions/Engine_MaterialFunctions02/Utility/BreakOutFloat2Components.uasset" 125
"../../../Engine/Content/EngineMaterials/DefaultPostProcessMaterial.uasset" 126
"../../../Engine/Content/EngineFonts/RobotoDistanceField.uasset" 127
"../../../Engine/Content/EngineMaterials/DefaultTextMaterialOpaque.uasset" 128
"../../../Engine/Content/EngineMaterials/DefaultWhiteGrid.uasset" 129
"../../../Engine/Content/EngineMaterials/EditorBrushMaterial.uasset" 130
"../../../Engine/Content/EngineMaterials/Good64x64TilingNoiseHighFreq.uasset" 131
"../../../Engine/Content/EngineMaterials/MiniFont.uasset" 132
"../../../Engine/Content/EngineMaterials/InvalidLightmapSettings.uasset" 133
"../../../Engine/Content/EngineMaterials/M_InvalidLightmapSettings.uasset" 134
"../../../Engine/Content/Functions/Engine_MaterialFunctions02/WorldPositionOffset/CameraOffset.uasset" 135
"../../../Engine/Content/EngineMaterials/PhAT_JointLimitMaterial.uasset" 136
"../../../Engine/Content/EngineMaterials/PreintegratedSkinBRDF.uasset" 137
"../../../Engine/Content/EngineMaterials/RemoveSurfaceMaterial.uasset" 138
"../../../Engine/Content/EngineMaterials/WeightMapPlaceholderTexture.uasset" 139
"../../../Engine/Content/EngineResources/WhiteSquareTexture.uasset" 140
"../../../Engine/Content/EngineMaterials/Widget3DPassThrough.uasset" 141
"../../../Engine/Content/EngineMaterials/Widget3DPassThrough_Masked.uasset" 142
"../../../Engine/Content/EngineMaterials/Widget3DPassThrough_Opaque.uasset" 143
"../../../Engine/Content/EngineMaterials/Widget3DPassThrough_Masked_OneSided.uasset" 144
"../../../Engine/Content/EngineMaterials/Widget3DPassThrough_Opaque_OneSided.uasset" 145
"../../../Engine/Content/EngineMaterials/Widget3DPassThrough_Translucent.uasset" 146
"../../../Engine/Content/EngineMaterials/Widget3DPassThrough_Translucent_OneSided.uasset" 147
"../../../Engine/Content/EngineMeshes/Cube.uasset" 148
"../../../Engine/Content/EngineMeshes/Cylinder.uasset" 149
"../../../Engine/Content/EngineMeshes/Sphere.uasset" 150
"../../../Engine/Content/EngineResources/Black.uasset" 151
"../../../Engine/Content/EngineResources/DefaultTexture.uasset" 152
"../../../Engine/Content/EngineResources/DefaultTextureCube.uasset" 153
"../../../Engine/Content/EngineResources/GradientTexture0.uasset" 154
"../../../Engine/Content/EngineSounds/Master.uasset" 155
"../../../Engine/Content/Functions/Engine_MaterialFunctions01/Shading/ConvertFromDiffSpec.uasset" 156
"../../../Engine/Content/Functions/Engine_MaterialFunctions01/Shading/PowerToRoughness.uasset" 157
"../../../Engine/Content/Maps/Templates/Thumbnails/Default.uasset" 158
"../../../Engine/Content/Maps/Templates/Thumbnails/VR-Basic.uasset" 159
"../../../Engine/Content/MobileResources/T_MobileControls_texture.uasset" 160
"../../../Engine/Content/MobileResources/T_MobileMenu2.uasset" 161
"../../../Engine/Content/MobileResources/HUD/AnalogHat.uasset" 162
"../../../Engine/Content/MobileResources/HUD/VirtualJoystick_Background.uasset" 163
"../../../Engine/Content/MobileResources/HUD/VirtualJoystick_Thumb.uasset" 164
"../../../Engine/Content/MobileResources/HUD/DefaultVirtualJoysticks.uasset" 165
"../../../Engine/Content/MobileResources/HUD/LeftVirtualJoystickOnly.uasset" 166
"../../../Engine/Content/MobileResources/HUD/MobileHUDButton1_off.uasset" 167
"../../../Engine/Content/MobileResources/HUD/MobileHUDButton1_on.uasset" 168
"../../../Engine/Content/MobileResources/HUD/MobileHUDButton2_off.uasset" 169
"../../../Engine/Content/MobileResources/HUD/MobileHUDButton2_on.uasset" 170
"../../../Engine/Content/MobileResources/HUD/MobileHUDButton3.uasset" 171
"../../../Engine/Content/MobileResources/HUD/MobileHUDButtonFire.uasset" 172
"../../../Engine/Content/MobileResources/HUD/MobileHUDDirectionPad.uasset" 173
"../../../Engine/Content/MobileResources/HUD/MobileHUDDirectionPad2.uasset" 174
"../../../Engine/Content/MobileResources/HUD/MobileHUDDirectionPad3.uasset" 175
"../../../Engine/Content/MobileResources/HUD/MobileHUDDirectionStick.uasset" 176
"../../../Engine/Content/MobileResources/HUD/T_Castle_ThumbstickInner.uasset" 177
"../../../Engine/Content/MobileResources/HUD/T_Castle_ThumbstickOutter.uasset" 178
"../../../Engine/Content/Tutorial/ContentIntroCurve.uasset" 179
"../../../Engine/Content/Tutorial/Basics/TutorialAssets/icon_tab_Levels_40x.uasset" 180
"../../../Engine/Content/Tutorial/BlueprintTutorials/TutorialAssets/BlueprintInterface_64x.uasset" 181
"../../../Engine/Content/Tutorial/BlueprintTutorials/TutorialAssets/BlueprintMacroLibrary_64x.uasset" 182
"../../../Engine/Content/Tutorial/BlueprintTutorials/TutorialAssets/Blueprint_64x.uasset" 183
"../../../Engine/Content/Tutorial/BlueprintTutorials/TutorialAssets/Tutorial_BP_Interface.uasset" 184
"../../../Engine/Content/Tutorial/Foliage/TutorialAssets/Foliage.uasset" 185
"../../../Engine/Content/Tutorial/Landscape/TutorialAssets/Landscape.uasset" 186
"../../../Engine/Content/Tutorial/Paper2D/TutorialAssets/Paper2DFlipbook_TutorialIcon.uasset" 187
"../../../Engine/Content/Tutorial/Paper2D/TutorialAssets/Paper2DSprite_TutorialIcon.uasset" 188
"../../../Engine/Content/Tutorial/SubEditors/TutorialAssets/icon_Editor_Preferences_General_40x.uasset" 189
"../../../Engine/Content/Tutorial/SubEditors/TutorialAssets/icon_ShowSkeletalMeshes_40x.uasset" 190
"../../../Engine/Content/Tutorial/SubEditors/TutorialAssets/TutorialMaterial.uasset" 191
"../../../Engine/Content/Tutorial/SubEditors/TutorialAssets/T_SmokeSubUV_8X8.uasset" 192
"../../../Engine/Content/Tutorial/SubEditors/TutorialAssets/T_soft_smoke.uasset" 193
"../../../Engine/Content/Tutorial/SubEditors/TutorialAssets/M_smoke_subUV_blackbody.uasset" 194
"../../../Engine/Content/Tutorial/SubEditors/TutorialAssets/TutorialParticleSystem.uasset" 195
"../../../Engine/Content/VREditor/Devices/Generic/GenericHMDMaterial.uasset" 196
"../../../Engine/Content/VREditor/Devices/Generic/GenericHMD.uasset" 197
"../../../Engine/Content/Functions/Engine_MaterialFunctions02/Utility/BreakOutFloat3Components.uasset" 198
"../../../Engine/Content/VREditor/Devices/Vive/VivePreController_MasksB.uasset" 199
"../../../Engine/Content/VREditor/Devices/Oculus/OculusControllerMaterial.uasset" 200
"../../../Engine/Content/VREditor/Devices/Oculus/OculusControllerMaterial_Inst.uasset" 201
"../../../Engine/Content/VREditor/Devices/Oculus/OculusControllerMesh.uasset" 202
"../../../Engine/Content/VREditor/Devices/Vive/T_VivePreController_EM.uasset" 203
"../../../Engine/Content/VREditor/Devices/Vive/VivePreController_MasksA.uasset" 204
"../../../Engine/Content/VREditor/Devices/Vive/VivePreControllerDiffuse.uasset" 205
"../../../Engine/Content/VREditor/Devices/Vive/VivePreControllerSpec.uasset" 206
"../../../Engine/Content/VREditor/LaserPointer/VR_LaserPower_01.uasset" 207
"../../../Engine/Content/VREditor/Devices/Vive/VivePreControllerMaterial.uasset" 208
"../../../Engine/Content/VREditor/Devices/Vive/VivePreControllerMaterial_Inst.uasset" 209
"../../../Engine/Content/VREditor/Devices/Vive/VivePreControllerMesh.uasset" 210
"../../../Engine/Content/VREditor/FloatingText/LineMaterial.uasset" 211
"../../../Engine/Content/VREditor/FloatingText/JointSphere.uasset" 212
"../../../Engine/Content/VREditor/FloatingText/LineSegmentCylinder.uasset" 213
"../../../Engine/Content/VREditor/Fonts/VRText_RobotoLarge.uasset" 214
"../../../Engine/Content/VREditor/Fonts/VRTextMaterial.uasset" 215
"../../../Engine/Content/VREditor/Fonts/TranslucentVRTextMaterial.uasset" 216
"../../../Engine/Content/VREditor/LaserPointer/CursorPointer.uasset" 217
"../../../Engine/Content/VREditor/TransformGizmo/TransformGizmoMaterial.uasset" 218
"../../../Engine/Content/VREditor/LaserPointer/HoverMaterial.uasset" 219
"../../../Engine/Content/VREditor/TransformGizmo/TranslucentTransformGizmoMaterial.uasset" 220
"../../../Engine/Content/VREditor/LaserPointer/TranslucentHoverMaterial.uasset" 221
"../../../Engine/Content/VREditor/LaserPointer/HoverMesh.uasset" 222
"../../../Engine/Content/VREditor/LaserPointer/LaserPointerMaterial.uasset" 223
"../../../Engine/Content/VREditor/LaserPointer/LaserPointerMaterialInst.uasset" 224
"../../../Engine/Content/VREditor/LaserPointer/TranslucentLaserPointerMaterialInst.uasset" 225
"../../../Engine/Content/VREditor/LaserPointer/LaserPointerMesh.uasset" 226
"../../../Engine/Content/VREditor/LaserPointer/LaserPointerMesh_End.uasset" 227
"../../../Engine/Content/VREditor/LaserPointer/LaserPointerMesh_Start.uasset" 228
"../../../Engine/Content/VREditor/Sounds/VR_teleport.uasset" 229
"../../../Engine/Content/VREditor/Sounds/UI/Click_on_Button.uasset" 230
"../../../Engine/Content/VREditor/Sounds/UI/Click_on_Button_Cue.uasset" 231
"../../../Engine/Content/VREditor/Sounds/UI/Dockable_Window_Close.uasset" 232
"../../../Engine/Content/VREditor/Sounds/UI/Dockable_Window_Drop.uasset" 233
"../../../Engine/Content/VREditor/Sounds/UI/Dockable_Window_Open.uasset" 234
"../../../Engine/Content/VREditor/Sounds/UI/Dockable_Window_Pick_Up.uasset" 235
"../../../Engine/Content/VREditor/Sounds/UI/Drop_Item_From_ContentBrowser.uasset" 236
"../../../Engine/Content/VREditor/Sounds/UI/Floating_UI_Open-001.uasset" 237
"../../../Engine/Content/VREditor/Sounds/UI/Radial_Menu_FadeOut.uasset" 238
"../../../Engine/Content/VREditor/Sounds/UI/Teleport_Mode_Entered.uasset" 239
"../../../Engine/Content/VREditor/Teleport/TeleportDirectionMaterial.uasset" 240
"../../../Engine/Content/VREditor/Teleport/TeleportDirectionMaterial_Inst.uasset" 241
"../../../Engine/Content/VREditor/Teleport/TeleportDirectionMesh.uasset" 242
"../../../Engine/Content/VREditor/TransformGizmo/BoundingBoxCorner.uasset" 243
"../../../Engine/Content/VREditor/TransformGizmo/BoundingBoxEdge.uasset" 244
"../../../Engine/Content/VREditor/TransformGizmo/PlaneTranslationHandle.uasset" 245
"../../../Engine/Content/VREditor/TransformGizmo/Main.uasset" 246
"../../../Engine/Content/VREditor/TransformGizmo/Xray.uasset" 247
"../../../Engine/Content/VREditor/TransformGizmo/SM_Dialog_Close.uasset" 248
"../../../Engine/Content/VREditor/TransformGizmo/SM_Dialog_Move.uasset" 249
"../../../Engine/Content/VREditor/TransformGizmo/SM_Sequencer_Key.uasset" 250
"../../../Engine/Content/VREditor/TransformGizmo/SM_Sequencer_Node.uasset" 251
"../../../Engine/Content/VREditor/TransformGizmo/TransformGizmoMaterial_Inst.uasset" 252
"../../../Engine/Content/VREditor/TransformGizmo/TranslucentTransformGizmoMaterial_Inst.uasset" 253
"../../../Engine/Content/VREditor/Devices/Vive/UE4_Logo.uasset" 254
"../../../Engine/Content/VREditor/UI/M_ContentWindow.uasset" 255
"../../../Engine/Content/VREditor/UI/SM_ContentWindow_01.uasset" 256
"../../../Engine/Content/VREditor/UI/KeyDiskMaterial.uasset" 257
"../../../Engine/Content/VREditor/UI/DiscMaterial.uasset" 258
"../../../Engine/Content/VREditor/UI/SM_Radial_Disk.uasset" 259
"../../../Engine/Content/VREditor/UI/ArrowMaterial.uasset" 260
"../../../Engine/Content/VREditor/UI/SM_Radial_Pointer.uasset" 261
"../../../Engine/Content/Functions/Engine_MaterialFunctions01/Gradient/RadialGradient.uasset" 262
"../../../Engine/Content/VREditor/WorldMovementGrid/SimpleGrid.uasset" 263
"../../../Engine/Content/VREditor/WorldMovementGrid/GridMaterial.uasset" 264
"../../../Engine/Content/Functions/Engine_MaterialFunctions01/Density/ExponentialDensity.uasset" 265
"../../../Engine/Content/VREditor/WorldMovementGrid/GridPostProcess.uasset" 266
"../../../Engine/Content/EditorLandscapeResources/FlattenHeightMat.uasset" 267
"../../../Engine/Content/VREditor/WorldMovementGrid/PlaneMesh.uasset" 268
"../../Plugins/2D/Paper2D/Content/PlaceholderTextures/DummySpriteTexture.uasset" 269
"../../Plugins/2D/Paper2D/Content/DummySprite.uasset" 270
"../../Plugins/2D/Paper2D/Content/DefaultPaperTerrainMaterial.uasset" 271
"../../Plugins/2D/Paper2D/Content/MaskedUnlitSpriteMaterial.uasset" 272
"../../Plugins/2D/Paper2D/Content/OpaqueUnlitSpriteMaterial.uasset" 273
"../../Plugins/Media/MediaCompositing/Content/DefaultMediaPlaneTexture.uasset" 274
"../../Plugins/Media/MediaCompositing/Content/DefaultMediaPlaneMaterial.uasset" 275
"../../../Engine/Content/Functions/Engine_MaterialFunctions02/Utility/MakeFloat4.uasset" 276
"../../Plugins/Runtime/AppleARKit/Content/ARKitCameraMaterial.uasset" 277
"../../Plugins/Runtime/Oculus/OculusVR/Content/Textures/GearVRController_AO.uasset" 278
"../../Plugins/Runtime/Oculus/OculusVR/Content/Textures/GearVRController_Color.uasset" 279
"../../Plugins/Runtime/Oculus/OculusVR/Content/Textures/GearVRController_Normal.uasset" 280
"../../Plugins/Runtime/Oculus/OculusVR/Content/Materials/GearVRControllerMaterial.uasset" 281
"../../Plugins/Runtime/Oculus/OculusVR/Content/Meshes/GearVrController.uasset" 282
"../../../Engine/Content/EngineSky/C_Sky_Cloud_Color.uasset" 283
"../../../Engine/Content/EngineSky/C_Sky_Horizon_Color.uasset" 284
"../../../Engine/Content/EngineSky/C_Sky_Zenith_Color.uasset" 285
"../../../Engine/Content/EngineSky/T_Sky_Blue.uasset" 286
"../../../Engine/Content/EngineSky/T_Sky_Clouds_M.uasset" 287
"../../../Engine/Content/EngineSky/T_Sky_Stars.uasset" 288
"../../../Engine/Content/EngineSky/M_Sky_Panning_Clouds2.uasset" 289
"../../../Engine/Content/EngineSky/SM_SkySphere.uasset" 290
"../../../Engine/Content/EngineSky/BP_Sky_Sphere.uasset" 291
"C:/Users/Connor/Documents/Unreal Projects/WeaponWarehouse/Content/MainMenu_BuiltData.uasset" 292
"C:/Users/Connor/Documents/Unreal Projects/WeaponWarehouse/Content/ThirdPersonBP/Blueprints/Floor.uasset" 293
"../../../Engine/Content/MapTemplates/SM_Template_Map_Floor.uasset" 294
"C:/Users/Connor/Documents/Unreal Projects/WeaponWarehouse/Content/ThirdPersonBP/UI/PIXELED.uasset" 295
"C:/Users/Connor/Documents/Unreal Projects/WeaponWarehouse/Content/ThirdPersonBP/UI/PIXELED_Font.uasset" 296
"C:/Users/Connor/Documents/Unreal Projects/WeaponWarehouse/Content/ThirdPersonBP/UI/WeopWareLogo.uasset" 297
"C:/Users/Connor/Documents/Unreal Projects/WeaponWarehouse/Content/ThirdPersonBP/UI/WeopWareLogo_Sprite_0.uasset" 298
"C:/Users/Connor/Documents/Unreal Projects/WeaponWarehouse/Content/ThirdPersonBP/UI/MainMenuUi.uasset" 299
"C:/Users/Connor/Documents/Unreal Projects/WeaponWarehouse/Content/MainMenu.umap" 300
"C:/Users/Connor/Documents/Unreal Projects/WeaponWarehouse/Content/ThirdPersonBP/Blueprints/FloorTiles_Sprite_6.uasset" 301
"C:/Users/Connor/Documents/Unreal Projects/WeaponWarehouse/Content/ThirdPersonBP/Blueprints/RegularCrate_BP.uasset" 302
"C:/Users/Connor/Documents/Unreal Projects/WeaponWarehouse/Content/ThirdPersonBP/Blueprints/FloorTiles_Sprite_9.uasset" 303
"C:/Users/Connor/Documents/Unreal Projects/WeaponWarehouse/Content/ThirdPersonBP/Blueprints/RedCrate_BP.uasset" 304
"C:/Users/Connor/Documents/Unreal Projects/WeaponWarehouse/Content/ThirdPersonBP/Blueprints/AI_BasicEnemy.uasset" 305
"C:/Users/Connor/Documents/Unreal Projects/WeaponWarehouse/Content/ThirdPersonBP/Blueprints/BulletSprites.uasset" 306
"C:/Users/Connor/Documents/Unreal Projects/WeaponWarehouse/Content/ThirdPersonBP/Blueprints/BulletSprites_Sprite.uasset" 307
"C:/Users/Connor/Documents/Unreal Projects/WeaponWarehouse/Content/ThirdPersonBP/Blueprints/Projectile.uasset" 308
"C:/Users/Connor/Documents/Unreal Projects/WeaponWarehouse/Content/ThirdPersonBP/Blueprints/EnemyNukeSprites.uasset" 309
"C:/Users/Connor/Documents/Unreal Projects/WeaponWarehouse/Content/ThirdPersonBP/Blueprints/EnemyNukeSprites_EnemySprite_0.uasset" 310
"C:/Users/Connor/Documents/Unreal Projects/WeaponWarehouse/Content/ThirdPersonBP/Blueprints/EnemyIdle.uasset" 311
"C:/Users/Connor/Documents/Unreal Projects/WeaponWarehouse/Content/ThirdPersonBP/Blueprints/EnemyNukeSprites_EnemySprite_1.uasset" 312
"C:/Users/Connor/Documents/Unreal Projects/WeaponWarehouse/Content/ThirdPersonBP/Blueprints/EnemyNukeSprites_EnemySprite_10.uasset" 313
"C:/Users/Connor/Documents/Unreal Projects/WeaponWarehouse/Content/ThirdPersonBP/Blueprints/EnemyNukeSprites_EnemySprite_11.uasset" 314
"C:/Users/Connor/Documents/Unreal Projects/WeaponWarehouse/Content/ThirdPersonBP/Blueprints/EnemyNukeSprites_EnemySprite_2.uasset" 315
"C:/Users/Connor/Documents/Unreal Projects/WeaponWarehouse/Content/ThirdPersonBP/Blueprints/EnemyNukeSprites_EnemySprite_3.uasset" 316
"C:/Users/Connor/Documents/Unreal Projects/WeaponWarehouse/Content/ThirdPersonBP/Blueprints/EnemyNukeSprites_EnemySprite_4.uasset" 317
"C:/Users/Connor/Documents/Unreal Projects/WeaponWarehouse/Content/ThirdPersonBP/Blueprints/EnemyNukeSprites_EnemySprite_5.uasset" 318
"C:/Users/Connor/Documents/Unreal Projects/WeaponWarehouse/Content/ThirdPersonBP/Blueprints/EnemyNukeSprites_EnemySprite_6.uasset" 319
"C:/Users/Connor/Documents/Unreal Projects/WeaponWarehouse/Content/ThirdPersonBP/Blueprints/EnemyNukeSprites_EnemySprite_7.uasset" 320
"C:/Users/Connor/Documents/Unreal Projects/WeaponWarehouse/Content/ThirdPersonBP/Blueprints/EnemyNukeSprites_EnemySprite_8.uasset" 321
"C:/Users/Connor/Documents/Unreal Projects/WeaponWarehouse/Content/ThirdPersonBP/Blueprints/EnemyNukeSprites_EnemySprite_9.uasset" 322
"C:/Users/Connor/Documents/Unreal Projects/WeaponWarehouse/Content/ThirdPersonBP/Blueprints/EnemyRun.uasset" 323
"C:/Users/Connor/Documents/Unreal Projects/WeaponWarehouse/Content/ThirdPersonBP/Blueprints/EnemyCharacter.uasset" 324
"C:/Users/Connor/Documents/Unreal Projects/WeaponWarehouse/Content/ThirdPersonBP/Blueprints/CrossHairSprites.uasset" 325
"C:/Users/Connor/Documents/Unreal Projects/WeaponWarehouse/Content/ThirdPersonBP/Blueprints/CrossHairSprites_Sprite.uasset" 326
"C:/Users/Connor/Documents/Unreal Projects/WeaponWarehouse/Content/ThirdPersonBP/Blueprints/CrossHairSprites_Flipbook.uasset" 327
"C:/Users/Connor/Documents/Unreal Projects/WeaponWarehouse/Content/ThirdPersonBP/Blueprints/NuclearSprites.uasset" 328
"C:/Users/Connor/Documents/Unreal Projects/WeaponWarehouse/Content/ThirdPersonBP/Blueprints/NuclearSprites_Sprite_0.uasset" 329
"C:/Users/Connor/Documents/Unreal Projects/WeaponWarehouse/Content/ThirdPersonBP/Blueprints/Nuclear_Idle.uasset" 330
"C:/Users/Connor/Documents/Unreal Projects/WeaponWarehouse/Content/ThirdPersonBP/Blueprints/NuclearSprites_Sprite_1.uasset" 331
"C:/Users/Connor/Documents/Unreal Projects/WeaponWarehouse/Content/ThirdPersonBP/Blueprints/NuclearSprites_Sprite_10.uasset" 332
"C:/Users/Connor/Documents/Unreal Projects/WeaponWarehouse/Content/ThirdPersonBP/Blueprints/NuclearSprites_Sprite_11.uasset" 333
"C:/Users/Connor/Documents/Unreal Projects/WeaponWarehouse/Content/ThirdPersonBP/Blueprints/NuclearSprites_Sprite_2.uasset" 334
"C:/Users/Connor/Documents/Unreal Projects/WeaponWarehouse/Content/ThirdPersonBP/Blueprints/NuclearSprites_Sprite_3.uasset" 335
"C:/Users/Connor/Documents/Unreal Projects/WeaponWarehouse/Content/ThirdPersonBP/Blueprints/NuclearSprites_Sprite_4.uasset" 336
"C:/Users/Connor/Documents/Unreal Projects/WeaponWarehouse/Content/ThirdPersonBP/Blueprints/NuclearSprites_Sprite_5.uasset" 337
"C:/Users/Connor/Documents/Unreal Projects/WeaponWarehouse/Content/ThirdPersonBP/Blueprints/NuclearSprites_Sprite_6.uasset" 338
"C:/Users/Connor/Documents/Unreal Projects/WeaponWarehouse/Content/ThirdPersonBP/Blueprints/NuclearSprites_Sprite_7.uasset" 339
"C:/Users/Connor/Documents/Unreal Projects/WeaponWarehouse/Content/ThirdPersonBP/Blueprints/NuclearSprites_Sprite_8.uasset" 340
"C:/Users/Connor/Documents/Unreal Projects/WeaponWarehouse/Content/ThirdPersonBP/Blueprints/NuclearSprites_Sprite_9.uasset" 341
"C:/Users/Connor/Documents/Unreal Projects/WeaponWarehouse/Content/ThirdPersonBP/Blueprints/Nuclear_Run.uasset" 342
"C:/Users/Connor/Documents/Unreal Projects/WeaponWarehouse/Content/ThirdPersonBP/Blueprints/NuclearCharacter.uasset" 343
"C:/Users/Connor/Documents/Unreal Projects/WeaponWarehouse/Content/ThirdPersonBP/Blueprints/BackOfVan.uasset" 344
"C:/Users/Connor/Documents/Unreal Projects/WeaponWarehouse/Content/ThirdPersonBP/Blueprints/BackOfVan_Sprite.uasset" 345
"C:/Users/Connor/Documents/Unreal Projects/WeaponWarehouse/Content/ThirdPersonBP/Blueprints/UICards_UICards_0.uasset" 346
"C:/Users/Connor/Documents/Unreal Projects/WeaponWarehouse/Content/ThirdPersonBP/UI/OrderUI_Both.uasset" 347
"C:/Users/Connor/Documents/Unreal Projects/WeaponWarehouse/Content/ThirdPersonBP/Blueprints/UICards_UICards_3.uasset" 348
"C:/Users/Connor/Documents/Unreal Projects/WeaponWarehouse/Content/ThirdPersonBP/UI/OrderUI_Red.uasset" 349
"C:/Users/Connor/Documents/Unreal Projects/WeaponWarehouse/Content/ThirdPersonBP/Blueprints/UICards_UICards_1.uasset" 350
"C:/Users/Connor/Documents/Unreal Projects/WeaponWarehouse/Content/ThirdPersonBP/UI/OrderUI_Regular.uasset" 351
"C:/Users/Connor/Documents/Unreal Projects/WeaponWarehouse/Content/ThirdPersonBP/Blueprints/BackOfVan_BP.uasset" 352
"C:/Users/Connor/Documents/Unreal Projects/WeaponWarehouse/Content/ThirdPersonBP/Blueprints/FloorTiles_Sprite_14.uasset" 353
"C:/Users/Connor/Documents/Unreal Projects/WeaponWarehouse/Content/ThirdPersonBP/Blueprints/CrateSpawner.uasset" 354
"C:/Users/Connor/Documents/Unreal Projects/WeaponWarehouse/Content/WarehouseLevel_BuiltData.uasset" 355
"C:/Users/Connor/Documents/Unreal Projects/WeaponWarehouse/Content/Geometry/Meshes/1M_Cube.uasset" 356
"C:/Users/Connor/Documents/Unreal Projects/WeaponWarehouse/Content/Geometry/Meshes/TemplateFloor.uasset" 357
"C:/Users/Connor/Documents/Unreal Projects/WeaponWarehouse/Content/ThirdPersonBP/Blueprints/FloorTiles_Sprite_0.uasset" 358
"C:/Users/Connor/Documents/Unreal Projects/WeaponWarehouse/Content/ThirdPersonBP/Blueprints/FloorTiles_Sprite_1.uasset" 359
"C:/Users/Connor/Documents/Unreal Projects/WeaponWarehouse/Content/ThirdPersonBP/Blueprints/FloorTiles_Sprite_10.uasset" 360
"C:/Users/Connor/Documents/Unreal Projects/WeaponWarehouse/Content/ThirdPersonBP/Blueprints/FloorTiles_Sprite_16.uasset" 361
"C:/Users/Connor/Documents/Unreal Projects/WeaponWarehouse/Content/ThirdPersonBP/Blueprints/FloorTiles_Sprite_17.uasset" 362
"C:/Users/Connor/Documents/Unreal Projects/WeaponWarehouse/Content/ThirdPersonBP/Blueprints/FloorTiles_Sprite_4.uasset" 363
"C:/Users/Connor/Documents/Unreal Projects/WeaponWarehouse/Content/ThirdPersonBP/Blueprints/FloorTiles_Sprite_5.uasset" 364
"C:/Users/Connor/Documents/Unreal Projects/WeaponWarehouse/Content/WarehouseLevel.umap" 365
"C:/Users/Connor/Documents/Unreal Projects/WeaponWarehouse/Content/ThirdPersonBP/Maps/ThirdPersonExampleMap_BuiltData.uasset" 366
"C:/Users/Connor/Documents/Unreal Projects/WeaponWarehouse/Content/ThirdPersonBP/Maps/ThirdPersonExampleMap.umap" 367
"../../../Engine/Content/Maps/Entry.umap" 368
