Log file open, 08/12/18 10:20:54
LogWindows: Failed to load 'aqProf.dll' (GetLastError=126)
LogWindows: File 'aqProf.dll' does not exist
LogWindows: Failed to load 'VtuneApi.dll' (GetLastError=126)
LogWindows: File 'VtuneApi.dll' does not exist
LogWindows: Failed to load 'VtuneApi32e.dll' (GetLastError=126)
LogWindows: File 'VtuneApi32e.dll' does not exist
LogInit: Display: Running engine for game: Unforgiven
LogPlatformFile: Not using cached read wrapper
LogInit: Display: RandInit(1630161586) SRandInit(1630161586).
LogInit: Read version file with build ID '3944462'
LogInit: Overriding engine version to CL 4033788, compatible CL 3944462
LogInit: Registered custom module enumerator with build ID '3944462'
LogTaskGraph: Started task graph with 5 named threads and 23 total threads with 3 sets of task threads.
LogStats: Stats thread started at 1.141000
LogD3D11RHI: Aftermath initialized
LogICUInternationalization: Display: ICU TimeZone Detection - Raw Offset: +0:00, Platform Override: ''
LogModuleManager: Display: Found up-to-date module file ../../../Engine/Plugins/2D/Paper2D/Binaries/Win64/UE4Editor-Paper2D.dll (API version 3944462).
LogModuleManager: Display: Found up-to-date module file ../../../Engine/Plugins/2D/Paper2D/Binaries/Win64/UE4Editor-Paper2DEditor.dll (API version 3944462).
LogModuleManager: Display: Found up-to-date module file ../../../Engine/Plugins/2D/Paper2D/Binaries/Win64/UE4Editor-PaperSpriteSheetImporter.dll (API version 3944462).
LogModuleManager: Display: Found up-to-date module file ../../../Engine/Plugins/2D/Paper2D/Binaries/Win64/UE4Editor-PaperTiledImporter.dll (API version 3944462).
LogModuleManager: Display: Found up-to-date module file ../../../Engine/Plugins/2D/Paper2D/Binaries/Win64/UE4Editor-SmartSnapping.dll (API version 3944462).
LogModuleManager: Display: Found up-to-date module file ../../../Engine/Plugins/Blendables/LightPropagationVolume/Binaries/Win64/UE4Editor-LightPropagationVolumeRuntime.dll (API version 3944462).
LogModuleManager: Display: Found up-to-date module file ../../../Engine/Plugins/Blendables/LightPropagationVolume/Binaries/Win64/UE4Editor-LightPropagationVolumeEditor.dll (API version 3944462).
LogModuleManager: Display: Found up-to-date module file ../../../Engine/Plugins/Developer/CLionSourceCodeAccess/Binaries/Win64/UE4Editor-CLionSourceCodeAccess.dll (API version 3944462).
LogModuleManager: Display: Found up-to-date module file ../../../Engine/Plugins/Developer/GitSourceControl/Binaries/Win64/UE4Editor-GitSourceControl.dll (API version 3944462).
LogModuleManager: Display: Found up-to-date module file ../../../Engine/Plugins/Developer/PerforceSourceControl/Binaries/Win64/UE4Editor-PerforceSourceControl.dll (API version 3944462).
LogModuleManager: Display: Found up-to-date module file ../../../Engine/Plugins/Developer/SubversionSourceControl/Binaries/Win64/UE4Editor-SubversionSourceControl.dll (API version 3944462).
LogModuleManager: Display: Found up-to-date module file ../../../Engine/Plugins/Developer/UObjectPlugin/Binaries/Win64/UE4Editor-UObjectPlugin.dll (API version 3944462).
LogModuleManager: Display: Found up-to-date module file ../../../Engine/Plugins/Developer/VisualStudioCodeSourceCodeAccess/Binaries/Win64/UE4Editor-VisualStudioCodeSourceCodeAccess.dll (API version 3944462).
LogModuleManager: Display: Found up-to-date module file ../../../Engine/Plugins/Developer/VisualStudioSourceCodeAccess/Binaries/Win64/UE4Editor-VisualStudioSourceCodeAccess.dll (API version 3944462).
LogModuleManager: Display: Found up-to-date module file ../../../Engine/Plugins/Editor/AssetManagerEditor/Binaries/Win64/UE4Editor-AssetManagerEditor.dll (API version 3944462).
LogModuleManager: Display: Found up-to-date module file ../../../Engine/Plugins/Editor/CryptoKeys/Binaries/Win64/UE4Editor-CryptoKeys.dll (API version 3944462).
LogModuleManager: Display: Found up-to-date module file ../../../Engine/Plugins/Editor/CryptoKeys/Binaries/Win64/UE4Editor-CryptoKeysOpenSSL.dll (API version 3944462).
LogModuleManager: Display: Found up-to-date module file ../../../Engine/Plugins/Editor/DataValidation/Binaries/Win64/UE4Editor-DataValidation.dll (API version 3944462).
LogModuleManager: Display: Found up-to-date module file ../../../Engine/Plugins/Editor/FacialAnimation/Binaries/Win64/UE4Editor-FacialAnimation.dll (API version 3944462).
LogModuleManager: Display: Found up-to-date module file ../../../Engine/Plugins/Editor/FacialAnimation/Binaries/Win64/UE4Editor-FacialAnimationEditor.dll (API version 3944462).
LogModuleManager: Display: Found up-to-date module file ../../../Engine/Plugins/Editor/GameplayTagsEditor/Binaries/Win64/UE4Editor-GameplayTagsEditor.dll (API version 3944462).
LogModuleManager: Display: Found up-to-date module file ../../../Engine/Plugins/Editor/MobileLauncherProfileWizard/Binaries/Win64/UE4Editor-MobileLauncherProfileWizard.dll (API version 3944462).
LogModuleManager: Display: Found up-to-date module file ../../../Engine/Plugins/Editor/PluginBrowser/Binaries/Win64/UE4Editor-PluginBrowser.dll (API version 3944462).
LogModuleManager: Display: Found up-to-date module file ../../../Engine/Plugins/Editor/SpeedTreeImporter/Binaries/Win64/UE4Editor-SpeedTreeImporter.dll (API version 3944462).
LogModuleManager: Display: Found up-to-date module file ../../../Engine/Plugins/Enterprise/DatasmithContent/Binaries/Win64/UE4Editor-DatasmithContent.dll (API version 3944462).
LogModuleManager: Display: Found up-to-date module file ../../../Engine/Plugins/Experimental/AlembicImporter/Binaries/Win64/UE4Editor-AlembicImporter.dll (API version 3944462).
LogModuleManager: Display: Found up-to-date module file ../../../Engine/Plugins/Experimental/AlembicImporter/Binaries/Win64/UE4Editor-AlembicLibrary.dll (API version 3944462).
LogModuleManager: Display: Found up-to-date module file ../../../Engine/Plugins/Experimental/CharacterAI/Binaries/Win64/UE4Editor-CharacterAI.dll (API version 3944462).
LogModuleManager: Display: Found up-to-date module file ../../../Engine/Plugins/Experimental/HTML5Networking/Binaries/Win64/UE4Editor-HTML5Networking.dll (API version 3944462).
LogModuleManager: Display: Found up-to-date module file ../../../Engine/Plugins/Media/AndroidMedia/Binaries/Win64/UE4Editor-AndroidMediaEditor.dll (API version 3944462).
LogModuleManager: Display: Found up-to-date module file ../../../Engine/Plugins/Media/AndroidMedia/Binaries/Win64/UE4Editor-AndroidMediaFactory.dll (API version 3944462).
LogModuleManager: Display: Found up-to-date module file ../../../Engine/Plugins/Media/AvfMedia/Binaries/Win64/UE4Editor-AvfMediaEditor.dll (API version 3944462).
LogModuleManager: Display: Found up-to-date module file ../../../Engine/Plugins/Media/AvfMedia/Binaries/Win64/UE4Editor-AvfMediaFactory.dll (API version 3944462).
LogModuleManager: Display: Found up-to-date module file ../../../Engine/Plugins/Media/AvfMedia/Binaries/Win64/UE4Editor-AvfMediaFactory.dll (API version 3944462).
LogModuleManager: Display: Found up-to-date module file ../../../Engine/Plugins/Media/ImgMedia/Binaries/Win64/UE4Editor-ImgMedia.dll (API version 3944462).
LogModuleManager: Display: Found up-to-date module file ../../../Engine/Plugins/Media/ImgMedia/Binaries/Win64/UE4Editor-ImgMediaEditor.dll (API version 3944462).
LogModuleManager: Display: Found up-to-date module file ../../../Engine/Plugins/Media/ImgMedia/Binaries/Win64/UE4Editor-ImgMediaFactory.dll (API version 3944462).
LogModuleManager: Display: Found up-to-date module file ../../../Engine/Plugins/Media/ImgMedia/Binaries/Win64/UE4Editor-ImgMediaFactory.dll (API version 3944462).
LogModuleManager: Display: Found up-to-date module file ../../../Engine/Plugins/Media/ImgMedia/Binaries/Win64/UE4Editor-OpenExrWrapper.dll (API version 3944462).
LogModuleManager: Display: Found up-to-date module file ../../../Engine/Plugins/Media/LinearTimecode/Binaries/Win64/UE4Editor-LinearTimecode.dll (API version 3944462).
LogModuleManager: Display: Found up-to-date module file ../../../Engine/Plugins/Media/MediaCompositing/Binaries/Win64/UE4Editor-MediaCompositing.dll (API version 3944462).
LogModuleManager: Display: Found up-to-date module file ../../../Engine/Plugins/Media/MediaCompositing/Binaries/Win64/UE4Editor-MediaCompositingEditor.dll (API version 3944462).
LogModuleManager: Display: Found up-to-date module file ../../../Engine/Plugins/Media/MediaPlayerEditor/Binaries/Win64/UE4Editor-MediaPlayerEditor.dll (API version 3944462).
LogModuleManager: Display: Found up-to-date module file ../../../Engine/Plugins/Media/WmfMedia/Binaries/Win64/UE4Editor-WmfMedia.dll (API version 3944462).
LogModuleManager: Display: Found up-to-date module file ../../../Engine/Plugins/Media/WmfMedia/Binaries/Win64/UE4Editor-WmfMediaEditor.dll (API version 3944462).
LogModuleManager: Display: Found up-to-date module file ../../../Engine/Plugins/Media/WmfMedia/Binaries/Win64/UE4Editor-WmfMediaFactory.dll (API version 3944462).
LogModuleManager: Display: Found up-to-date module file ../../../Engine/Plugins/Media/WmfMedia/Binaries/Win64/UE4Editor-WmfMediaFactory.dll (API version 3944462).
LogModuleManager: Display: Found up-to-date module file ../../../Engine/Plugins/Messaging/TcpMessaging/Binaries/Win64/UE4Editor-TcpMessaging.dll (API version 3944462).
LogModuleManager: Display: Found up-to-date module file ../../../Engine/Plugins/Messaging/UdpMessaging/Binaries/Win64/UE4Editor-UdpMessaging.dll (API version 3944462).
LogModuleManager: Display: Found up-to-date module file ../../../Engine/Plugins/MovieScene/ActorSequence/Binaries/Win64/UE4Editor-ActorSequence.dll (API version 3944462).
LogModuleManager: Display: Found up-to-date module file ../../../Engine/Plugins/MovieScene/LevelSequenceEditor/Binaries/Win64/UE4Editor-LevelSequenceEditor.dll (API version 3944462).
LogModuleManager: Display: Found up-to-date module file ../../../Engine/Plugins/MovieScene/MatineeToLevelSequence/Binaries/Win64/UE4Editor-MatineeToLevelSequence.dll (API version 3944462).
LogModuleManager: Display: Found up-to-date module file ../../../Engine/Plugins/NetcodeUnitTest/NetcodeUnitTest/Binaries/Win64/UE4Editor-NetcodeUnitTest.dll (API version 3944462).
LogModuleManager: Display: Found up-to-date module file ../../../Engine/Plugins/NetcodeUnitTest/NUTUnrealEngine4/Binaries/Win64/UE4Editor-NUTUnrealEngine4.dll (API version 3944462).
LogModuleManager: Display: Found up-to-date module file ../../../Engine/Plugins/Online/OnlineSubsystem/Binaries/Win64/UE4Editor-OnlineSubsystem.dll (API version 3944462).
LogModuleManager: Display: Found up-to-date module file ../../../Engine/Plugins/Runtime/AndroidPermission/Binaries/Win64/UE4Editor-AndroidPermission.dll (API version 3944462).
LogModuleManager: Display: Found up-to-date module file ../../../Engine/Plugins/Online/OnlineSubsystemNull/Binaries/Win64/UE4Editor-OnlineSubsystemNull.dll (API version 3944462).
LogModuleManager: Display: Found up-to-date module file ../../../Engine/Plugins/Online/OnlineSubsystemUtils/Binaries/Win64/UE4Editor-OnlineSubsystemUtils.dll (API version 3944462).
LogModuleManager: Display: Found up-to-date module file ../../../Engine/Plugins/Online/OnlineSubsystemUtils/Binaries/Win64/UE4Editor-OnlineBlueprintSupport.dll (API version 3944462).
LogModuleManager: Display: Found up-to-date module file ../../../Engine/Plugins/Runtime/AndroidDeviceProfileSelector/Binaries/Win64/UE4Editor-AndroidDeviceProfileSelector.dll (API version 3944462).
LogModuleManager: Display: Found up-to-date module file ../../../Engine/Plugins/Runtime/AppleARKit/Binaries/Win64/UE4Editor-AppleARKit.dll (API version 3944462).
LogModuleManager: Display: Found up-to-date module file ../../../Engine/Plugins/Runtime/ProceduralMeshComponent/Binaries/Win64/UE4Editor-ProceduralMeshComponent.dll (API version 3944462).
LogModuleManager: Display: Found up-to-date module file ../../../Engine/Plugins/Runtime/ProceduralMeshComponent/Binaries/Win64/UE4Editor-ProceduralMeshComponentEditor.dll (API version 3944462).
LogModuleManager: Display: Found up-to-date module file ../../../Engine/Plugins/Animation/LiveLink/Binaries/Win64/UE4Editor-LiveLink.dll (API version 3944462).
LogModuleManager: Display: Found up-to-date module file ../../../Engine/Plugins/Animation/LiveLink/Binaries/Win64/UE4Editor-LiveLinkEditor.dll (API version 3944462).
LogModuleManager: Display: Found up-to-date module file ../../../Engine/Plugins/Runtime/ArchVisCharacter/Binaries/Win64/UE4Editor-ArchVisCharacter.dll (API version 3944462).
LogModuleManager: Display: Found up-to-date module file ../../../Engine/Plugins/Runtime/AudioCapture/Binaries/Win64/UE4Editor-AudioCapture.dll (API version 3944462).
LogModuleManager: Display: Found up-to-date module file ../../../Engine/Plugins/Runtime/AudioCapture/Binaries/Win64/UE4Editor-AudioCaptureEditor.dll (API version 3944462).
LogModuleManager: Display: Found up-to-date module file ../../../Engine/Plugins/Runtime/CableComponent/Binaries/Win64/UE4Editor-CableComponent.dll (API version 3944462).
LogModuleManager: Display: Found up-to-date module file ../../../Engine/Plugins/Runtime/CustomMeshComponent/Binaries/Win64/UE4Editor-CustomMeshComponent.dll (API version 3944462).
LogModuleManager: Display: Found up-to-date module file ../../../Engine/Plugins/Runtime/ExampleDeviceProfileSelector/Binaries/Win64/UE4Editor-ExampleDeviceProfileSelector.dll (API version 3944462).
LogModuleManager: Display: Found up-to-date module file ../../../Engine/Plugins/Runtime/ImmediatePhysics/Binaries/Win64/UE4Editor-ImmediatePhysics.dll (API version 3944462).
LogModuleManager: Display: Found up-to-date module file ../../../Engine/Plugins/Runtime/ImmediatePhysics/Binaries/Win64/UE4Editor-ImmediatePhysicsEditor.dll (API version 3944462).
LogModuleManager: Display: Found up-to-date module file ../../../Engine/Plugins/Runtime/LocationServicesBPLibrary/Binaries/Win64/UE4Editor-LocationServicesBPLibrary.dll (API version 3944462).
LogModuleManager: Display: Found up-to-date module file ../../../Engine/Plugins/Runtime/MobilePatchingUtils/Binaries/Win64/UE4Editor-MobilePatchingUtils.dll (API version 3944462).
LogModuleManager: Display: Found up-to-date module file ../../../Engine/Plugins/Runtime/Oculus/OculusVR/Binaries/Win64/UE4Editor-OculusHMD.dll (API version 3944462).
LogModuleManager: Display: Found up-to-date module file ../../../Engine/Plugins/Runtime/Oculus/OculusVR/Binaries/Win64/UE4Editor-OculusInput.dll (API version 3944462).
LogModuleManager: Display: Found up-to-date module file ../../../Engine/Plugins/Runtime/Oculus/OculusVR/Binaries/Win64/UE4Editor-OculusEditor.dll (API version 3944462).
LogModuleManager: Display: Found up-to-date module file ../../../Engine/Plugins/Runtime/PhysXVehicles/Binaries/Win64/UE4Editor-PhysXVehicles.dll (API version 3944462).
LogModuleManager: Display: Found up-to-date module file ../../../Engine/Plugins/Runtime/PhysXVehicles/Binaries/Win64/UE4Editor-PhysXVehiclesEditor.dll (API version 3944462).
LogModuleManager: Display: Found up-to-date module file ../../../Engine/Plugins/Runtime/RuntimePhysXCooking/Binaries/Win64/UE4Editor-RuntimePhysXCooking.dll (API version 3944462).
LogModuleManager: Display: Found up-to-date module file ../../../Engine/Plugins/Runtime/Steam/SteamVR/Binaries/Win64/UE4Editor-SteamVR.dll (API version 3944462).
LogModuleManager: Display: Found up-to-date module file ../../../Engine/Plugins/Runtime/Steam/SteamVR/Binaries/Win64/UE4Editor-SteamVRController.dll (API version 3944462).
LogModuleManager: Display: Found up-to-date module file ../../../Engine/Plugins/Runtime/WindowsMoviePlayer/Binaries/Win64/UE4Editor-WindowsMoviePlayer.dll (API version 3944462).
LogPluginManager: Mounting plugin Paper2D
LogPluginManager: Mounting plugin LiveLink
LogPluginManager: Mounting plugin LightPropagationVolume
LogPluginManager: Mounting plugin CLionSourceCodeAccess
LogPluginManager: Mounting plugin CodeLiteSourceCodeAccess
LogPluginManager: Mounting plugin GitSourceControl
LogPluginManager: Mounting plugin KDevelopSourceCodeAccess
LogPluginManager: Mounting plugin NullSourceCodeAccess
LogPluginManager: Mounting plugin PerforceSourceControl
LogPluginManager: Mounting plugin SubversionSourceControl
LogPluginManager: Mounting plugin UObjectPlugin
LogPluginManager: Mounting plugin VisualStudioCodeSourceCodeAccess
LogPluginManager: Mounting plugin VisualStudioSourceCodeAccess
LogPluginManager: Mounting plugin XCodeSourceCodeAccess
LogPluginManager: Mounting plugin AssetManagerEditor
LogPluginManager: Mounting plugin CryptoKeys
LogPluginManager: Mounting plugin DataValidation
LogPluginManager: Mounting plugin FacialAnimation
LogPluginManager: Mounting plugin GameplayTagsEditor
LogPluginManager: Mounting plugin MobileLauncherProfileWizard
LogPluginManager: Mounting plugin PluginBrowser
LogPluginManager: Mounting plugin SpeedTreeImporter
LogPluginManager: Mounting plugin DatasmithContent
LogPluginManager: Mounting plugin AlembicImporter
LogPluginManager: Mounting plugin CharacterAI
LogPluginManager: Mounting plugin HTML5Networking
LogPluginManager: Mounting plugin AndroidMedia
LogPluginManager: Mounting plugin AvfMedia
LogPluginManager: Mounting plugin ImgMedia
LogPluginManager: Mounting plugin LinearTimecode
LogPluginManager: Mounting plugin MediaCompositing
LogPluginManager: Mounting plugin MediaPlayerEditor
LogPluginManager: Mounting plugin WmfMedia
LogPluginManager: Mounting plugin TcpMessaging
LogPluginManager: Mounting plugin UdpMessaging
LogPluginManager: Mounting plugin ActorSequence
LogPluginManager: Mounting plugin LevelSequenceEditor
LogPluginManager: Mounting plugin MatineeToLevelSequence
LogPluginManager: Mounting plugin NetcodeUnitTest
LogPluginManager: Mounting plugin NUTUnrealEngine4
LogPluginManager: Mounting plugin OnlineSubsystemGooglePlay
LogPluginManager: Mounting plugin OnlineSubsystemIOS
LogPluginManager: Mounting plugin OnlineSubsystem
LogPluginManager: Mounting plugin OnlineSubsystemNull
LogPluginManager: Mounting plugin OnlineSubsystemUtils
LogPluginManager: Mounting plugin AndroidDeviceProfileSelector
LogPluginManager: Mounting plugin AndroidMoviePlayer
LogPluginManager: Mounting plugin AndroidPermission
LogPluginManager: Mounting plugin AppleARKit
LogPluginManager: Mounting plugin AppleMoviePlayer
LogPluginManager: Mounting plugin ArchVisCharacter
LogPluginManager: Mounting plugin AudioCapture
LogPluginManager: Mounting plugin CableComponent
LogPluginManager: Mounting plugin CustomMeshComponent
LogPluginManager: Mounting plugin ExampleDeviceProfileSelector
LogPluginManager: Mounting plugin GoogleCloudMessaging
LogPluginManager: Mounting plugin ImmediatePhysics
LogPluginManager: Mounting plugin IOSDeviceProfileSelector
LogPluginManager: Mounting plugin LinuxDeviceProfileSelector
LogPluginManager: Mounting plugin LocationServicesBPLibrary
LogPluginManager: Mounting plugin MobilePatchingUtils
LogPluginManager: Mounting plugin OculusVR
LogPluginManager: Plugin shader directory ../../../Engine/Plugins/Runtime/Oculus/OculusVR/Shaders found
LogPluginManager: Mapping shader source directory ../../../Engine/Plugins/Runtime/Oculus/OculusVR/Shaders to virtual directory /Plugin/OculusVR
LogPluginManager: Mounting plugin PhysXVehicles
LogPluginManager: Mounting plugin ProceduralMeshComponent
LogPluginManager: Mounting plugin RuntimePhysXCooking
LogPluginManager: Mounting plugin SteamVR
LogPluginManager: Mounting plugin WindowsMoviePlayer
LogStreaming: Display: Took  3.003s to configure plugins.
LogInit: Using libcurl 7.47.1
LogInit:  - built for x86_64-pc-win32
LogInit:  - supports SSL with OpenSSL/1.0.2g
LogInit:  - supports HTTP deflate (compression) using libz 1.2.8
LogInit:  - other features:
LogInit:      CURL_VERSION_SSL
LogInit:      CURL_VERSION_LIBZ
LogInit:      CURL_VERSION_IPV6
LogInit:      CURL_VERSION_ASYNCHDNS
LogInit:      CURL_VERSION_LARGEFILE
LogInit:      CURL_VERSION_IDN
LogInit:  CurlRequestOptions (configurable via config and command line):
LogInit:  - bVerifyPeer = false  - Libcurl will NOT verify peer certificate
LogInit:  - bUseHttpProxy = false  - Libcurl will NOT use HTTP proxy
LogInit:  - bDontReuseConnections = false  - Libcurl will reuse connections
LogInit:  - CertBundlePath = nullptr  - Libcurl will use whatever was configured at build time.
LogInit:  - MaxHostConnections = 16  - Libcurl will limit the number of connections to a host
LogInit:  - LocalHostAddr = Default
LogInit: WinSock: version 1.1 (2.2), MaxSocks=32767, MaxUdp=65467
LogInit: WinSock: I am Connor-PC (192.168.1.68:0)
LogInit: Build: ++UE4+Release-4.19-CL-4033788
LogInit: Engine Version: 4.19.2-4033788+++UE4+Release-4.19
LogInit: Compatible Engine Version: 4.19.0-3944462+++UE4+Release-4.19
LogInit: Net CL: 3944462
LogDevObjectVersion: Number of dev versions registered: 18
LogDevObjectVersion:   Dev-Blueprints (B0D832E4-1F89-4F0D-ACCF-7EB736FD4AA2): 10
LogDevObjectVersion:   Dev-Build (E1C64328-A22C-4D53-A36C-8E866417BD8C): 0
LogDevObjectVersion:   Dev-Core (375EC13C-06E4-48FB-B500-84F0262A717E): 2
LogDevObjectVersion:   Dev-Editor (E4B068ED-F494-42E9-A231-DA0B2E46BB41): 23
LogDevObjectVersion:   Dev-Framework (CFFC743F-43B0-4480-9391-14DF171D2073): 33
LogDevObjectVersion:   Dev-Mobile (B02B49B5-BB20-44E9-A304-32B752E40360): 2
LogDevObjectVersion:   Dev-Networking (A4E4105C-59A1-49B5-A7C5-40C4547EDFEE): 0
LogDevObjectVersion:   Dev-Online (39C831C9-5AE6-47DC-9A44-9C173E1C8E7C): 0
LogDevObjectVersion:   Dev-Physics (78F01B33-EBEA-4F98-B9B4-84EACCB95AA2): 0
LogDevObjectVersion:   Dev-Platform (6631380F-2D4D-43E0-8009-CF276956A95A): 0
LogDevObjectVersion:   Dev-Rendering (12F88B9F-8875-4AFC-A67C-D90C383ABD29): 25
LogDevObjectVersion:   Dev-Sequencer (7B5AE74C-D270-4C10-A958-57980B212A5A): 6
LogDevObjectVersion:   Dev-VR (D7296918-1DD6-4BDD-9DE2-64A83CC13884): 1
LogDevObjectVersion:   Dev-LoadTimes (C2A15278-BFE7-4AFE-6C17-90FF531DF755): 1
LogDevObjectVersion:   Private-Geometry (6EACA3D4-40EC-4CC1-B786-8BED09428FC5): 2
LogDevObjectVersion:   Dev-AnimPhys (29E575DD-E0A3-4627-9D10-D276232CDCEA): 16
LogDevObjectVersion:   Dev-ReflectionCapture (6B266CEC-1EC7-4B8F-A30B-E4D90942FC07): 1
LogDevObjectVersion:   Dev-Automation (0DF73D61-A23F-47EA-B727-89E90C41499A): 1
LogInit: Compiled (64-bit): Apr 27 2018 02:06:57
LogInit: Compiled with Visual C++: 19.00.24215.01
LogInit: Build Configuration: Development
LogInit: Branch Name: ++UE4+Release-4.19
LogInit: Command Line:  /Game/WarehouseLevel -game -PIEVIACONSOLE -ResX=1920 -ResY=1080  -Multiprocess -messaging -SessionName="Play in Standalone Game" -windowed -ForceRes 
LogInit: Base Directory: D:/UE4/Unreal Engine/UE_4.19/Engine/Binaries/Win64/
LogInit: Installed Engine Build: 1
LogStreaming: Display: Took  0.003s to delete old logs.
LogInit: Presizing for max 8388607 objects, including 0 objects not considered by GC, pre-allocating 0 bytes for permanent pool.
LogInit: Object subsystem initialized
[2018.08.12-09.20.58:737][  0]LogInit: Selected Device Profile: [Windows]
[2018.08.12-09.20.58:737][  0]LogInit: Applying CVar settings loaded from the selected device profile: [Windows]
[2018.08.12-09.20.58:777][  0]LogInit: Computer: CONNOR-PC
[2018.08.12-09.20.58:777][  0]LogInit: User: Connor
[2018.08.12-09.20.58:777][  0]LogInit: CPU Page size=4096, Cores=4
[2018.08.12-09.20.58:777][  0]LogInit: High frequency timer resolution =2.602382 MHz
[2018.08.12-09.20.58:778][  0]LogMemory: Memory total: Physical=12.0GB (12GB approx)
[2018.08.12-09.20.58:778][  0]LogMemory: Platform Memory Stats for Windows
[2018.08.12-09.20.58:778][  0]LogMemory: Process Physical Memory: 276.74 MB used, 276.74 MB peak
[2018.08.12-09.20.58:778][  0]LogMemory: Process Virtual Memory: 268.40 MB used, 268.40 MB peak
[2018.08.12-09.20.58:778][  0]LogMemory: Physical Memory: 10542.81 MB used,  1743.62 MB free, 12286.43 MB total
[2018.08.12-09.20.58:778][  0]LogMemory: Virtual Memory: 642.27 MB used,  1743.62 MB free, 8388608.00 MB total
[2018.08.12-09.20.59:133][  0]LogInit: Using OS detected language (en-GB).
[2018.08.12-09.20.59:133][  0]LogInit: Using OS detected locale (en-GB).
[2018.08.12-09.20.59:133][  0]LogTextLocalizationManager: No localization for 'en-GB' exists, so 'en' will be used for the language.
[2018.08.12-09.20.59:133][  0]LogTextLocalizationManager: No localization for 'en-GB' exists, so 'en' will be used for the locale.
[2018.08.12-09.21.00:233][  0]LogStreaming: Display: Took  1.101s to EndInitTextLocalization.
[2018.08.12-09.21.00:578][  0]LogSlate: New Slate User Created.  User Index 0, Is Virtual User: 0
[2018.08.12-09.21.00:578][  0]LogSlate: Slate User Registered.  User Index 0, Is Virtual User: 0
[2018.08.12-09.21.00:584][  0]LogD3D11RHI: D3D11 adapters:
[2018.08.12-09.21.00:616][  0]LogD3D11RHI:    0. 'NVIDIA GeForce GTX 480' (Feature Level 11_0)
[2018.08.12-09.21.00:616][  0]LogD3D11RHI:       1489/0/2559 MB DedicatedVideo/DedicatedSystem/SharedSystem, Outputs:2, VendorId:0x10de
[2018.08.12-09.21.00:616][  0]LogD3D11RHI: Chosen D3D11 Adapter: 0
[2018.08.12-09.21.00:665][  0]LogD3D11RHI: Creating new Direct3DDevice
[2018.08.12-09.21.00:666][  0]LogD3D11RHI:     GPU DeviceId: 0x6c0 (for the marketing name, search the web for "GPU Device Id")
[2018.08.12-09.21.00:666][  0]LogWindows: EnumDisplayDevices:
[2018.08.12-09.21.00:666][  0]LogWindows:    0. 'NVIDIA GeForce GTX 480' (P:1 D:1)
[2018.08.12-09.21.00:666][  0]LogWindows:    1. 'NVIDIA GeForce GTX 480' (P:0 D:1)
[2018.08.12-09.21.00:666][  0]LogWindows:    2. 'RDPDD Chained DD' (P:0 D:0)
[2018.08.12-09.21.00:666][  0]LogWindows:    3. 'RDP Encoder Mirror Driver' (P:0 D:0)
[2018.08.12-09.21.00:667][  0]LogWindows:    4. 'RDP Reflector Display Driver' (P:0 D:0)
[2018.08.12-09.21.00:667][  0]LogWindows: DebugString: GetVideoDriverDetailsInvalid PrimaryIsNotTheChoosenAdapter GetVideoDriverDetailsInvalid PrimaryIsNotTheChoosenAdapter GetVideoDriverDetailsInvalid PrimaryIsNotTheChoosenAdapter FoundDriverCount:2 
[2018.08.12-09.21.00:667][  0]LogD3D11RHI:     Adapter Name: NVIDIA GeForce GTX 480
[2018.08.12-09.21.00:667][  0]LogD3D11RHI:   Driver Version: 388.59 (internal:23.21.13.8859, unified:388.59)
[2018.08.12-09.21.00:667][  0]LogD3D11RHI:      Driver Date: 12-5-2017
[2018.08.12-09.21.00:667][  0]LogRHI: Texture pool is 1042 MB (70% of 1489 MB)
[2018.08.12-09.21.00:679][  0]LogD3D11RHI: Display: Timestamp queries are currently disabled on this hardware due to instability. Realtime GPU stats will not be available. You can override this behaviour by setting r.NVIDIATimestampWorkaround to 0
[2018.08.12-09.21.00:679][  0]LogD3D11RHI: [Aftermath] Aftermath enabled and primed
[2018.08.12-09.21.00:680][  0]LogD3D11RHI: [Aftermath] Aftermath enabled and primed
[2018.08.12-09.21.00:680][  0]LogD3D11RHI: Async texture creation enabled
[2018.08.12-09.21.00:698][  0]LogD3D11RHI: GPU Timing Frequency: 1000.000000 (Debug: 2 2)
[2018.08.12-09.21.00:703][  0]LogShaderCompilers: Guid format shader working directory is -6 characters bigger than the processId version (C:/Users/Connor/Documents/Unreal Projects/Unforgiven/Intermediate/Shaders/WorkingDirectory/19836/).
[2018.08.12-09.21.00:704][  0]LogShaderCompilers: Cleaned the shader compiler working directory 'C:/Users/Connor/AppData/Local/Temp/UnrealShaderWorkingDir/ACF219964A1BE1063E4D638C5BF9F196/'.
[2018.08.12-09.21.01:490][  0]LogTemp: Display: Loaded TP WindowsClientTargetPlatform
[2018.08.12-09.21.01:518][  0]LogTemp: Display: Loaded TP WindowsNoEditorTargetPlatform
[2018.08.12-09.21.01:545][  0]LogTemp: Display: Loaded TP WindowsServerTargetPlatform
[2018.08.12-09.21.01:560][  0]LogTemp: Display: Loaded TP WindowsTargetPlatform
[2018.08.12-09.21.01:560][  0]LogTargetPlatformManager: Display: Building Assets For Windows
[2018.08.12-09.21.02:203][  0]LogXGEController: Cannot use XGE Controller as Incredibuild is not installed on this machine.
[2018.08.12-09.21.02:203][  0]LogShaderCompilers: Cannot use XGE Shader Compiler as Incredibuild is not installed on this machine.
[2018.08.12-09.21.02:203][  0]LogShaderCompilers: Display: Using Local Shader Compiler.
[2018.08.12-09.21.04:385][  0]LogDerivedDataCache: Display: Max Cache Size: 512 MB
[2018.08.12-09.21.04:839][  0]LogDerivedDataCache: Loaded boot cache 0.45s 74MB C:/Users/Connor/AppData/Local/UnrealEngine/4.19/DerivedDataCache/Boot.ddc.
[2018.08.12-09.21.04:839][  0]LogDerivedDataCache: Display: Loaded Boot cache: C:/Users/Connor/AppData/Local/UnrealEngine/4.19/DerivedDataCache/Boot.ddc
[2018.08.12-09.21.04:840][  0]LogDerivedDataCache: FDerivedDataBackendGraph:  Pak pak cache file C:/Users/Connor/Documents/Unreal Projects/Unforgiven/DerivedDataCache/DDC.ddp not found, will not use a pak cache.
[2018.08.12-09.21.04:840][  0]LogDerivedDataCache: Unable to find inner node Pak for hierarchical cache Hierarchy.
[2018.08.12-09.21.04:840][  0]LogDerivedDataCache: FDerivedDataBackendGraph:  CompressedPak pak cache file C:/Users/Connor/Documents/Unreal Projects/Unforgiven/DerivedDataCache/Compressed.ddp not found, will not use a pak cache.
[2018.08.12-09.21.04:840][  0]LogDerivedDataCache: Unable to find inner node CompressedPak for hierarchical cache Hierarchy.
[2018.08.12-09.21.04:871][  0]LogDerivedDataCache: Display: Pak cache opened for reading ../../../Engine/DerivedDataCache/Compressed.ddp.
[2018.08.12-09.21.04:883][  0]LogDerivedDataCache: Using Local data cache path C:/Users/Connor/AppData/Local/UnrealEngine/Common/DerivedDataCache: Writable
[2018.08.12-09.21.04:883][  0]LogDerivedDataCache: Shared data cache path not found in *engine.ini, will not use an Shared cache.
[2018.08.12-09.21.04:883][  0]LogDerivedDataCache: Unable to find inner node Shared for hierarchical cache Hierarchy.
[2018.08.12-09.21.04:907][  0]LogMaterial: Verifying Global Shaders for PCD3D_SM5
[2018.08.12-09.21.04:930][  0]LogSlate: Using Freetype 2.6.0
[2018.08.12-09.21.04:982][  0]LogSlate: SlateFontCache - WITH_FREETYPE: 1, WITH_HARFBUZZ: 1
[2018.08.12-09.21.04:982][  0]LogSlate: SlateFontCache - WITH_FREETYPE: 1, WITH_HARFBUZZ: 1
[2018.08.12-09.21.08:655][  0]LogAssetRegistry: FAssetRegistry took 0.0072 seconds to start up
[2018.08.12-09.21.09:251][  0]LogPackageLocalizationCache: Processed 9 localized package path(s) for 1 prioritized culture(s) in 0.015646 seconds
[2018.08.12-09.21.09:436][  0]LogInit: Selected Device Profile: [Windows]
[2018.08.12-09.21.09:937][  0]LogSimplygon: Simplygon DLL not present - disabling.
[2018.08.12-09.21.09:956][  0]LogMeshReduction: Using SimplygonSwarm for distributed automatic mesh merging
[2018.08.12-09.21.09:956][  0]LogMeshReduction: Using QuadricMeshReduction for automatic static mesh reduction
[2018.08.12-09.21.09:956][  0]LogMeshReduction: No automatic skeletal mesh reduction module available
[2018.08.12-09.21.09:956][  0]LogMeshReduction: No automatic mesh merging module available
[2018.08.12-09.21.09:956][  0]LogMeshMerging: No automatic mesh merging module available
[2018.08.12-09.21.10:000][  0]LogNetVersion: Unforgiven , NetCL: 3944462, EngineNetVer: 2, GameNetVer: 0 (Checksum: 513794330)
[2018.08.12-09.21.11:912][  0]LogMoviePlayer: Initializing movie player
[2018.08.12-09.21.12:595][  0]LogTcpMessaging: Initializing TcpMessaging bridge
[2018.08.12-09.21.12:652][  0]LogUdpMessaging: Initializing bridge on interface 0.0.0.0:0 to multicast group 230.0.0.1:6666.
[2018.08.12-09.21.13:160][  0]SourceControl: Source control is disabled
[2018.08.12-09.21.13:160][  0]SourceControl: Source control is disabled
[2018.08.12-09.21.13:213][  0]SourceControl: Source control is disabled
[2018.08.12-09.21.13:958][  0]LogAndroidPermission: UAndroidPermissionCallbackProxy::GetInstance
[2018.08.12-09.21.14:318][  0]LogOcInput: OculusInput pre-init called
[2018.08.12-09.21.14:391][  0]LogUObjectArray: 40124 objects as part of root set at end of initial load.
[2018.08.12-09.21.14:391][  0]LogUObjectAllocator: 8364200 out of 0 bytes used by permanent object pool.
[2018.08.12-09.21.14:391][  0]LogUObjectArray: CloseDisregardForGC: 0/0 objects in disregard for GC pool
[2018.08.12-09.21.14:749][  0]LogEngine: Initializing Engine...
[2018.08.12-09.21.14:820][  0]LogHMD: Failed to initialize OpenVR with code 105
[2018.08.12-09.21.14:833][  0]LogStats: UGameplayTagsManager::ConstructGameplayTagTree: Construct from data asset -  0.000 s
[2018.08.12-09.21.14:833][  0]LogStats: UGameplayTagsManager::ConstructGameplayTagTree: GameplayTagTreeChangedEvent.Broadcast -  0.000 s
[2018.08.12-09.21.15:170][  0]LogInit: XAudio2 using 'Speakers (3- Line 6 UX2)' : 2 channels at 44.1 kHz using 16 bits per sample (channel mask 0x3)
[2018.08.12-09.21.15:202][  0]LogInit: FAudioDevice initialized.
[2018.08.12-09.21.15:224][  0]LogInit: Texture streaming: Enabled
[2018.08.12-09.21.15:740][  0]LogInit: Display: Game Engine Initialized.
[2018.08.12-09.21.15:740][  0]LogGameplayTags: Display: UGameplayTagsManager::DoneAddingNativeTags. DelegateIsBound: 0
[2018.08.12-09.21.15:740][  0]LogStats: UGameplayTagsManager::ConstructGameplayTagTree: Construct from data asset -  0.000 s
[2018.08.12-09.21.15:740][  0]LogStats: UGameplayTagsManager::ConstructGameplayTagTree: GameplayTagTreeChangedEvent.Broadcast -  0.000 s
[2018.08.12-09.21.15:936][  0]LogInit: Display: Starting Game.
[2018.08.12-09.21.15:952][  0]LogNet: Browse: /Game/WarehouseLevel?Name=Player
[2018.08.12-09.21.15:954][  0]LogLoad: LoadMap: /Game/WarehouseLevel?Name=Player
[2018.08.12-09.21.16:036][  0]LogUObjectGlobals: Created PersistentFrame Addr=0x0000000039623e00, Size=480, Default__WarehouseLevel_C Function /Game/WarehouseLevel.WarehouseLevel_C:ExecuteUbergraph_WarehouseLevel
[2018.08.12-09.21.16:038][  0]LogUObjectGlobals: Created PersistentFrame Addr=0x0000000038e72178, Size=4, Default__CrateSpawner_C Function /Game/ThirdPersonBP/Blueprints/CrateSpawner.CrateSpawner_C:ExecuteUbergraph_CrateSpawner
[2018.08.12-09.21.16:045][  0]LogUObjectGlobals: Created PersistentFrame Addr=0x0000000038e721e0, Size=4, Default__RedCrate_BP_C Function /Game/ThirdPersonBP/Blueprints/RedCrate_BP.RedCrate_BP_C:ExecuteUbergraph_RedCrate_BP
[2018.08.12-09.21.16:051][  0]LogUObjectGlobals: Created PersistentFrame Addr=0x0000000039641900, Size=752, Default__RegularCrate_BP_C Function /Game/ThirdPersonBP/Blueprints/RegularCrate_BP.RegularCrate_BP_C:ExecuteUbergraph_RegularCrate_BP
[2018.08.12-09.21.16:205][  0]LogUObjectGlobals: Destroyed PersistentFrame Addr=0x0000000038e72178, Size=4
[2018.08.12-09.21.16:205][  0]LogUObjectGlobals: Created PersistentFrame Addr=0x00000000314df7a8, Size=4, Default__CrateSpawner_C Function /Engine/Transient.REINST_CrateSpawner_C_3:ExecuteUbergraph_CrateSpawner
[2018.08.12-09.21.16:205][  0]LogUObjectGlobals: Destroyed PersistentFrame Addr=0x0000000038e721e0, Size=4
[2018.08.12-09.21.16:205][  0]LogUObjectGlobals: Created PersistentFrame Addr=0x00000000314df798, Size=4, Default__RedCrate_BP_C Function /Engine/Transient.REINST_RedCrate_BP_C_4:ExecuteUbergraph_RedCrate_BP
[2018.08.12-09.21.16:206][  0]LogUObjectGlobals: Destroyed PersistentFrame Addr=0x0000000039641900, Size=752
[2018.08.12-09.21.16:206][  0]LogUObjectGlobals: Created PersistentFrame Addr=0x0000000031511f00, Size=752, Default__RegularCrate_BP_C Function /Engine/Transient.REINST_RegularCrate_BP_C_5:ExecuteUbergraph_RegularCrate_BP
[2018.08.12-09.21.16:237][  0]LogUObjectGlobals: Created PersistentFrame Addr=0x00000000314dde58, Size=4, Default__CrateSpawner_C Function /Game/ThirdPersonBP/Blueprints/CrateSpawner.CrateSpawner_C:ExecuteUbergraph_CrateSpawner
[2018.08.12-09.21.16:237][  0]LogUObjectGlobals: Created PersistentFrame Addr=0x00000000314dde28, Size=4, Default__RedCrate_BP_C Function /Game/ThirdPersonBP/Blueprints/RedCrate_BP.RedCrate_BP_C:ExecuteUbergraph_RedCrate_BP
[2018.08.12-09.21.16:239][  0]LogUObjectGlobals: Created PersistentFrame Addr=0x000000003929d000, Size=752, Default__RegularCrate_BP_C Function /Game/ThirdPersonBP/Blueprints/RegularCrate_BP.RegularCrate_BP_C:ExecuteUbergraph_RegularCrate_BP
[2018.08.12-09.21.16:253][  0]LogUObjectGlobals: Destroyed PersistentFrame Addr=0x0000000039623e00, Size=480
[2018.08.12-09.21.16:253][  0]LogUObjectGlobals: Created PersistentFrame Addr=0x00000000396e5200, Size=480, Default__WarehouseLevel_C Function /Engine/Transient.REINST_WarehouseLevel_C_11:ExecuteUbergraph_WarehouseLevel
[2018.08.12-09.21.16:262][  0]LogUObjectGlobals: Created PersistentFrame Addr=0x00000000396e7000, Size=480, Default__WarehouseLevel_C Function /Game/WarehouseLevel.WarehouseLevel_C:ExecuteUbergraph_WarehouseLevel
[2018.08.12-09.21.16:496][  0]LogAIModule: Creating AISystem for world WarehouseLevel
[2018.08.12-09.21.16:501][  0]LogUObjectGlobals: Created PersistentFrame Addr=0x0000000024463a00, Size=128, Default__ThirdPersonGameMode_C Function /Game/ThirdPersonBP/Blueprints/ThirdPersonGameMode.ThirdPersonGameMode_C:ExecuteUbergraph_ThirdPersonGameMode
[2018.08.12-09.21.16:504][  0]LogUObjectGlobals: Created PersistentFrame Addr=0x0000000020b14cc0, Size=288, Default__Health_C Function /Game/ThirdPersonBP/UI/Health.Health_C:ExecuteUbergraph_Health
[2018.08.12-09.21.16:512][  0]LogUObjectGlobals: Created PersistentFrame Addr=0x000000003904eb00, Size=1488, Default__NuclearCharacter_C Function /Game/ThirdPersonBP/Blueprints/NuclearCharacter.NuclearCharacter_C:ExecuteUbergraph_NuclearCharacter
[2018.08.12-09.21.16:516][  0]LogUObjectGlobals: Created PersistentFrame Addr=0x000000003907f400, Size=928, Default__EnemyCharacter_C Function /Game/ThirdPersonBP/Blueprints/EnemyCharacter.EnemyCharacter_C:ExecuteUbergraph_EnemyCharacter
[2018.08.12-09.21.16:517][  0]LogUObjectGlobals: Created PersistentFrame Addr=0x000000003962e840, Size=16, Default__Projectile_C Function /Game/ThirdPersonBP/Blueprints/Projectile.Projectile_C:ExecuteUbergraph_Projectile
[2018.08.12-09.21.16:523][  0]LogUObjectGlobals: Created PersistentFrame Addr=0x0000000039288c40, Size=96, Default__AI_BasicEnemy_C Function /Game/ThirdPersonBP/Blueprints/AI_BasicEnemy.AI_BasicEnemy_C:ExecuteUbergraph_AI_BasicEnemy
[2018.08.12-09.21.16:616][  0]LogUObjectGlobals: Destroyed PersistentFrame Addr=0x000000003962e840, Size=16
[2018.08.12-09.21.16:616][  0]LogUObjectGlobals: Created PersistentFrame Addr=0x000000003cb23230, Size=16, Default__Projectile_C Function /Engine/Transient.REINST_Projectile_C_13:ExecuteUbergraph_Projectile
[2018.08.12-09.21.16:617][  0]LogUObjectGlobals: Destroyed PersistentFrame Addr=0x0000000039288c40, Size=96
[2018.08.12-09.21.16:617][  0]LogUObjectGlobals: Created PersistentFrame Addr=0x00000000396cca00, Size=96, Default__AI_BasicEnemy_C Function /Engine/Transient.REINST_AI_BasicEnemy_C_14:ExecuteUbergraph_AI_BasicEnemy
[2018.08.12-09.21.16:617][  0]LogUObjectGlobals: Destroyed PersistentFrame Addr=0x0000000020b14cc0, Size=288
[2018.08.12-09.21.16:617][  0]LogUObjectGlobals: Created PersistentFrame Addr=0x000000003c66d800, Size=288, Default__Health_C Function /Engine/Transient.REINST_Health_C_1:ExecuteUbergraph_Health
[2018.08.12-09.21.16:618][  0]LogUObjectGlobals: Destroyed PersistentFrame Addr=0x0000000024463a00, Size=128
[2018.08.12-09.21.16:618][  0]LogUObjectGlobals: Created PersistentFrame Addr=0x000000003cb1fa00, Size=128, Default__ThirdPersonGameMode_C Function /Engine/Transient.REINST_ThirdPersonGameMode_C_15:ExecuteUbergraph_ThirdPersonGameMode
[2018.08.12-09.21.16:619][  0]LogUObjectGlobals: Destroyed PersistentFrame Addr=0x000000003907f400, Size=928
[2018.08.12-09.21.16:619][  0]LogUObjectGlobals: Created PersistentFrame Addr=0x000000003cac7c00, Size=928, Default__EnemyCharacter_C Function /Engine/Transient.REINST_EnemyCharacter_C_16:ExecuteUbergraph_EnemyCharacter
[2018.08.12-09.21.16:620][  0]LogUObjectGlobals: Destroyed PersistentFrame Addr=0x000000003904eb00, Size=1488
[2018.08.12-09.21.16:620][  0]LogUObjectGlobals: Created PersistentFrame Addr=0x000000003caaf200, Size=1488, Default__NuclearCharacter_C Function /Engine/Transient.REINST_NuclearCharacter_C_17:ExecuteUbergraph_NuclearCharacter
[2018.08.12-09.21.16:662][  0]LogUObjectGlobals: Created PersistentFrame Addr=0x000000003c9fdea0, Size=16, Default__Projectile_C Function /Game/ThirdPersonBP/Blueprints/Projectile.Projectile_C:ExecuteUbergraph_Projectile
[2018.08.12-09.21.16:663][  0]LogUObjectGlobals: Created PersistentFrame Addr=0x000000003c92f820, Size=96, Default__AI_BasicEnemy_C Function /Game/ThirdPersonBP/Blueprints/AI_BasicEnemy.AI_BasicEnemy_C:ExecuteUbergraph_AI_BasicEnemy
[2018.08.12-09.21.16:666][  0]LogUObjectGlobals: Created PersistentFrame Addr=0x000000003ca32700, Size=288, Default__Health_C Function /Game/ThirdPersonBP/UI/Health.Health_C:ExecuteUbergraph_Health
[2018.08.12-09.21.16:669][  0]LogUObjectGlobals: Created PersistentFrame Addr=0x000000003cb1c300, Size=128, Default__ThirdPersonGameMode_C Function /Game/ThirdPersonBP/Blueprints/ThirdPersonGameMode.ThirdPersonGameMode_C:ExecuteUbergraph_ThirdPersonGameMode
[2018.08.12-09.21.16:673][  0]LogUObjectGlobals: Created PersistentFrame Addr=0x000000003cac6400, Size=928, Default__EnemyCharacter_C Function /Game/ThirdPersonBP/Blueprints/EnemyCharacter.EnemyCharacter_C:ExecuteUbergraph_EnemyCharacter
[2018.08.12-09.21.16:679][  0]LogUObjectGlobals: Created PersistentFrame Addr=0x000000003c8bdd00, Size=1488, Default__NuclearCharacter_C Function /Game/ThirdPersonBP/Blueprints/NuclearCharacter.NuclearCharacter_C:ExecuteUbergraph_NuclearCharacter
[2018.08.12-09.21.16:738][  0]LogLoad: Game class is 'ThirdPersonGameMode_C'
[2018.08.12-09.21.16:755][  0]LogWorld: Bringing World /Game/WarehouseLevel.WarehouseLevel up for play (max tick rate 0) at 2018.08.12-10.21.16
[2018.08.12-09.21.16:756][  0]LogWorld: Bringing up level for play took: 0.016969
[2018.08.12-09.21.16:797][  0]LogLoad: Took 0.842334 seconds to LoadMap(/Game/WarehouseLevel)
[2018.08.12-09.21.16:943][  0]LogLoad: (Engine Initialization) Total time: 34.71 seconds
[2018.08.12-09.21.16:943][  0]LogLoad: (Engine Initialization) Total Blueprint compile time: 0.00 seconds
[2018.08.12-09.21.16:954][  0]LogRenderer: Reallocating scene render targets to support 1920x1080 Format 10 NumSamples 1 (Frame:1).
[2018.08.12-09.21.17:060][  0]LogContentStreaming: Texture pool size now 1000 MB
[2018.08.12-09.21.19:255][ 58]LogBlueprintUserMessages: [WarehouseLevel_C_9] begin box spawn
[2018.08.12-09.21.19:255][ 58]LogBlueprintUserMessages: Warning: SetTimer passed a bad function (Spawn Crates) or object (WarehouseLevel_C_9)
[2018.08.12-09.21.24:334][264]LogBlueprintUserMessages: [NuclearCharacter_C_0] touching crate
[2018.08.12-09.21.24:805][285]LogBlueprintUserMessages: [NuclearCharacter_C_0] stopped
[2018.08.12-09.21.24:805][285]LogBlueprintUserMessages: [NuclearCharacter_C_0] Hello
[2018.08.12-09.21.25:278][309]LogBlueprintUserMessages: [NuclearCharacter_C_0] touching crate
[2018.08.12-09.21.25:329][311]LogBlueprintUserMessages: [NuclearCharacter_C_0] stopped
[2018.08.12-09.21.25:704][326]LogBlueprintUserMessages: [NuclearCharacter_C_0] touching crate
[2018.08.12-09.21.25:704][326]LogBlueprintUserMessages: [NuclearCharacter_C_0] Hello
[2018.08.12-09.21.37:117][750]LogSlate: Window 'Unforgiven (64-bit, PCD3D_SM5) ' being destroyed
[2018.08.12-09.21.37:121][750]LogEngine: All Windows Closed
[2018.08.12-09.21.37:121][750]LogWindows: FPlatformMisc::RequestExit(0)
[2018.08.12-09.21.37:843][751]LogSlate: Slate User Destroyed.  User Index 0, Is Virtual User: 0
[2018.08.12-09.21.37:854][751]LogExit: Preparing to exit.
[2018.08.12-09.21.37:854][751]LogMoviePlayer: Shutting down movie player
[2018.08.12-09.21.39:086][751]LogExit: Game engine shut down
[2018.08.12-09.21.39:095][751]LogUObjectGlobals: Destroyed PersistentFrame Addr=0x00000000396e5200, Size=480
[2018.08.12-09.21.39:095][751]LogUObjectGlobals: Destroyed PersistentFrame Addr=0x00000000314df7a8, Size=4
[2018.08.12-09.21.39:095][751]LogUObjectGlobals: Destroyed PersistentFrame Addr=0x00000000314df798, Size=4
[2018.08.12-09.21.39:095][751]LogUObjectGlobals: Destroyed PersistentFrame Addr=0x0000000031511f00, Size=752
[2018.08.12-09.21.39:095][751]LogUObjectGlobals: Destroyed PersistentFrame Addr=0x00000000314dde58, Size=4
[2018.08.12-09.21.39:095][751]LogUObjectGlobals: Destroyed PersistentFrame Addr=0x00000000314dde28, Size=4
[2018.08.12-09.21.39:095][751]LogUObjectGlobals: Destroyed PersistentFrame Addr=0x000000003929d000, Size=752
[2018.08.12-09.21.39:095][751]LogUObjectGlobals: Destroyed PersistentFrame Addr=0x00000000396e7000, Size=480
[2018.08.12-09.21.39:096][751]LogUObjectGlobals: Destroyed PersistentFrame Addr=0x000000003cb1fa00, Size=128
[2018.08.12-09.21.39:096][751]LogUObjectGlobals: Destroyed PersistentFrame Addr=0x000000003c66d800, Size=288
[2018.08.12-09.21.39:096][751]LogUObjectGlobals: Destroyed PersistentFrame Addr=0x000000003caaf200, Size=1488
[2018.08.12-09.21.39:096][751]LogUObjectGlobals: Destroyed PersistentFrame Addr=0x000000003cac7c00, Size=928
[2018.08.12-09.21.39:096][751]LogUObjectGlobals: Destroyed PersistentFrame Addr=0x000000003cb23230, Size=16
[2018.08.12-09.21.39:096][751]LogUObjectGlobals: Destroyed PersistentFrame Addr=0x00000000396cca00, Size=96
[2018.08.12-09.21.39:096][751]LogUObjectGlobals: Destroyed PersistentFrame Addr=0x000000003c9fdea0, Size=16
[2018.08.12-09.21.39:096][751]LogUObjectGlobals: Destroyed PersistentFrame Addr=0x000000003c92f820, Size=96
[2018.08.12-09.21.39:096][751]LogUObjectGlobals: Destroyed PersistentFrame Addr=0x000000003ca32700, Size=288
[2018.08.12-09.21.39:096][751]LogUObjectGlobals: Destroyed PersistentFrame Addr=0x000000003cb1c300, Size=128
[2018.08.12-09.21.39:096][751]LogUObjectGlobals: Destroyed PersistentFrame Addr=0x000000003cac6400, Size=928
[2018.08.12-09.21.39:096][751]LogUObjectGlobals: Destroyed PersistentFrame Addr=0x000000003c8bdd00, Size=1488
[2018.08.12-09.21.40:113][751]LogExit: Object subsystem successfully closed.
[2018.08.12-09.21.40:318][751]LogShaderCompilers: Display: Shaders left to compile 0
[2018.08.12-09.21.40:330][751]LogD3D11RHI: Shutdown
[2018.08.12-09.21.40:330][751]LogD3D11RHI: CleanupD3DDevice
[2018.08.12-09.21.40:382][751]LogD3D11RHI: ~FD3D11DynamicRHI
[2018.08.12-09.21.40:936][751]LogModuleManager: Shutting down and abandoning module SequenceRecorderSections (332)
[2018.08.12-09.21.40:936][751]LogModuleManager: Shutting down and abandoning module SequenceRecorder (330)
[2018.08.12-09.21.40:937][751]LogModuleManager: Shutting down and abandoning module AutomationController (328)
[2018.08.12-09.21.40:949][751]LogModuleManager: Shutting down and abandoning module AutomationWorker (326)
[2018.08.12-09.21.40:950][751]LogModuleManager: Shutting down and abandoning module AIModule (324)
[2018.08.12-09.21.40:950][751]LogModuleManager: Shutting down and abandoning module GameplayDebugger (323)
[2018.08.12-09.21.40:970][751]LogModuleManager: Shutting down and abandoning module AITestSuite (321)
[2018.08.12-09.21.40:992][751]LogModuleManager: Shutting down and abandoning module WmfMediaFactory (318)
[2018.08.12-09.21.40:992][751]LogModuleManager: Shutting down and abandoning module OpenExrWrapper (316)
[2018.08.12-09.21.40:992][751]LogModuleManager: Shutting down and abandoning module ImgMediaFactory (314)
[2018.08.12-09.21.40:992][751]LogModuleManager: Shutting down and abandoning module AvfMediaFactory (312)
[2018.08.12-09.21.40:992][751]LogModuleManager: Shutting down and abandoning module CharacterAI (310)
[2018.08.12-09.21.40:992][751]LogModuleManager: Shutting down and abandoning module SessionServices (308)
[2018.08.12-09.21.40:992][751]LogModuleManager: Shutting down and abandoning module MovieSceneCapture (306)
[2018.08.12-09.21.40:992][751]LogModuleManager: Shutting down and abandoning module MovieSceneTracks (304)
[2018.08.12-09.21.40:992][751]LogModuleManager: Shutting down and abandoning module MovieScene (302)
[2018.08.12-09.21.40:992][751]LogModuleManager: Shutting down and abandoning module GeometryCache (300)
[2018.08.12-09.21.40:993][751]LogModuleManager: Shutting down and abandoning module GeometryCacheEd (299)
[2018.08.12-09.21.40:993][751]LogModuleManager: Shutting down and abandoning module StreamingPauseRendering (296)
[2018.08.12-09.21.40:993][751]LogModuleManager: Shutting down and abandoning module PortalServices (294)
[2018.08.12-09.21.40:993][751]LogModuleManager: Shutting down and abandoning module PortalRpc (292)
[2018.08.12-09.21.40:993][751]LogModuleManager: Shutting down and abandoning module MessagingRpc (290)
[2018.08.12-09.21.40:993][751]LogModuleManager: Shutting down and abandoning module ProfilerService (288)
[2018.08.12-09.21.41:192][751]LogModuleManager: Shutting down and abandoning module TaskGraph (286)
[2018.08.12-09.21.41:193][751]LogModuleManager: Shutting down and abandoning module SteamVRController (284)
[2018.08.12-09.21.41:193][751]LogModuleManager: Shutting down and abandoning module ProceduralMeshComponent (282)
[2018.08.12-09.21.41:209][751]LogModuleManager: Shutting down and abandoning module OculusInput (280)
[2018.08.12-09.21.41:209][751]LogModuleManager: Shutting down and abandoning module MobilePatchingUtils (278)
[2018.08.12-09.21.41:209][751]LogModuleManager: Shutting down and abandoning module CustomMeshComponent (276)
[2018.08.12-09.21.41:209][751]LogModuleManager: Shutting down and abandoning module CableComponent (274)
[2018.08.12-09.21.41:209][751]LogModuleManager: Shutting down and abandoning module AudioCapture (272)
[2018.08.12-09.21.41:209][751]LogModuleManager: Shutting down and abandoning module ArchVisCharacter (270)
[2018.08.12-09.21.41:209][751]LogModuleManager: Shutting down and abandoning module AndroidPermission (268)
[2018.08.12-09.21.41:209][751]LogModuleManager: Shutting down and abandoning module NUTUnrealEngine4 (264)
[2018.08.12-09.21.41:209][751]LogModuleManager: Shutting down and abandoning module NetcodeUnitTest (262)
[2018.08.12-09.21.41:237][751]LogModuleManager: Shutting down and abandoning module MediaCompositing (260)
[2018.08.12-09.21.41:237][751]LogModuleManager: Shutting down and abandoning module LinearTimecode (258)
[2018.08.12-09.21.41:237][751]LogModuleManager: Shutting down and abandoning module ImgMedia (256)
[2018.08.12-09.21.41:240][751]LogModuleManager: Shutting down and abandoning module HTML5Networking (254)
[2018.08.12-09.21.41:240][751]LogModuleManager: Shutting down and abandoning module DatasmithContent (252)
[2018.08.12-09.21.41:240][751]LogModuleManager: Shutting down and abandoning module CryptoKeysOpenSSL (250)
[2018.08.12-09.21.41:265][751]LogModuleManager: Shutting down and abandoning module CryptoKeys (248)
[2018.08.12-09.21.41:265][751]LogModuleManager: Shutting down and abandoning module VisualStudioSourceCodeAccess (246)
[2018.08.12-09.21.41:265][751]LogModuleManager: Shutting down and abandoning module HotReload (245)
[2018.08.12-09.21.41:276][751]LogModuleManager: Shutting down and abandoning module DirectoryWatcher (244)
[2018.08.12-09.21.41:276][751]LogModuleManager: Shutting down and abandoning module VisualStudioCodeSourceCodeAccess (240)
[2018.08.12-09.21.41:276][751]LogModuleManager: Shutting down and abandoning module UObjectPlugin (238)
[2018.08.12-09.21.41:276][751]LogModuleManager: Shutting down and abandoning module SubversionSourceControl (236)
[2018.08.12-09.21.41:291][751]LogModuleManager: Shutting down and abandoning module PerforceSourceControl (234)
[2018.08.12-09.21.41:292][751]LogModuleManager: Shutting down and abandoning module SourceControl (233)
[2018.08.12-09.21.41:309][751]LogModuleManager: Shutting down and abandoning module CLionSourceCodeAccess (230)
[2018.08.12-09.21.41:309][751]LogModuleManager: Shutting down and abandoning module RuntimePhysXCooking (228)
[2018.08.12-09.21.41:309][751]LogModuleManager: Shutting down and abandoning module PhysXVehiclesEditor (226)
[2018.08.12-09.21.41:309][751]LogModuleManager: Shutting down and abandoning module PhysXVehicles (224)
[2018.08.12-09.21.41:309][751]LogModuleManager: Shutting down and abandoning module LocationServicesBPLibrary (222)
[2018.08.12-09.21.41:309][751]LogModuleManager: Shutting down and abandoning module ImmediatePhysicsEditor (220)
[2018.08.12-09.21.41:309][751]LogModuleManager: Shutting down and abandoning module ImmediatePhysics (218)
[2018.08.12-09.21.41:329][751]LogModuleManager: Shutting down and abandoning module ActorSequence (216)
[2018.08.12-09.21.41:329][751]LogModuleManager: Shutting down and abandoning module UdpMessaging (214)
[2018.08.12-09.21.41:443][751]LogModuleManager: Shutting down and abandoning module TcpMessaging (212)
[2018.08.12-09.21.41:559][751]LogModuleManager: Shutting down and abandoning module GameplayTagsEditor (210)
[2018.08.12-09.21.41:568][751]LogModuleManager: Shutting down and abandoning module FacialAnimation (208)
[2018.08.12-09.21.41:568][751]LogModuleManager: Shutting down and abandoning module DataValidation (206)
[2018.08.12-09.21.41:568][751]LogModuleManager: Shutting down and abandoning module AssetManagerEditor (204)
[2018.08.12-09.21.41:580][751]LogModuleManager: Shutting down and abandoning module TreeMap (203)
[2018.08.12-09.21.41:596][751]LogModuleManager: Shutting down and abandoning module LightPropagationVolumeRuntime (200)
[2018.08.12-09.21.41:596][751]LogModuleManager: Shutting down and abandoning module LiveLink (198)
[2018.08.12-09.21.42:212][751]LogModuleManager: Shutting down and abandoning module Paper2D (196)
[2018.08.12-09.21.42:230][751]LogModuleManager: Shutting down and abandoning module PIEPreviewDeviceProfileSelector (194)
[2018.08.12-09.21.42:230][751]LogModuleManager: Shutting down and abandoning module WindowsMoviePlayer (192)
[2018.08.12-09.21.42:230][751]LogModuleManager: Shutting down and abandoning module WmfMedia (190)
[2018.08.12-09.21.42:244][751]LogModuleManager: Shutting down and abandoning module Media (189)
[2018.08.12-09.21.42:250][751]LogModuleManager: Shutting down and abandoning module PacketHandler (186)
[2018.08.12-09.21.42:250][751]LogModuleManager: Shutting down and abandoning module ClothingSystemEditor (184)
[2018.08.12-09.21.42:250][751]LogModuleManager: Shutting down and abandoning module ClothingSystemRuntime (182)
[2018.08.12-09.21.42:281][751]LogModuleManager: Shutting down and abandoning module MediaAssets (180)
[2018.08.12-09.21.42:281][751]LogModuleManager: Shutting down and abandoning module Overlay (178)
[2018.08.12-09.21.42:281][751]LogModuleManager: Shutting down and abandoning module OverlayEditor (177)
[2018.08.12-09.21.42:281][751]LogModuleManager: Shutting down and abandoning module VREditor (174)
[2018.08.12-09.21.42:306][751]LogModuleManager: Shutting down and abandoning module StringTableEditor (172)
[2018.08.12-09.21.42:306][751]LogModuleManager: Shutting down and abandoning module GameplayTasksEditor (170)
[2018.08.12-09.21.42:306][751]LogModuleManager: Shutting down and abandoning module BehaviorTreeEditor (168)
[2018.08.12-09.21.42:349][751]LogModuleManager: Shutting down and abandoning module FunctionalTesting (166)
[2018.08.12-09.21.42:366][751]LogModuleManager: Shutting down and abandoning module CollisionAnalyzer (164)
[2018.08.12-09.21.42:388][751]LogModuleManager: Shutting down and abandoning module WorkspaceMenuStructure (163)
[2018.08.12-09.21.42:388][751]LogModuleManager: Shutting down and abandoning module UMG (160)
[2018.08.12-09.21.42:388][751]LogModuleManager: Shutting down and abandoning module UMGEditor (159)
[2018.08.12-09.21.42:404][751]LogModuleManager: Shutting down and abandoning module Sequencer (158)
[2018.08.12-09.21.42:404][751]LogModuleManager: Shutting down and abandoning module MessageLog (155)
[2018.08.12-09.21.42:405][751]LogModuleManager: Shutting down and abandoning module SlateReflector (150)
[2018.08.12-09.21.42:438][751]LogModuleManager: Shutting down and abandoning module Slate (148)
[2018.08.12-09.21.42:438][751]LogModuleManager: Shutting down and abandoning module EditorStyle (146)
[2018.08.12-09.21.42:440][751]LogModuleManager: Shutting down and abandoning module MRMesh (144)
[2018.08.12-09.21.42:440][751]LogModuleManager: Shutting down and abandoning module Messaging (142)
[2018.08.12-09.21.42:440][751]LogModuleManager: Shutting down and abandoning module SourceCodeAccess (140)
[2018.08.12-09.21.42:440][751]LogModuleManager: Shutting down and abandoning module HeadMountedDisplay (138)
[2018.08.12-09.21.42:440][751]LogModuleManager: Shutting down and abandoning module XAudio2 (136)
[2018.08.12-09.21.42:440][751]LogModuleManager: Shutting down and abandoning module Networking (134)
[2018.08.12-09.21.42:440][751]LogModuleManager: Shutting down and abandoning module Core (132)
[2018.08.12-09.21.42:440][751]LogModuleManager: Shutting down and abandoning module LevelSequence (130)
[2018.08.12-09.21.42:451][751]LogModuleManager: Shutting down and abandoning module KismetCompiler (128)
[2018.08.12-09.21.42:451][751]LogModuleManager: Shutting down and abandoning module MeshUtilities (126)
[2018.08.12-09.21.42:464][751]LogModuleManager: Shutting down and abandoning module MeshMergeUtilities (125)
[2018.08.12-09.21.42:464][751]LogModuleManager: Shutting down and abandoning module MeshReductionInterface (124)
[2018.08.12-09.21.42:464][751]LogModuleManager: Shutting down and abandoning module SimplygonSwarm (123)
[2018.08.12-09.21.42:483][751]LogModuleManager: Shutting down and abandoning module SimplygonMeshReduction (121)
[2018.08.12-09.21.42:498][751]LogModuleManager: Shutting down and abandoning module QuadricMeshReduction (119)
[2018.08.12-09.21.42:498][751]LogModuleManager: Shutting down and abandoning module MaterialBaking (115)
[2018.08.12-09.21.42:500][751]LogModuleManager: Shutting down and abandoning module DerivedDataCache (110)
[2018.08.12-09.21.42:878][751]LogDerivedDataCache: Shutdown
[2018.08.12-09.21.42:878][751]LogModuleManager: Shutting down and abandoning module XGEController (108)
[2018.08.12-09.21.42:878][751]LogModuleManager: Shutting down and abandoning module TargetPlatform (106)
[2018.08.12-09.21.42:878][751]LogModuleManager: Shutting down and abandoning module VulkanShaderFormat (105)
[2018.08.12-09.21.42:890][751]LogModuleManager: Shutting down and abandoning module ShaderFormatVectorVM (103)
[2018.08.12-09.21.42:916][751]LogModuleManager: Shutting down and abandoning module ShaderFormatOpenGL (101)
[2018.08.12-09.21.42:939][751]LogModuleManager: Shutting down and abandoning module ShaderFormatD3D (99)
[2018.08.12-09.21.42:939][751]LogModuleManager: Shutting down and abandoning module MetalShaderFormat (97)
[2018.08.12-09.21.42:962][751]LogModuleManager: Shutting down and abandoning module TextureFormatUncompressed (95)
[2018.08.12-09.21.42:962][751]LogModuleManager: Shutting down and abandoning module TextureFormatPVR (93)
[2018.08.12-09.21.42:962][751]LogModuleManager: Shutting down and abandoning module TextureFormatDXT (91)
[2018.08.12-09.21.42:962][751]LogModuleManager: Shutting down and abandoning module TextureFormatIntelISPCTexComp (89)
[2018.08.12-09.21.42:962][751]LogModuleManager: Shutting down and abandoning module TextureFormatASTC (87)
[2018.08.12-09.21.42:962][751]LogModuleManager: Shutting down and abandoning module ImageWrapper (86)
[2018.08.12-09.21.42:962][751]LogModuleManager: Shutting down and abandoning module TextureFormatAndroid (83)
[2018.08.12-09.21.42:962][751]LogModuleManager: Shutting down and abandoning module AudioFormatOpus (81)
[2018.08.12-09.21.42:962][751]LogModuleManager: Shutting down and abandoning module AudioFormatOgg (79)
[2018.08.12-09.21.42:962][751]LogModuleManager: Shutting down and abandoning module AudioFormatADPCM (77)
[2018.08.12-09.21.42:962][751]LogModuleManager: Shutting down and abandoning module WindowsTargetPlatform (75)
[2018.08.12-09.21.42:962][751]LogModuleManager: Shutting down and abandoning module WindowsServerTargetPlatform (73)
[2018.08.12-09.21.42:962][751]LogModuleManager: Shutting down and abandoning module WindowsNoEditorTargetPlatform (71)
[2018.08.12-09.21.42:962][751]LogModuleManager: Shutting down and abandoning module WindowsClientTargetPlatform (69)
[2018.08.12-09.21.42:962][751]LogModuleManager: Shutting down and abandoning module InputCore (66)
[2018.08.12-09.21.42:962][751]LogModuleManager: Shutting down and abandoning module Settings (64)
[2018.08.12-09.21.42:962][751]LogModuleManager: Shutting down and abandoning module PhysXCooking (62)
[2018.08.12-09.21.42:962][751]LogModuleManager: Shutting down and abandoning module SteamVR (60)
[2018.08.12-09.21.42:962][751]LogModuleManager: Shutting down and abandoning module OculusHMD (58)
[2018.08.12-09.21.42:978][751]LogModuleManager: Shutting down and abandoning module ExampleDeviceProfileSelector (56)
[2018.08.12-09.21.42:978][751]LogModuleManager: Shutting down and abandoning module AppleARKit (54)
[2018.08.12-09.21.42:978][751]LogModuleManager: Shutting down and abandoning module AugmentedReality (51)
[2018.08.12-09.21.42:978][751]LogModuleManager: Shutting down and abandoning module OnlineBlueprintSupport (48)
[2018.08.12-09.21.42:978][751]LogModuleManager: Shutting down and abandoning module OnlineSubsystem (44)
[2018.08.12-09.21.43:003][751]LogModuleManager: Shutting down and abandoning module XMPP (43)
[2018.08.12-09.21.43:036][751]LogModuleManager: Shutting down and abandoning module HTTP (41)
[2018.08.12-09.21.43:062][751]LogModuleManager: Shutting down and abandoning module SSL (40)
[2018.08.12-09.21.43:073][751]LogModuleManager: Shutting down and abandoning module AnimationModifiers (36)
[2018.08.12-09.21.43:085][751]LogModuleManager: Shutting down and abandoning module PropertyEditor (35)
[2018.08.12-09.21.43:125][751]LogModuleManager: Shutting down and abandoning module AudioEditor (32)
[2018.08.12-09.21.43:136][751]LogModuleManager: Shutting down and abandoning module TextureCompressor (30)
[2018.08.12-09.21.43:138][751]LogModuleManager: Shutting down and abandoning module ShaderCore (28)
[2018.08.12-09.21.43:138][751]LogModuleManager: Shutting down and abandoning module Landscape (26)
[2018.08.12-09.21.43:138][751]LogModuleManager: Shutting down and abandoning module SlateRHIRenderer (24)
[2018.08.12-09.21.43:156][751]LogModuleManager: Shutting down and abandoning module OpenGLDrv (22)
[2018.08.12-09.21.43:180][751]LogModuleManager: Shutting down and abandoning module D3D11RHI (20)
[2018.08.12-09.21.43:181][751]LogModuleManager: Shutting down and abandoning module AnimGraphRuntime (18)
[2018.08.12-09.21.43:188][751]LogModuleManager: Shutting down and abandoning module Renderer (16)
[2018.08.12-09.21.43:188][751]LogModuleManager: Shutting down and abandoning module Engine (14)
[2018.08.12-09.21.43:188][751]LogModuleManager: Shutting down and abandoning module CoreUObject (12)
[2018.08.12-09.21.43:188][751]LogModuleManager: Shutting down and abandoning module NetworkFile (10)
[2018.08.12-09.21.43:188][751]LogModuleManager: Shutting down and abandoning module CookedIterativeFile (8)
[2018.08.12-09.21.43:188][751]LogModuleManager: Shutting down and abandoning module StreamingFile (6)
[2018.08.12-09.21.43:188][751]LogModuleManager: Shutting down and abandoning module SandboxFile (4)
[2018.08.12-09.21.43:188][751]LogModuleManager: Shutting down and abandoning module PakFile (2)
[2018.08.12-09.21.43:225][751]LogExit: Exiting.
[2018.08.12-09.21.43:237][751]Log file closed, 08/12/18 10:21:43
