Log file open, 08/12/18 19:00:58
LogWindows: Failed to load 'aqProf.dll' (GetLastError=126)
LogWindows: File 'aqProf.dll' does not exist
LogWindows: Failed to load 'VtuneApi.dll' (GetLastError=126)
LogWindows: File 'VtuneApi.dll' does not exist
LogWindows: Failed to load 'VtuneApi32e.dll' (GetLastError=126)
LogWindows: File 'VtuneApi32e.dll' does not exist
LogInit: Display: Running engine for game: Unforgiven
LogPlatformFile: Not using cached read wrapper
LogInit: Display: RandInit(1193889559) SRandInit(1193889559).
LogInit: Read version file with build ID '3944462'
LogInit: Overriding engine version to CL 4033788, compatible CL 3944462
LogInit: Registered custom module enumerator with build ID '3944462'
LogTaskGraph: Started task graph with 5 named threads and 23 total threads with 3 sets of task threads.
LogStats: Stats thread started at 6.274181
LogD3D11RHI: Aftermath initialized
LogICUInternationalization: Display: ICU TimeZone Detection - Raw Offset: +0:00, Platform Override: ''
LogModuleManager: Display: Found up-to-date module file ../../../Engine/Plugins/2D/Paper2D/Binaries/Win64/UE4Editor-Paper2D.dll (API version 3944462).
LogModuleManager: Display: Found up-to-date module file ../../../Engine/Plugins/2D/Paper2D/Binaries/Win64/UE4Editor-Paper2DEditor.dll (API version 3944462).
LogModuleManager: Display: Found up-to-date module file ../../../Engine/Plugins/2D/Paper2D/Binaries/Win64/UE4Editor-PaperSpriteSheetImporter.dll (API version 3944462).
LogModuleManager: Display: Found up-to-date module file ../../../Engine/Plugins/2D/Paper2D/Binaries/Win64/UE4Editor-PaperTiledImporter.dll (API version 3944462).
LogModuleManager: Display: Found up-to-date module file ../../../Engine/Plugins/2D/Paper2D/Binaries/Win64/UE4Editor-SmartSnapping.dll (API version 3944462).
LogModuleManager: Display: Found up-to-date module file ../../../Engine/Plugins/Blendables/LightPropagationVolume/Binaries/Win64/UE4Editor-LightPropagationVolumeRuntime.dll (API version 3944462).
LogModuleManager: Display: Found up-to-date module file ../../../Engine/Plugins/Blendables/LightPropagationVolume/Binaries/Win64/UE4Editor-LightPropagationVolumeEditor.dll (API version 3944462).
LogModuleManager: Display: Found up-to-date module file ../../../Engine/Plugins/Developer/CLionSourceCodeAccess/Binaries/Win64/UE4Editor-CLionSourceCodeAccess.dll (API version 3944462).
LogModuleManager: Display: Found up-to-date module file ../../../Engine/Plugins/Developer/GitSourceControl/Binaries/Win64/UE4Editor-GitSourceControl.dll (API version 3944462).
LogModuleManager: Display: Found up-to-date module file ../../../Engine/Plugins/Developer/PerforceSourceControl/Binaries/Win64/UE4Editor-PerforceSourceControl.dll (API version 3944462).
LogModuleManager: Display: Found up-to-date module file ../../../Engine/Plugins/Developer/SubversionSourceControl/Binaries/Win64/UE4Editor-SubversionSourceControl.dll (API version 3944462).
LogModuleManager: Display: Found up-to-date module file ../../../Engine/Plugins/Developer/UObjectPlugin/Binaries/Win64/UE4Editor-UObjectPlugin.dll (API version 3944462).
LogModuleManager: Display: Found up-to-date module file ../../../Engine/Plugins/Developer/VisualStudioCodeSourceCodeAccess/Binaries/Win64/UE4Editor-VisualStudioCodeSourceCodeAccess.dll (API version 3944462).
LogModuleManager: Display: Found up-to-date module file ../../../Engine/Plugins/Developer/VisualStudioSourceCodeAccess/Binaries/Win64/UE4Editor-VisualStudioSourceCodeAccess.dll (API version 3944462).
LogModuleManager: Display: Found up-to-date module file ../../../Engine/Plugins/Editor/AssetManagerEditor/Binaries/Win64/UE4Editor-AssetManagerEditor.dll (API version 3944462).
LogModuleManager: Display: Found up-to-date module file ../../../Engine/Plugins/Editor/CryptoKeys/Binaries/Win64/UE4Editor-CryptoKeys.dll (API version 3944462).
LogModuleManager: Display: Found up-to-date module file ../../../Engine/Plugins/Editor/CryptoKeys/Binaries/Win64/UE4Editor-CryptoKeysOpenSSL.dll (API version 3944462).
LogModuleManager: Display: Found up-to-date module file ../../../Engine/Plugins/Editor/DataValidation/Binaries/Win64/UE4Editor-DataValidation.dll (API version 3944462).
LogModuleManager: Display: Found up-to-date module file ../../../Engine/Plugins/Editor/FacialAnimation/Binaries/Win64/UE4Editor-FacialAnimation.dll (API version 3944462).
LogModuleManager: Display: Found up-to-date module file ../../../Engine/Plugins/Editor/FacialAnimation/Binaries/Win64/UE4Editor-FacialAnimationEditor.dll (API version 3944462).
LogModuleManager: Display: Found up-to-date module file ../../../Engine/Plugins/Editor/GameplayTagsEditor/Binaries/Win64/UE4Editor-GameplayTagsEditor.dll (API version 3944462).
LogModuleManager: Display: Found up-to-date module file ../../../Engine/Plugins/Editor/MobileLauncherProfileWizard/Binaries/Win64/UE4Editor-MobileLauncherProfileWizard.dll (API version 3944462).
LogModuleManager: Display: Found up-to-date module file ../../../Engine/Plugins/Editor/PluginBrowser/Binaries/Win64/UE4Editor-PluginBrowser.dll (API version 3944462).
LogModuleManager: Display: Found up-to-date module file ../../../Engine/Plugins/Editor/SpeedTreeImporter/Binaries/Win64/UE4Editor-SpeedTreeImporter.dll (API version 3944462).
LogModuleManager: Display: Found up-to-date module file ../../../Engine/Plugins/Enterprise/DatasmithContent/Binaries/Win64/UE4Editor-DatasmithContent.dll (API version 3944462).
LogModuleManager: Display: Found up-to-date module file ../../../Engine/Plugins/Experimental/AlembicImporter/Binaries/Win64/UE4Editor-AlembicImporter.dll (API version 3944462).
LogModuleManager: Display: Found up-to-date module file ../../../Engine/Plugins/Experimental/AlembicImporter/Binaries/Win64/UE4Editor-AlembicLibrary.dll (API version 3944462).
LogModuleManager: Display: Found up-to-date module file ../../../Engine/Plugins/Experimental/CharacterAI/Binaries/Win64/UE4Editor-CharacterAI.dll (API version 3944462).
LogModuleManager: Display: Found up-to-date module file ../../../Engine/Plugins/Experimental/HTML5Networking/Binaries/Win64/UE4Editor-HTML5Networking.dll (API version 3944462).
LogModuleManager: Display: Found up-to-date module file ../../../Engine/Plugins/Media/AndroidMedia/Binaries/Win64/UE4Editor-AndroidMediaEditor.dll (API version 3944462).
LogModuleManager: Display: Found up-to-date module file ../../../Engine/Plugins/Media/AndroidMedia/Binaries/Win64/UE4Editor-AndroidMediaFactory.dll (API version 3944462).
LogModuleManager: Display: Found up-to-date module file ../../../Engine/Plugins/Media/AvfMedia/Binaries/Win64/UE4Editor-AvfMediaEditor.dll (API version 3944462).
LogModuleManager: Display: Found up-to-date module file ../../../Engine/Plugins/Media/AvfMedia/Binaries/Win64/UE4Editor-AvfMediaFactory.dll (API version 3944462).
LogModuleManager: Display: Found up-to-date module file ../../../Engine/Plugins/Media/AvfMedia/Binaries/Win64/UE4Editor-AvfMediaFactory.dll (API version 3944462).
LogModuleManager: Display: Found up-to-date module file ../../../Engine/Plugins/Media/ImgMedia/Binaries/Win64/UE4Editor-ImgMedia.dll (API version 3944462).
LogModuleManager: Display: Found up-to-date module file ../../../Engine/Plugins/Media/ImgMedia/Binaries/Win64/UE4Editor-ImgMediaEditor.dll (API version 3944462).
LogModuleManager: Display: Found up-to-date module file ../../../Engine/Plugins/Media/ImgMedia/Binaries/Win64/UE4Editor-ImgMediaFactory.dll (API version 3944462).
LogModuleManager: Display: Found up-to-date module file ../../../Engine/Plugins/Media/ImgMedia/Binaries/Win64/UE4Editor-ImgMediaFactory.dll (API version 3944462).
LogModuleManager: Display: Found up-to-date module file ../../../Engine/Plugins/Media/ImgMedia/Binaries/Win64/UE4Editor-OpenExrWrapper.dll (API version 3944462).
LogModuleManager: Display: Found up-to-date module file ../../../Engine/Plugins/Media/LinearTimecode/Binaries/Win64/UE4Editor-LinearTimecode.dll (API version 3944462).
LogModuleManager: Display: Found up-to-date module file ../../../Engine/Plugins/Media/MediaCompositing/Binaries/Win64/UE4Editor-MediaCompositing.dll (API version 3944462).
LogModuleManager: Display: Found up-to-date module file ../../../Engine/Plugins/Media/MediaCompositing/Binaries/Win64/UE4Editor-MediaCompositingEditor.dll (API version 3944462).
LogModuleManager: Display: Found up-to-date module file ../../../Engine/Plugins/Media/MediaPlayerEditor/Binaries/Win64/UE4Editor-MediaPlayerEditor.dll (API version 3944462).
LogModuleManager: Display: Found up-to-date module file ../../../Engine/Plugins/Media/WmfMedia/Binaries/Win64/UE4Editor-WmfMedia.dll (API version 3944462).
LogModuleManager: Display: Found up-to-date module file ../../../Engine/Plugins/Media/WmfMedia/Binaries/Win64/UE4Editor-WmfMediaEditor.dll (API version 3944462).
LogModuleManager: Display: Found up-to-date module file ../../../Engine/Plugins/Media/WmfMedia/Binaries/Win64/UE4Editor-WmfMediaFactory.dll (API version 3944462).
LogModuleManager: Display: Found up-to-date module file ../../../Engine/Plugins/Media/WmfMedia/Binaries/Win64/UE4Editor-WmfMediaFactory.dll (API version 3944462).
LogModuleManager: Display: Found up-to-date module file ../../../Engine/Plugins/Messaging/TcpMessaging/Binaries/Win64/UE4Editor-TcpMessaging.dll (API version 3944462).
LogModuleManager: Display: Found up-to-date module file ../../../Engine/Plugins/Messaging/UdpMessaging/Binaries/Win64/UE4Editor-UdpMessaging.dll (API version 3944462).
LogModuleManager: Display: Found up-to-date module file ../../../Engine/Plugins/MovieScene/ActorSequence/Binaries/Win64/UE4Editor-ActorSequence.dll (API version 3944462).
LogModuleManager: Display: Found up-to-date module file ../../../Engine/Plugins/MovieScene/LevelSequenceEditor/Binaries/Win64/UE4Editor-LevelSequenceEditor.dll (API version 3944462).
LogModuleManager: Display: Found up-to-date module file ../../../Engine/Plugins/MovieScene/MatineeToLevelSequence/Binaries/Win64/UE4Editor-MatineeToLevelSequence.dll (API version 3944462).
LogModuleManager: Display: Found up-to-date module file ../../../Engine/Plugins/NetcodeUnitTest/NetcodeUnitTest/Binaries/Win64/UE4Editor-NetcodeUnitTest.dll (API version 3944462).
LogModuleManager: Display: Found up-to-date module file ../../../Engine/Plugins/NetcodeUnitTest/NUTUnrealEngine4/Binaries/Win64/UE4Editor-NUTUnrealEngine4.dll (API version 3944462).
LogModuleManager: Display: Found up-to-date module file ../../../Engine/Plugins/Online/OnlineSubsystem/Binaries/Win64/UE4Editor-OnlineSubsystem.dll (API version 3944462).
LogModuleManager: Display: Found up-to-date module file ../../../Engine/Plugins/Runtime/AndroidPermission/Binaries/Win64/UE4Editor-AndroidPermission.dll (API version 3944462).
LogModuleManager: Display: Found up-to-date module file ../../../Engine/Plugins/Online/OnlineSubsystemNull/Binaries/Win64/UE4Editor-OnlineSubsystemNull.dll (API version 3944462).
LogModuleManager: Display: Found up-to-date module file ../../../Engine/Plugins/Online/OnlineSubsystemUtils/Binaries/Win64/UE4Editor-OnlineSubsystemUtils.dll (API version 3944462).
LogModuleManager: Display: Found up-to-date module file ../../../Engine/Plugins/Online/OnlineSubsystemUtils/Binaries/Win64/UE4Editor-OnlineBlueprintSupport.dll (API version 3944462).
LogModuleManager: Display: Found up-to-date module file ../../../Engine/Plugins/Runtime/AndroidDeviceProfileSelector/Binaries/Win64/UE4Editor-AndroidDeviceProfileSelector.dll (API version 3944462).
LogModuleManager: Display: Found up-to-date module file ../../../Engine/Plugins/Runtime/AppleARKit/Binaries/Win64/UE4Editor-AppleARKit.dll (API version 3944462).
LogModuleManager: Display: Found up-to-date module file ../../../Engine/Plugins/Runtime/ProceduralMeshComponent/Binaries/Win64/UE4Editor-ProceduralMeshComponent.dll (API version 3944462).
LogModuleManager: Display: Found up-to-date module file ../../../Engine/Plugins/Runtime/ProceduralMeshComponent/Binaries/Win64/UE4Editor-ProceduralMeshComponentEditor.dll (API version 3944462).
LogModuleManager: Display: Found up-to-date module file ../../../Engine/Plugins/Animation/LiveLink/Binaries/Win64/UE4Editor-LiveLink.dll (API version 3944462).
LogModuleManager: Display: Found up-to-date module file ../../../Engine/Plugins/Animation/LiveLink/Binaries/Win64/UE4Editor-LiveLinkEditor.dll (API version 3944462).
LogModuleManager: Display: Found up-to-date module file ../../../Engine/Plugins/Runtime/ArchVisCharacter/Binaries/Win64/UE4Editor-ArchVisCharacter.dll (API version 3944462).
LogModuleManager: Display: Found up-to-date module file ../../../Engine/Plugins/Runtime/AudioCapture/Binaries/Win64/UE4Editor-AudioCapture.dll (API version 3944462).
LogModuleManager: Display: Found up-to-date module file ../../../Engine/Plugins/Runtime/AudioCapture/Binaries/Win64/UE4Editor-AudioCaptureEditor.dll (API version 3944462).
LogModuleManager: Display: Found up-to-date module file ../../../Engine/Plugins/Runtime/CableComponent/Binaries/Win64/UE4Editor-CableComponent.dll (API version 3944462).
LogModuleManager: Display: Found up-to-date module file ../../../Engine/Plugins/Runtime/CustomMeshComponent/Binaries/Win64/UE4Editor-CustomMeshComponent.dll (API version 3944462).
LogModuleManager: Display: Found up-to-date module file ../../../Engine/Plugins/Runtime/ExampleDeviceProfileSelector/Binaries/Win64/UE4Editor-ExampleDeviceProfileSelector.dll (API version 3944462).
LogModuleManager: Display: Found up-to-date module file ../../../Engine/Plugins/Runtime/ImmediatePhysics/Binaries/Win64/UE4Editor-ImmediatePhysics.dll (API version 3944462).
LogModuleManager: Display: Found up-to-date module file ../../../Engine/Plugins/Runtime/ImmediatePhysics/Binaries/Win64/UE4Editor-ImmediatePhysicsEditor.dll (API version 3944462).
LogModuleManager: Display: Found up-to-date module file ../../../Engine/Plugins/Runtime/LocationServicesBPLibrary/Binaries/Win64/UE4Editor-LocationServicesBPLibrary.dll (API version 3944462).
LogModuleManager: Display: Found up-to-date module file ../../../Engine/Plugins/Runtime/MobilePatchingUtils/Binaries/Win64/UE4Editor-MobilePatchingUtils.dll (API version 3944462).
LogModuleManager: Display: Found up-to-date module file ../../../Engine/Plugins/Runtime/Oculus/OculusVR/Binaries/Win64/UE4Editor-OculusHMD.dll (API version 3944462).
LogModuleManager: Display: Found up-to-date module file ../../../Engine/Plugins/Runtime/Oculus/OculusVR/Binaries/Win64/UE4Editor-OculusInput.dll (API version 3944462).
LogModuleManager: Display: Found up-to-date module file ../../../Engine/Plugins/Runtime/Oculus/OculusVR/Binaries/Win64/UE4Editor-OculusEditor.dll (API version 3944462).
LogModuleManager: Display: Found up-to-date module file ../../../Engine/Plugins/Runtime/PhysXVehicles/Binaries/Win64/UE4Editor-PhysXVehicles.dll (API version 3944462).
LogModuleManager: Display: Found up-to-date module file ../../../Engine/Plugins/Runtime/PhysXVehicles/Binaries/Win64/UE4Editor-PhysXVehiclesEditor.dll (API version 3944462).
LogModuleManager: Display: Found up-to-date module file ../../../Engine/Plugins/Runtime/RuntimePhysXCooking/Binaries/Win64/UE4Editor-RuntimePhysXCooking.dll (API version 3944462).
LogModuleManager: Display: Found up-to-date module file ../../../Engine/Plugins/Runtime/Steam/SteamVR/Binaries/Win64/UE4Editor-SteamVR.dll (API version 3944462).
LogModuleManager: Display: Found up-to-date module file ../../../Engine/Plugins/Runtime/Steam/SteamVR/Binaries/Win64/UE4Editor-SteamVRController.dll (API version 3944462).
LogModuleManager: Display: Found up-to-date module file ../../../Engine/Plugins/Runtime/WindowsMoviePlayer/Binaries/Win64/UE4Editor-WindowsMoviePlayer.dll (API version 3944462).
LogPluginManager: Mounting plugin Paper2D
LogPluginManager: Mounting plugin LiveLink
LogPluginManager: Mounting plugin LightPropagationVolume
LogPluginManager: Mounting plugin CLionSourceCodeAccess
LogPluginManager: Mounting plugin CodeLiteSourceCodeAccess
LogPluginManager: Mounting plugin GitSourceControl
LogPluginManager: Mounting plugin KDevelopSourceCodeAccess
LogPluginManager: Mounting plugin NullSourceCodeAccess
LogPluginManager: Mounting plugin PerforceSourceControl
LogPluginManager: Mounting plugin SubversionSourceControl
LogPluginManager: Mounting plugin UObjectPlugin
LogPluginManager: Mounting plugin VisualStudioCodeSourceCodeAccess
LogPluginManager: Mounting plugin VisualStudioSourceCodeAccess
LogPluginManager: Mounting plugin XCodeSourceCodeAccess
LogPluginManager: Mounting plugin AssetManagerEditor
LogPluginManager: Mounting plugin CryptoKeys
LogPluginManager: Mounting plugin DataValidation
LogPluginManager: Mounting plugin FacialAnimation
LogPluginManager: Mounting plugin GameplayTagsEditor
LogPluginManager: Mounting plugin MobileLauncherProfileWizard
LogPluginManager: Mounting plugin PluginBrowser
LogPluginManager: Mounting plugin SpeedTreeImporter
LogPluginManager: Mounting plugin DatasmithContent
LogPluginManager: Mounting plugin AlembicImporter
LogPluginManager: Mounting plugin CharacterAI
LogPluginManager: Mounting plugin HTML5Networking
LogPluginManager: Mounting plugin AndroidMedia
LogPluginManager: Mounting plugin AvfMedia
LogPluginManager: Mounting plugin ImgMedia
LogPluginManager: Mounting plugin LinearTimecode
LogPluginManager: Mounting plugin MediaCompositing
LogPluginManager: Mounting plugin MediaPlayerEditor
LogPluginManager: Mounting plugin WmfMedia
LogPluginManager: Mounting plugin TcpMessaging
LogPluginManager: Mounting plugin UdpMessaging
LogPluginManager: Mounting plugin ActorSequence
LogPluginManager: Mounting plugin LevelSequenceEditor
LogPluginManager: Mounting plugin MatineeToLevelSequence
LogPluginManager: Mounting plugin NetcodeUnitTest
LogPluginManager: Mounting plugin NUTUnrealEngine4
LogPluginManager: Mounting plugin OnlineSubsystemGooglePlay
LogPluginManager: Mounting plugin OnlineSubsystemIOS
LogPluginManager: Mounting plugin OnlineSubsystem
LogPluginManager: Mounting plugin OnlineSubsystemNull
LogPluginManager: Mounting plugin OnlineSubsystemUtils
LogPluginManager: Mounting plugin AndroidDeviceProfileSelector
LogPluginManager: Mounting plugin AndroidMoviePlayer
LogPluginManager: Mounting plugin AndroidPermission
LogPluginManager: Mounting plugin AppleARKit
LogPluginManager: Mounting plugin AppleMoviePlayer
LogPluginManager: Mounting plugin ArchVisCharacter
LogPluginManager: Mounting plugin AudioCapture
LogPluginManager: Mounting plugin CableComponent
LogPluginManager: Mounting plugin CustomMeshComponent
LogPluginManager: Mounting plugin ExampleDeviceProfileSelector
LogPluginManager: Mounting plugin GoogleCloudMessaging
LogPluginManager: Mounting plugin ImmediatePhysics
LogPluginManager: Mounting plugin IOSDeviceProfileSelector
LogPluginManager: Mounting plugin LinuxDeviceProfileSelector
LogPluginManager: Mounting plugin LocationServicesBPLibrary
LogPluginManager: Mounting plugin MobilePatchingUtils
LogPluginManager: Mounting plugin OculusVR
LogPluginManager: Plugin shader directory ../../../Engine/Plugins/Runtime/Oculus/OculusVR/Shaders found
LogPluginManager: Mapping shader source directory ../../../Engine/Plugins/Runtime/Oculus/OculusVR/Shaders to virtual directory /Plugin/OculusVR
LogPluginManager: Mounting plugin PhysXVehicles
LogPluginManager: Mounting plugin ProceduralMeshComponent
LogPluginManager: Mounting plugin RuntimePhysXCooking
LogPluginManager: Mounting plugin SteamVR
LogPluginManager: Mounting plugin WindowsMoviePlayer
LogStreaming: Display: Took  4.810s to configure plugins.
LogInit: Using libcurl 7.47.1
LogInit:  - built for x86_64-pc-win32
LogInit:  - supports SSL with OpenSSL/1.0.2g
LogInit:  - supports HTTP deflate (compression) using libz 1.2.8
LogInit:  - other features:
LogInit:      CURL_VERSION_SSL
LogInit:      CURL_VERSION_LIBZ
LogInit:      CURL_VERSION_IPV6
LogInit:      CURL_VERSION_ASYNCHDNS
LogInit:      CURL_VERSION_LARGEFILE
LogInit:      CURL_VERSION_IDN
LogInit:  CurlRequestOptions (configurable via config and command line):
LogInit:  - bVerifyPeer = false  - Libcurl will NOT verify peer certificate
LogInit:  - bUseHttpProxy = false  - Libcurl will NOT use HTTP proxy
LogInit:  - bDontReuseConnections = false  - Libcurl will reuse connections
LogInit:  - CertBundlePath = nullptr  - Libcurl will use whatever was configured at build time.
LogInit:  - MaxHostConnections = 16  - Libcurl will limit the number of connections to a host
LogInit:  - LocalHostAddr = Default
LogInit: WinSock: version 1.1 (2.2), MaxSocks=32767, MaxUdp=65467
LogInit: WinSock: I am Connor-PC (192.168.1.68:0)
LogInit: Build: ++UE4+Release-4.19-CL-4033788
LogInit: Engine Version: 4.19.2-4033788+++UE4+Release-4.19
LogInit: Compatible Engine Version: 4.19.0-3944462+++UE4+Release-4.19
LogInit: Net CL: 3944462
LogDevObjectVersion: Number of dev versions registered: 18
LogDevObjectVersion:   Dev-Blueprints (B0D832E4-1F89-4F0D-ACCF-7EB736FD4AA2): 10
LogDevObjectVersion:   Dev-Build (E1C64328-A22C-4D53-A36C-8E866417BD8C): 0
LogDevObjectVersion:   Dev-Core (375EC13C-06E4-48FB-B500-84F0262A717E): 2
LogDevObjectVersion:   Dev-Editor (E4B068ED-F494-42E9-A231-DA0B2E46BB41): 23
LogDevObjectVersion:   Dev-Framework (CFFC743F-43B0-4480-9391-14DF171D2073): 33
LogDevObjectVersion:   Dev-Mobile (B02B49B5-BB20-44E9-A304-32B752E40360): 2
LogDevObjectVersion:   Dev-Networking (A4E4105C-59A1-49B5-A7C5-40C4547EDFEE): 0
LogDevObjectVersion:   Dev-Online (39C831C9-5AE6-47DC-9A44-9C173E1C8E7C): 0
LogDevObjectVersion:   Dev-Physics (78F01B33-EBEA-4F98-B9B4-84EACCB95AA2): 0
LogDevObjectVersion:   Dev-Platform (6631380F-2D4D-43E0-8009-CF276956A95A): 0
LogDevObjectVersion:   Dev-Rendering (12F88B9F-8875-4AFC-A67C-D90C383ABD29): 25
LogDevObjectVersion:   Dev-Sequencer (7B5AE74C-D270-4C10-A958-57980B212A5A): 6
LogDevObjectVersion:   Dev-VR (D7296918-1DD6-4BDD-9DE2-64A83CC13884): 1
LogDevObjectVersion:   Dev-LoadTimes (C2A15278-BFE7-4AFE-6C17-90FF531DF755): 1
LogDevObjectVersion:   Private-Geometry (6EACA3D4-40EC-4CC1-B786-8BED09428FC5): 2
LogDevObjectVersion:   Dev-AnimPhys (29E575DD-E0A3-4627-9D10-D276232CDCEA): 16
LogDevObjectVersion:   Dev-ReflectionCapture (6B266CEC-1EC7-4B8F-A30B-E4D90942FC07): 1
LogDevObjectVersion:   Dev-Automation (0DF73D61-A23F-47EA-B727-89E90C41499A): 1
LogInit: Compiled (64-bit): Apr 27 2018 02:06:57
LogInit: Compiled with Visual C++: 19.00.24215.01
LogInit: Build Configuration: Development
LogInit: Branch Name: ++UE4+Release-4.19
LogInit: Command Line:  
LogInit: Base Directory: D:/UE4/Unreal Engine/UE_4.19/Engine/Binaries/Win64/
LogInit: Installed Engine Build: 1
LogStreaming: Display: Took  0.018s to delete old logs.
LogInit: Presizing for max 8388607 objects, including 0 objects not considered by GC, pre-allocating 0 bytes for permanent pool.
LogInit: Object subsystem initialized
[2018.08.12-18.01.04:919][  0]LogInit: Selected Device Profile: [Windows]
[2018.08.12-18.01.04:919][  0]LogInit: Applying CVar settings loaded from the selected device profile: [Windows]
[2018.08.12-18.01.05:008][  0]LogInit: Computer: CONNOR-PC
[2018.08.12-18.01.05:008][  0]LogInit: User: Connor
[2018.08.12-18.01.05:008][  0]LogInit: CPU Page size=4096, Cores=4
[2018.08.12-18.01.05:008][  0]LogInit: High frequency timer resolution =2.602382 MHz
[2018.08.12-18.01.05:009][  0]LogMemory: Memory total: Physical=12.0GB (12GB approx)
[2018.08.12-18.01.05:009][  0]LogMemory: Platform Memory Stats for Windows
[2018.08.12-18.01.05:009][  0]LogMemory: Process Physical Memory: 277.38 MB used, 277.38 MB peak
[2018.08.12-18.01.05:009][  0]LogMemory: Process Virtual Memory: 276.38 MB used, 276.38 MB peak
[2018.08.12-18.01.05:009][  0]LogMemory: Physical Memory: 3277.44 MB used,  9008.99 MB free, 12286.43 MB total
[2018.08.12-18.01.05:009][  0]LogMemory: Virtual Memory: 650.27 MB used,  9008.99 MB free, 8388608.00 MB total
[2018.08.12-18.01.05:546][  0]LogInit: Using OS detected language (en-GB).
[2018.08.12-18.01.05:546][  0]LogInit: Using OS detected locale (en-GB).
[2018.08.12-18.01.05:770][  0]LogTextLocalizationManager: No specific localization for 'en-GB' exists, so the 'en' localization will be used.
[2018.08.12-18.01.06:897][  0]LogStreaming: Display: Took  1.397s to EndInitTextLocalization.
[2018.08.12-18.01.06:899][  0]LogWindows: Failed to load 'shcore.dll' (GetLastError=126)
[2018.08.12-18.01.06:899][  0]LogWindows: File 'shcore.dll' does not exist
[2018.08.12-18.01.06:899][  0]LogInit: Setting process to DPI aware
[2018.08.12-18.01.07:162][  0]LogWindows: Failed to load 'shcore.dll' (GetLastError=126)
[2018.08.12-18.01.07:162][  0]LogWindows: File 'shcore.dll' does not exist
[2018.08.12-18.01.07:162][  0]LogInit: Setting process to DPI aware
[2018.08.12-18.01.07:519][  0]LogSlate: New Slate User Created.  User Index 0, Is Virtual User: 0
[2018.08.12-18.01.07:519][  0]LogSlate: Slate User Registered.  User Index 0, Is Virtual User: 0
[2018.08.12-18.01.08:357][  0]LogD3D11RHI: D3D11 adapters:
[2018.08.12-18.01.08:416][  0]LogD3D11RHI:    0. 'NVIDIA GeForce GTX 480' (Feature Level 11_0)
[2018.08.12-18.01.08:416][  0]LogD3D11RHI:       1489/0/2559 MB DedicatedVideo/DedicatedSystem/SharedSystem, Outputs:2, VendorId:0x10de
[2018.08.12-18.01.08:416][  0]LogD3D11RHI: Chosen D3D11 Adapter: 0
[2018.08.12-18.01.08:455][  0]LogD3D11RHI: Creating new Direct3DDevice
[2018.08.12-18.01.08:455][  0]LogD3D11RHI:     GPU DeviceId: 0x6c0 (for the marketing name, search the web for "GPU Device Id")
[2018.08.12-18.01.08:455][  0]LogWindows: EnumDisplayDevices:
[2018.08.12-18.01.08:456][  0]LogWindows:    0. 'NVIDIA GeForce GTX 480' (P:1 D:1)
[2018.08.12-18.01.08:456][  0]LogWindows:    1. 'NVIDIA GeForce GTX 480' (P:0 D:1)
[2018.08.12-18.01.08:456][  0]LogWindows:    2. 'RDPDD Chained DD' (P:0 D:0)
[2018.08.12-18.01.08:457][  0]LogWindows:    3. 'RDP Encoder Mirror Driver' (P:0 D:0)
[2018.08.12-18.01.08:457][  0]LogWindows:    4. 'RDP Reflector Display Driver' (P:0 D:0)
[2018.08.12-18.01.08:457][  0]LogWindows: DebugString: GetVideoDriverDetailsInvalid PrimaryIsNotTheChoosenAdapter GetVideoDriverDetailsInvalid PrimaryIsNotTheChoosenAdapter GetVideoDriverDetailsInvalid PrimaryIsNotTheChoosenAdapter FoundDriverCount:2 
[2018.08.12-18.01.08:457][  0]LogD3D11RHI:     Adapter Name: NVIDIA GeForce GTX 480
[2018.08.12-18.01.08:483][  0]LogD3D11RHI:   Driver Version: 388.59 (internal:23.21.13.8859, unified:388.59)
[2018.08.12-18.01.08:483][  0]LogD3D11RHI:      Driver Date: 12-5-2017
[2018.08.12-18.01.08:491][  0]LogRHI: Texture pool is 1042 MB (70% of 1489 MB)
[2018.08.12-18.01.08:507][  0]LogD3D11RHI: Display: Timestamp queries are currently disabled on this hardware due to instability. Realtime GPU stats will not be available. You can override this behaviour by setting r.NVIDIATimestampWorkaround to 0
[2018.08.12-18.01.08:544][  0]LogD3D11RHI: [Aftermath] Aftermath enabled and primed
[2018.08.12-18.01.08:545][  0]LogD3D11RHI: [Aftermath] Aftermath enabled and primed
[2018.08.12-18.01.08:545][  0]LogD3D11RHI: Async texture creation enabled
[2018.08.12-18.01.08:614][  0]LogD3D11RHI: GPU Timing Frequency: 1000.000000 (Debug: 2 2)
[2018.08.12-18.01.08:684][  0]LogShaderCompilers: Guid format shader working directory is -6 characters bigger than the processId version (C:/Users/Connor/Documents/Unreal Projects/Unforgiven/Intermediate/Shaders/WorkingDirectory/11112/).
[2018.08.12-18.01.08:684][  0]LogShaderCompilers: Cleaned the shader compiler working directory 'C:/Users/Connor/AppData/Local/Temp/UnrealShaderWorkingDir/091B8936471FBDF16FE8D99BB080030B/'.
[2018.08.12-18.01.09:342][  0]LogTemp: Display: Loaded TP AllDesktopTargetPlatform
[2018.08.12-18.01.09:369][  0]LogTemp: Display: Loaded TP MacClientTargetPlatform
[2018.08.12-18.01.09:399][  0]LogTemp: Display: Loaded TP MacNoEditorTargetPlatform
[2018.08.12-18.01.09:421][  0]LogTemp: Display: Loaded TP MacServerTargetPlatform
[2018.08.12-18.01.09:469][  0]LogTemp: Display: Loaded TP MacTargetPlatform
[2018.08.12-18.01.09:492][  0]LogTemp: Display: Loaded TP WindowsClientTargetPlatform
[2018.08.12-18.01.09:516][  0]LogTemp: Display: Loaded TP WindowsNoEditorTargetPlatform
[2018.08.12-18.01.09:540][  0]LogTemp: Display: Loaded TP WindowsServerTargetPlatform
[2018.08.12-18.01.09:552][  0]LogTemp: Display: Loaded TP WindowsTargetPlatform
[2018.08.12-18.01.09:574][  0]LogTemp: Display: Loaded TP Android_ASTCTargetPlatform
[2018.08.12-18.01.09:600][  0]LogTemp: Display: Loaded TP Android_ATCTargetPlatform
[2018.08.12-18.01.09:625][  0]LogTemp: Display: Loaded TP Android_DXTTargetPlatform
[2018.08.12-18.01.09:647][  0]LogTemp: Display: Loaded TP Android_ETC1aTargetPlatform
[2018.08.12-18.01.09:669][  0]LogTemp: Display: Loaded TP Android_ETC1TargetPlatform
[2018.08.12-18.01.09:694][  0]LogTemp: Display: Loaded TP Android_ETC2TargetPlatform
[2018.08.12-18.01.09:741][  0]LogTemp: Display: Loaded TP Android_MultiTargetPlatform
[2018.08.12-18.01.09:741][  0]LogTemp: Display: Loaded TP Android_PVRTCTargetPlatform
[2018.08.12-18.01.09:797][  0]LogTemp: Display: Loaded TP AndroidTargetPlatform
[2018.08.12-18.01.09:800][  0]LogTemp: Display: Loaded TP HTML5TargetPlatform
[2018.08.12-18.01.09:919][  0]LogTemp: Display: Loaded TP IOSTargetPlatform
[2018.08.12-18.01.09:939][  0]LogTemp: Display: Loaded TP TVOSTargetPlatform
[2018.08.12-18.01.09:975][  0]LogTemp: Display: Loaded TP LinuxClientTargetPlatform
[2018.08.12-18.01.10:007][  0]LogTemp: Display: Loaded TP LinuxNoEditorTargetPlatform
[2018.08.12-18.01.10:046][  0]LogTemp: Display: Loaded TP LinuxServerTargetPlatform
[2018.08.12-18.01.10:113][  0]LogTemp: Display: Loaded TP LinuxTargetPlatform
[2018.08.12-18.01.10:113][  0]LogTargetPlatformManager: Display: Building Assets For Windows
[2018.08.12-18.01.10:752][  0]LogXGEController: Cannot use XGE Controller as Incredibuild is not installed on this machine.
[2018.08.12-18.01.10:752][  0]LogShaderCompilers: Cannot use XGE Shader Compiler as Incredibuild is not installed on this machine.
[2018.08.12-18.01.10:752][  0]LogShaderCompilers: Display: Using Local Shader Compiler.
[2018.08.12-18.01.13:278][  0]LogDerivedDataCache: Display: Max Cache Size: 512 MB
[2018.08.12-18.01.13:750][  0]LogDerivedDataCache: Loaded boot cache 0.47s 75MB C:/Users/Connor/AppData/Local/UnrealEngine/4.19/DerivedDataCache/Boot.ddc.
[2018.08.12-18.01.13:750][  0]LogDerivedDataCache: Display: Loaded Boot cache: C:/Users/Connor/AppData/Local/UnrealEngine/4.19/DerivedDataCache/Boot.ddc
[2018.08.12-18.01.13:751][  0]LogDerivedDataCache: FDerivedDataBackendGraph:  Pak pak cache file C:/Users/Connor/Documents/Unreal Projects/Unforgiven/DerivedDataCache/DDC.ddp not found, will not use a pak cache.
[2018.08.12-18.01.13:751][  0]LogDerivedDataCache: Unable to find inner node Pak for hierarchical cache Hierarchy.
[2018.08.12-18.01.13:751][  0]LogDerivedDataCache: FDerivedDataBackendGraph:  CompressedPak pak cache file C:/Users/Connor/Documents/Unreal Projects/Unforgiven/DerivedDataCache/Compressed.ddp not found, will not use a pak cache.
[2018.08.12-18.01.13:751][  0]LogDerivedDataCache: Unable to find inner node CompressedPak for hierarchical cache Hierarchy.
[2018.08.12-18.01.13:827][  0]LogDerivedDataCache: Display: Pak cache opened for reading ../../../Engine/DerivedDataCache/Compressed.ddp.
[2018.08.12-18.01.13:839][  0]LogDerivedDataCache: Using Local data cache path C:/Users/Connor/AppData/Local/UnrealEngine/Common/DerivedDataCache: Writable
[2018.08.12-18.01.13:839][  0]LogDerivedDataCache: Shared data cache path not found in *engine.ini, will not use an Shared cache.
[2018.08.12-18.01.13:839][  0]LogDerivedDataCache: Unable to find inner node Shared for hierarchical cache Hierarchy.
[2018.08.12-18.01.13:861][  0]LogMaterial: Verifying Global Shaders for PCD3D_SM5
[2018.08.12-18.01.13:882][  0]LogSlate: Using Freetype 2.6.0
[2018.08.12-18.01.13:965][  0]LogSlate: SlateFontCache - WITH_FREETYPE: 1, WITH_HARFBUZZ: 1
[2018.08.12-18.01.13:965][  0]LogSlate: SlateFontCache - WITH_FREETYPE: 1, WITH_HARFBUZZ: 1
[2018.08.12-18.01.17:318][  0]LogAssetRegistry: FAssetRegistry took 0.0299 seconds to start up
[2018.08.12-18.01.20:576][  0]LogInit: Selected Device Profile: [Windows]
[2018.08.12-18.01.22:016][  0]LogSimplygon: Simplygon DLL not present - disabling.
[2018.08.12-18.01.22:114][  0]LogMeshReduction: Using SimplygonSwarm for distributed automatic mesh merging
[2018.08.12-18.01.22:123][  0]LogMeshReduction: Using QuadricMeshReduction for automatic static mesh reduction
[2018.08.12-18.01.22:123][  0]LogMeshReduction: No automatic skeletal mesh reduction module available
[2018.08.12-18.01.22:123][  0]LogMeshReduction: No automatic mesh merging module available
[2018.08.12-18.01.22:123][  0]LogMeshMerging: No automatic mesh merging module available
[2018.08.12-18.01.22:414][  0]LogNetVersion: Unforgiven , NetCL: 3944462, EngineNetVer: 2, GameNetVer: 0 (Checksum: 513794330)
[2018.08.12-18.01.25:294][  0]LogAssetRegistry: Error: Failed to open file for write C:/Users/Connor/Documents/Unreal Projects/Unforgiven/Intermediate/AssetRegistryCache/e8c2d44a.bin
[2018.08.12-18.01.25:301][  0]LogFileManager: Warning: MoveFile was unable to move 'C:/Users/Connor/Documents/Unreal Projects/Unforgiven/Intermediate/AssetRegistryCache/2657c409.bin.tmp' to 'C:/Users/Connor/Documents/Unreal Projects/Unforgiven/Intermediate/AssetRegistryCache/2657c409.bin', retrying in .5s...
[2018.08.12-18.01.25:801][  0]LogFileManager: Warning: MoveFile was unable to move 'C:/Users/Connor/Documents/Unreal Projects/Unforgiven/Intermediate/AssetRegistryCache/2657c409.bin.tmp' to 'C:/Users/Connor/Documents/Unreal Projects/Unforgiven/Intermediate/AssetRegistryCache/2657c409.bin', retrying in .5s...
[2018.08.12-18.01.26:302][  0]LogFileManager: Warning: MoveFile was unable to move 'C:/Users/Connor/Documents/Unreal Projects/Unforgiven/Intermediate/AssetRegistryCache/2657c409.bin.tmp' to 'C:/Users/Connor/Documents/Unreal Projects/Unforgiven/Intermediate/AssetRegistryCache/2657c409.bin', retrying in .5s...
[2018.08.12-18.01.26:802][  0]LogFileManager: Warning: MoveFile was unable to move 'C:/Users/Connor/Documents/Unreal Projects/Unforgiven/Intermediate/AssetRegistryCache/2657c409.bin.tmp' to 'C:/Users/Connor/Documents/Unreal Projects/Unforgiven/Intermediate/AssetRegistryCache/2657c409.bin', retrying in .5s...
[2018.08.12-18.01.27:302][  0]LogFileManager: Warning: MoveFile was unable to move 'C:/Users/Connor/Documents/Unreal Projects/Unforgiven/Intermediate/AssetRegistryCache/2657c409.bin.tmp' to 'C:/Users/Connor/Documents/Unreal Projects/Unforgiven/Intermediate/AssetRegistryCache/2657c409.bin', retrying in .5s...
[2018.08.12-18.01.27:802][  0]LogFileManager: Warning: MoveFile was unable to move 'C:/Users/Connor/Documents/Unreal Projects/Unforgiven/Intermediate/AssetRegistryCache/2657c409.bin.tmp' to 'C:/Users/Connor/Documents/Unreal Projects/Unforgiven/Intermediate/AssetRegistryCache/2657c409.bin', retrying in .5s...
[2018.08.12-18.01.28:302][  0]LogFileManager: Warning: MoveFile was unable to move 'C:/Users/Connor/Documents/Unreal Projects/Unforgiven/Intermediate/AssetRegistryCache/2657c409.bin.tmp' to 'C:/Users/Connor/Documents/Unreal Projects/Unforgiven/Intermediate/AssetRegistryCache/2657c409.bin', retrying in .5s...
[2018.08.12-18.01.28:802][  0]LogFileManager: Warning: MoveFile was unable to move 'C:/Users/Connor/Documents/Unreal Projects/Unforgiven/Intermediate/AssetRegistryCache/2657c409.bin.tmp' to 'C:/Users/Connor/Documents/Unreal Projects/Unforgiven/Intermediate/AssetRegistryCache/2657c409.bin', retrying in .5s...
[2018.08.12-18.01.29:302][  0]LogFileManager: Warning: MoveFile was unable to move 'C:/Users/Connor/Documents/Unreal Projects/Unforgiven/Intermediate/AssetRegistryCache/2657c409.bin.tmp' to 'C:/Users/Connor/Documents/Unreal Projects/Unforgiven/Intermediate/AssetRegistryCache/2657c409.bin', retrying in .5s...
[2018.08.12-18.01.29:802][  0]LogFileManager: Warning: MoveFile was unable to move 'C:/Users/Connor/Documents/Unreal Projects/Unforgiven/Intermediate/AssetRegistryCache/2657c409.bin.tmp' to 'C:/Users/Connor/Documents/Unreal Projects/Unforgiven/Intermediate/AssetRegistryCache/2657c409.bin', retrying in .5s...
[2018.08.12-18.01.30:302][  0]LogFileManager: Error: Error moving file 'C:/Users/Connor/Documents/Unreal Projects/Unforgiven/Intermediate/AssetRegistryCache/2657c409.bin.tmp' to 'C:/Users/Connor/Documents/Unreal Projects/Unforgiven/Intermediate/AssetRegistryCache/2657c409.bin'.
[2018.08.12-18.01.30:427][  0]LogPackageLocalizationCache: Processed 9 localized package path(s) for 2 prioritized culture(s) in 5.136185 seconds
[2018.08.12-18.01.30:439][  0]LogUObjectArray: 36728 objects as part of root set at end of initial load.
[2018.08.12-18.01.30:440][  0]LogUObjectAllocator: 7314304 out of 0 bytes used by permanent object pool.
[2018.08.12-18.01.30:440][  0]LogUObjectArray: CloseDisregardForGC: 0/0 objects in disregard for GC pool
[2018.08.12-18.01.43:176][  0]LogAssetRegistry: Error: Failed to open file for write C:/Users/Connor/Documents/Unreal Projects/Unforgiven/Intermediate/CachedAssetRegistry.bin
[2018.08.12-18.01.44:063][  0]LogTcpMessaging: Initializing TcpMessaging bridge
[2018.08.12-18.01.44:120][  0]LogUdpMessaging: Initializing bridge on interface 0.0.0.0:0 to multicast group 230.0.0.1:6666.
[2018.08.12-18.01.45:193][  0]LogConfig: Warning: Failed to saved backup for config[SourceControlSettings]
[2018.08.12-18.01.45:194][  0]SourceControl: Source control is disabled
[2018.08.12-18.01.45:194][  0]SourceControl: Source control is disabled
[2018.08.12-18.01.45:272][  0]SourceControl: Source control is disabled
[2018.08.12-18.01.45:309][  0]SourceControl: Source control is disabled
[2018.08.12-18.01.46:617][  0]LogAndroidPermission: UAndroidPermissionCallbackProxy::GetInstance
[2018.08.12-18.01.47:037][  0]LogOcInput: OculusInput pre-init called
[2018.08.12-18.01.47:636][  0]LogEngine: Initializing Engine...
[2018.08.12-18.01.47:825][  0]LogHMD: Failed to initialize OpenVR with code 105
[2018.08.12-18.01.47:827][  0]LogStats: UGameplayTagsManager::ConstructGameplayTagTree: Construct from data asset -  0.000 s
[2018.08.12-18.01.47:848][  0]LogStats: UGameplayTagsManager::ConstructGameplayTagTree: GameplayTagTreeChangedEvent.Broadcast -  0.000 s
[2018.08.12-18.01.48:943][  0]LogAIModule: Creating AISystem for world Untitled
[2018.08.12-18.01.48:970][  0]LogInit: XAudio2 using 'Speakers (3- Line 6 UX2)' : 2 channels at 44.1 kHz using 16 bits per sample (channel mask 0x3)
[2018.08.12-18.01.49:003][  0]LogInit: FAudioDevice initialized.
[2018.08.12-18.01.49:270][  0]LogDerivedDataCache: Saved boot cache 0.27s 75MB C:/Users/Connor/AppData/Local/UnrealEngine/4.19/DerivedDataCache/Boot.ddc.
[2018.08.12-18.01.49:293][  0]LogInit: Texture streaming: Enabled
[2018.08.12-18.01.49:318][  0]LogEngineSessionManager: EngineSessionManager initialized
[2018.08.12-18.01.49:349][  0]LogInit: Transaction tracking system initialized
[2018.08.12-18.01.49:470][  0]BlueprintLog: New page: Editor Load
[2018.08.12-18.01.50:230][  0]LocalizationService: Localization service is disabled
[2018.08.12-18.01.50:876][  0]LogConsoleResponse: Display: 
[2018.08.12-18.01.53:094][  0]LogCook: Display: Max memory allowance for cook 16384mb min free memory 0mb
[2018.08.12-18.01.53:114][  0]LogFileCache: Scanning file cache for directory 'C:/Users/Connor/Documents/Unreal Projects/Unforgiven/Content/' took 0.01s
[2018.08.12-18.01.53:114][  0]LogCook: Display: Mobile HDR setting 1
[2018.08.12-18.01.53:114][  0]LogGameplayTags: Display: UGameplayTagsManager::DoneAddingNativeTags. DelegateIsBound: 0
[2018.08.12-18.01.53:114][  0]LogStats: UGameplayTagsManager::ConstructGameplayTagTree: Construct from data asset -  0.000 s
[2018.08.12-18.01.53:114][  0]LogStats: UGameplayTagsManager::ConstructGameplayTagTree: GameplayTagTreeChangedEvent.Broadcast -  0.000 s
[2018.08.12-18.01.56:371][  0]SourceControl: Source control is disabled
[2018.08.12-18.01.56:388][  0]Cmd: MAP LOAD FILE="C:/Users/Connor/Documents/Unreal Projects/Unforgiven/Content/WarehouseLevel.umap" TEMPLATE=0 SHOWPROGRESS=1 FEATURELEVEL=3
[2018.08.12-18.01.56:389][  0]LightingResults: New page: Lighting Build
[2018.08.12-18.01.56:518][  0]MapCheck: New page: Map Check
[2018.08.12-18.01.56:518][  0]LightingResults: New page: Lighting Build
[2018.08.12-18.01.56:555][  0]LogUObjectGlobals: Created PersistentFrame Addr=0x00000000255b4d00, Size=184, Default__RedCrate_BP_C Function /Game/ThirdPersonBP/Blueprints/RedCrate_BP.RedCrate_BP_C:ExecuteUbergraph_RedCrate_BP
[2018.08.12-18.01.56:558][  0]LogUObjectGlobals: Created PersistentFrame Addr=0x0000000025677200, Size=400, Default__RegularCrate_BP_C Function /Game/ThirdPersonBP/Blueprints/RegularCrate_BP.RegularCrate_BP_C:ExecuteUbergraph_RegularCrate_BP
[2018.08.12-18.01.56:582][  0]LogUObjectGlobals: Destroyed PersistentFrame Addr=0x00000000255b4d00, Size=184
[2018.08.12-18.01.56:582][  0]LogUObjectGlobals: Created PersistentFrame Addr=0x00000000255b4d00, Size=184, Default__RedCrate_BP_C Function /Engine/Transient.REINST_RedCrate_BP_C_1:ExecuteUbergraph_RedCrate_BP
[2018.08.12-18.01.56:583][  0]LogUObjectGlobals: Destroyed PersistentFrame Addr=0x0000000025677200, Size=400
[2018.08.12-18.01.56:583][  0]LogUObjectGlobals: Created PersistentFrame Addr=0x0000000025677200, Size=400, Default__RegularCrate_BP_C Function /Engine/Transient.REINST_RegularCrate_BP_C_2:ExecuteUbergraph_RegularCrate_BP
[2018.08.12-18.01.56:591][  0]LogUObjectGlobals: Created PersistentFrame Addr=0x0000000025c031c0, Size=184, Default__RedCrate_BP_C Function /Game/ThirdPersonBP/Blueprints/RedCrate_BP.RedCrate_BP_C:ExecuteUbergraph_RedCrate_BP
[2018.08.12-18.01.56:592][  0]LogUObjectGlobals: Created PersistentFrame Addr=0x0000000025be7900, Size=400, Default__RegularCrate_BP_C Function /Game/ThirdPersonBP/Blueprints/RegularCrate_BP.RegularCrate_BP_C:ExecuteUbergraph_RegularCrate_BP
[2018.08.12-18.01.56:826][  0]LogUObjectGlobals: Created PersistentFrame Addr=0x0000000025beda80, Size=344, Default__BackOfVan_BP_C Function /Game/ThirdPersonBP/Blueprints/BackOfVan_BP.BackOfVan_BP_C:ExecuteUbergraph_BackOfVan_BP
[2018.08.12-18.01.56:832][  0]LogUObjectGlobals: Created PersistentFrame Addr=0x00000000290f4800, Size=1456, Default__NuclearCharacter_C Function /Game/ThirdPersonBP/Blueprints/NuclearCharacter.NuclearCharacter_C:ExecuteUbergraph_NuclearCharacter
[2018.08.12-18.01.56:850][  0]LogUObjectGlobals: Created PersistentFrame Addr=0x000000002630a6e0, Size=96, Default__AI_BasicEnemy_C Function /Game/ThirdPersonBP/Blueprints/AI_BasicEnemy.AI_BasicEnemy_C:ExecuteUbergraph_AI_BasicEnemy
[2018.08.12-18.01.56:861][  0]LogUObjectGlobals: Created PersistentFrame Addr=0x00000000294c4170, Size=16, Default__Projectile_C Function /Game/ThirdPersonBP/Blueprints/Projectile.Projectile_C:ExecuteUbergraph_Projectile
[2018.08.12-18.01.56:906][  0]LogUObjectGlobals: Created PersistentFrame Addr=0x00000000290b8800, Size=928, Default__EnemyCharacter_C Function /Game/ThirdPersonBP/Blueprints/EnemyCharacter.EnemyCharacter_C:ExecuteUbergraph_EnemyCharacter
[2018.08.12-18.01.56:957][  0]LogUObjectGlobals: Created PersistentFrame Addr=0x00000000295054e0, Size=4, Default__OrderUI_Both_C Function /Game/ThirdPersonBP/UI/OrderUI_Both.OrderUI_Both_C:ExecuteUbergraph_OrderUI_Both
[2018.08.12-18.01.56:970][  0]LogUObjectGlobals: Created PersistentFrame Addr=0x0000000029505378, Size=4, Default__OrderUI_Red_C Function /Game/ThirdPersonBP/UI/OrderUI_Red.OrderUI_Red_C:ExecuteUbergraph_OrderUI_Red
[2018.08.12-18.01.56:983][  0]LogUObjectGlobals: Created PersistentFrame Addr=0x0000000029505210, Size=4, Default__OrderUI_Regular_C Function /Game/ThirdPersonBP/UI/OrderUI_Regular.OrderUI_Regular_C:ExecuteUbergraph_OrderUI_Regular
[2018.08.12-18.01.57:084][  0]LogUObjectGlobals: Destroyed PersistentFrame Addr=0x0000000025beda80, Size=344
[2018.08.12-18.01.57:084][  0]LogUObjectGlobals: Created PersistentFrame Addr=0x0000000026624580, Size=344, Default__BackOfVan_BP_C Function /Engine/Transient.REINST_BackOfVan_BP_C_9:ExecuteUbergraph_BackOfVan_BP
[2018.08.12-18.01.57:086][  0]LogUObjectGlobals: Destroyed PersistentFrame Addr=0x00000000294c4170, Size=16
[2018.08.12-18.01.57:086][  0]LogUObjectGlobals: Created PersistentFrame Addr=0x00000000267060d0, Size=16, Default__Projectile_C Function /Engine/Transient.REINST_Projectile_C_10:ExecuteUbergraph_Projectile
[2018.08.12-18.01.57:087][  0]LogUObjectGlobals: Destroyed PersistentFrame Addr=0x000000002630a6e0, Size=96
[2018.08.12-18.01.57:087][  0]LogUObjectGlobals: Created PersistentFrame Addr=0x00000000290618a0, Size=96, Default__AI_BasicEnemy_C Function /Engine/Transient.REINST_AI_BasicEnemy_C_11:ExecuteUbergraph_AI_BasicEnemy
[2018.08.12-18.01.57:087][  0]LogUObjectGlobals: Destroyed PersistentFrame Addr=0x00000000295054e0, Size=4
[2018.08.12-18.01.57:087][  0]LogUObjectGlobals: Created PersistentFrame Addr=0x0000000026633fb8, Size=4, Default__OrderUI_Both_C Function /Engine/Transient.REINST_OrderUI_Both_C_0:ExecuteUbergraph_OrderUI_Both
[2018.08.12-18.01.57:087][  0]LogUObjectGlobals: Destroyed PersistentFrame Addr=0x0000000029505378, Size=4
[2018.08.12-18.01.57:087][  0]LogUObjectGlobals: Created PersistentFrame Addr=0x0000000026633fa8, Size=4, Default__OrderUI_Red_C Function /Engine/Transient.REINST_OrderUI_Red_C_1:ExecuteUbergraph_OrderUI_Red
[2018.08.12-18.01.57:088][  0]LogUObjectGlobals: Destroyed PersistentFrame Addr=0x0000000029505210, Size=4
[2018.08.12-18.01.57:088][  0]LogUObjectGlobals: Created PersistentFrame Addr=0x0000000026633f98, Size=4, Default__OrderUI_Regular_C Function /Engine/Transient.REINST_OrderUI_Regular_C_2:ExecuteUbergraph_OrderUI_Regular
[2018.08.12-18.01.57:089][  0]LogUObjectGlobals: Destroyed PersistentFrame Addr=0x00000000290b8800, Size=928
[2018.08.12-18.01.57:089][  0]LogUObjectGlobals: Created PersistentFrame Addr=0x00000000266eec00, Size=928, Default__EnemyCharacter_C Function /Engine/Transient.REINST_EnemyCharacter_C_12:ExecuteUbergraph_EnemyCharacter
[2018.08.12-18.01.57:091][  0]LogUObjectGlobals: Destroyed PersistentFrame Addr=0x00000000290f4800, Size=1456
[2018.08.12-18.01.57:091][  0]LogUObjectGlobals: Created PersistentFrame Addr=0x000000002660b200, Size=1456, Default__NuclearCharacter_C Function /Engine/Transient.REINST_NuclearCharacter_C_13:ExecuteUbergraph_NuclearCharacter
[2018.08.12-18.01.57:157][  0]LogUObjectGlobals: Created PersistentFrame Addr=0x0000000029828700, Size=344, Default__BackOfVan_BP_C Function /Game/ThirdPersonBP/Blueprints/BackOfVan_BP.BackOfVan_BP_C:ExecuteUbergraph_BackOfVan_BP
[2018.08.12-18.01.57:160][  0]LogUObjectGlobals: Created PersistentFrame Addr=0x00000000299347d0, Size=16, Default__Projectile_C Function /Game/ThirdPersonBP/Blueprints/Projectile.Projectile_C:ExecuteUbergraph_Projectile
[2018.08.12-18.01.57:162][  0]LogUObjectGlobals: Created PersistentFrame Addr=0x00000000297f37c0, Size=96, Default__AI_BasicEnemy_C Function /Game/ThirdPersonBP/Blueprints/AI_BasicEnemy.AI_BasicEnemy_C:ExecuteUbergraph_AI_BasicEnemy
[2018.08.12-18.01.57:164][  0]LogUObjectGlobals: Created PersistentFrame Addr=0x00000000266329f0, Size=4, Default__OrderUI_Both_C Function /Game/ThirdPersonBP/UI/OrderUI_Both.OrderUI_Both_C:ExecuteUbergraph_OrderUI_Both
[2018.08.12-18.01.57:165][  0]LogUObjectGlobals: Created PersistentFrame Addr=0x00000000266329b0, Size=4, Default__OrderUI_Red_C Function /Game/ThirdPersonBP/UI/OrderUI_Red.OrderUI_Red_C:ExecuteUbergraph_OrderUI_Red
[2018.08.12-18.01.57:166][  0]LogUObjectGlobals: Created PersistentFrame Addr=0x0000000026632970, Size=4, Default__OrderUI_Regular_C Function /Game/ThirdPersonBP/UI/OrderUI_Regular.OrderUI_Regular_C:ExecuteUbergraph_OrderUI_Regular
[2018.08.12-18.01.57:170][  0]LogUObjectGlobals: Created PersistentFrame Addr=0x00000000266ed800, Size=928, Default__EnemyCharacter_C Function /Game/ThirdPersonBP/Blueprints/EnemyCharacter.EnemyCharacter_C:ExecuteUbergraph_EnemyCharacter
[2018.08.12-18.01.57:179][  0]LogUObjectGlobals: Created PersistentFrame Addr=0x000000002979cf00, Size=1456, Default__NuclearCharacter_C Function /Game/ThirdPersonBP/Blueprints/NuclearCharacter.NuclearCharacter_C:ExecuteUbergraph_NuclearCharacter
[2018.08.12-18.01.57:223][  0]LogUObjectGlobals: Created PersistentFrame Addr=0x0000000026632428, Size=4, Default__CrateSpawner_C Function /Game/ThirdPersonBP/Blueprints/CrateSpawner.CrateSpawner_C:ExecuteUbergraph_CrateSpawner
[2018.08.12-18.01.57:226][  0]LogUObjectGlobals: Destroyed PersistentFrame Addr=0x0000000026632428, Size=4
[2018.08.12-18.01.57:226][  0]LogUObjectGlobals: Created PersistentFrame Addr=0x0000000026632428, Size=4, Default__CrateSpawner_C Function /Engine/Transient.REINST_CrateSpawner_C_22:ExecuteUbergraph_CrateSpawner
[2018.08.12-18.01.57:227][  0]LogUObjectGlobals: Created PersistentFrame Addr=0x00000000266324b8, Size=4, Default__CrateSpawner_C Function /Game/ThirdPersonBP/Blueprints/CrateSpawner.CrateSpawner_C:ExecuteUbergraph_CrateSpawner
[2018.08.12-18.01.57:284][  0]LogUObjectGlobals: Created PersistentFrame Addr=0x0000000029838800, Size=480, Default__WarehouseLevel_C Function /Game/WarehouseLevel.WarehouseLevel_C:ExecuteUbergraph_WarehouseLevel
[2018.08.12-18.01.57:296][  0]LogUObjectGlobals: Destroyed PersistentFrame Addr=0x0000000029838800, Size=480
[2018.08.12-18.01.57:296][  0]LogUObjectGlobals: Created PersistentFrame Addr=0x0000000029838800, Size=480, Default__WarehouseLevel_C Function /Engine/Transient.REINST_WarehouseLevel_C_24:ExecuteUbergraph_WarehouseLevel
[2018.08.12-18.01.57:309][  0]LogUObjectGlobals: Created PersistentFrame Addr=0x0000000029099600, Size=480, Default__WarehouseLevel_C Function /Game/WarehouseLevel.WarehouseLevel_C:ExecuteUbergraph_WarehouseLevel
[2018.08.12-18.01.58:016][  0]LogAIModule: Creating AISystem for world WarehouseLevel
[2018.08.12-18.01.58:059][  0]LogEditorServer: Finished looking for orphan Actors (0.000 secs)
[2018.08.12-18.01.58:085][  0]LogUObjectGlobals: Destroyed PersistentFrame Addr=0x00000000255b4d00, Size=184
[2018.08.12-18.01.58:085][  0]LogUObjectGlobals: Destroyed PersistentFrame Addr=0x0000000025677200, Size=400
[2018.08.12-18.01.58:085][  0]LogUObjectGlobals: Destroyed PersistentFrame Addr=0x0000000026624580, Size=344
[2018.08.12-18.01.58:085][  0]LogUObjectGlobals: Destroyed PersistentFrame Addr=0x000000002660b200, Size=1456
[2018.08.12-18.01.58:085][  0]LogUObjectGlobals: Destroyed PersistentFrame Addr=0x00000000290618a0, Size=96
[2018.08.12-18.01.58:085][  0]LogUObjectGlobals: Destroyed PersistentFrame Addr=0x00000000267060d0, Size=16
[2018.08.12-18.01.58:085][  0]LogUObjectGlobals: Destroyed PersistentFrame Addr=0x00000000266eec00, Size=928
[2018.08.12-18.01.58:085][  0]LogUObjectGlobals: Destroyed PersistentFrame Addr=0x0000000026633fb8, Size=4
[2018.08.12-18.01.58:085][  0]LogUObjectGlobals: Destroyed PersistentFrame Addr=0x0000000026633fa8, Size=4
[2018.08.12-18.01.58:085][  0]LogUObjectGlobals: Destroyed PersistentFrame Addr=0x0000000026633f98, Size=4
[2018.08.12-18.01.58:086][  0]LogUObjectGlobals: Destroyed PersistentFrame Addr=0x0000000026632428, Size=4
[2018.08.12-18.01.58:086][  0]LogUObjectGlobals: Destroyed PersistentFrame Addr=0x0000000029838800, Size=480
[2018.08.12-18.01.58:089][  0]Cmd: MAP CHECKDEP NOCLEARLOG
[2018.08.12-18.01.58:180][  0]MapCheck: Map check complete: 0 Error(s), 0 Warning(s), took 91.503ms to complete.
[2018.08.12-18.01.58:180][  0]LogFileHelpers: Loading map 'WarehouseLevel' took 1.792
[2018.08.12-18.01.58:816][  0]LogCollectionManager: Loaded 0 collections in 0.003840 seconds
[2018.08.12-18.01.58:934][  0]LogFileCache: Scanning file cache for directory 'C:/Users/Connor/Documents/Unreal Projects/Unforgiven/Saved/Collections/' took 0.01s
[2018.08.12-18.01.58:934][  0]LogFileCache: Scanning file cache for directory 'C:/Users/Connor/Documents/Unreal Projects/Unforgiven/Content/Developers/Connor/Collections/' took 0.01s
[2018.08.12-18.01.58:934][  0]LogFileCache: Scanning file cache for directory 'C:/Users/Connor/Documents/Unreal Projects/Unforgiven/Content/Collections/' took 0.01s
[2018.08.12-18.01.58:934][  0]LogCollectionManager: Rebuilt the GUID cache for 0 collections in 0.000000 seconds
[2018.08.12-18.01.58:959][  0]LogContentBrowser: Native class hierarchy populated in 0.0250 seconds. Added 2452 classes and 558 folders.
[2018.08.12-18.01.59:018][  0]LogContentBrowser: Native class hierarchy updated for 'WidgetCarousel' in 0.0004 seconds. Added 0 classes and 0 folders.
[2018.08.12-18.02.00:817][  0]LogContentBrowser: Native class hierarchy updated for 'AddContentDialog' in 0.0003 seconds. Added 0 classes and 0 folders.
[2018.08.12-18.02.00:850][  0]LogContentBrowser: Native class hierarchy updated for 'SceneOutliner' in 0.0003 seconds. Added 1 classes and 2 folders.
[2018.08.12-18.02.00:983][  0]LogSlate: Took 0.020713 seconds to synchronously load lazily loaded font '../../../Engine/Content/Slate/Fonts/Roboto-Regular.ttf' (155K)
[2018.08.12-18.02.01:013][  0]LogSlate: Took 0.026901 seconds to synchronously load lazily loaded font '../../../Engine/Content/Slate/Fonts/Roboto-Bold.ttf' (160K)
[2018.08.12-18.02.01:042][  0]LogSlate: Took 0.020637 seconds to synchronously load lazily loaded font '../../../Engine/Content/Editor/Slate/Fonts/FontAwesome.ttf' (139K)
[2018.08.12-18.02.01:468][  0]LogRenderer: Reallocating scene render targets to support 1004x652 Format 10 NumSamples 1 (Frame:1).
[2018.08.12-18.02.01:661][  0]LogSlate: Took 0.002304 seconds to synchronously load lazily loaded font '../../../Engine/Content/Slate/Fonts/Roboto-Light.ttf' (167K)
[2018.08.12-18.02.01:972][  0]LogContentBrowser: Native class hierarchy updated for 'HierarchicalLODOutliner' in 0.0003 seconds. Added 0 classes and 0 folders.
[2018.08.12-18.02.01:972][  0]LogLoad: (Engine Initialization) Total time: 94.30 seconds
[2018.08.12-18.02.01:972][  0]LogLoad: (Engine Initialization) Total Blueprint compile time: 0.00 seconds
[2018.08.12-18.02.02:332][  0]LogContentStreaming: Texture pool size now 1000 MB
[2018.08.12-18.02.02:998][  2]LogAssetRegistry: Asset discovery search completed in 45.7012 seconds
[2018.08.12-18.02.03:000][  2]LogCollectionManager: Rebuilt the object cache for 0 collections in 0.000001 seconds (found 0 objects)
[2018.08.12-18.02.03:000][  2]LogCollectionManager: Fixed up redirectors for 0 collections in 0.000067 seconds (updated 0 objects)
[2018.08.12-18.05.18:359][579]LogSlate: FSceneViewport::OnFocusLost() reason 0
[2018.08.12-18.05.18:533][582]LogSlate: Window 'Unforgiven - Unreal Editor' being destroyed
[2018.08.12-18.05.18:757][583]Cmd: QUIT_EDITOR
[2018.08.12-18.05.18:792][583]LogSlate: Slate User Destroyed.  User Index 0, Is Virtual User: 0
[2018.08.12-18.05.18:792][583]LogExit: Preparing to exit.
[2018.08.12-18.05.19:199][583]LogExit: Editor shut down
[2018.08.12-18.05.19:206][583]LogExit: Transaction tracking system shut down
[2018.08.12-18.05.19:206][583]LogUObjectGlobals: Destroyed PersistentFrame Addr=0x0000000025c031c0, Size=184
[2018.08.12-18.05.19:206][583]LogUObjectGlobals: Destroyed PersistentFrame Addr=0x0000000025be7900, Size=400
[2018.08.12-18.05.19:207][583]LogUObjectGlobals: Destroyed PersistentFrame Addr=0x0000000029828700, Size=344
[2018.08.12-18.05.19:207][583]LogUObjectGlobals: Destroyed PersistentFrame Addr=0x00000000299347d0, Size=16
[2018.08.12-18.05.19:207][583]LogUObjectGlobals: Destroyed PersistentFrame Addr=0x00000000297f37c0, Size=96
[2018.08.12-18.05.19:207][583]LogUObjectGlobals: Destroyed PersistentFrame Addr=0x00000000266329f0, Size=4
[2018.08.12-18.05.19:207][583]LogUObjectGlobals: Destroyed PersistentFrame Addr=0x00000000266329b0, Size=4
[2018.08.12-18.05.19:207][583]LogUObjectGlobals: Destroyed PersistentFrame Addr=0x0000000026632970, Size=4
[2018.08.12-18.05.19:207][583]LogUObjectGlobals: Destroyed PersistentFrame Addr=0x00000000266ed800, Size=928
[2018.08.12-18.05.19:207][583]LogUObjectGlobals: Destroyed PersistentFrame Addr=0x000000002979cf00, Size=1456
[2018.08.12-18.05.19:207][583]LogUObjectGlobals: Destroyed PersistentFrame Addr=0x00000000266324b8, Size=4
[2018.08.12-18.05.19:208][583]LogUObjectGlobals: Destroyed PersistentFrame Addr=0x0000000029099600, Size=480
[2018.08.12-18.05.19:317][583]LogDirectoryWatcher: A directory notification for '../../../Engine/Content/' was aborted.
[2018.08.12-18.05.19:317][583]LogDirectoryWatcher: A directory notification for 'C:/Users/Connor/Documents/Unreal Projects/Unforgiven/Content/' was aborted.
[2018.08.12-18.05.19:317][583]LogDirectoryWatcher: A directory notification for '../../Plugins/2D/Paper2D/Content/' was aborted.
[2018.08.12-18.05.19:317][583]LogDirectoryWatcher: A directory notification for '../../Plugins/Enterprise/DatasmithContent/Content/' was aborted.
[2018.08.12-18.05.19:317][583]LogDirectoryWatcher: A directory notification for '../../Plugins/Media/MediaCompositing/Content/' was aborted.
[2018.08.12-18.05.19:317][583]LogDirectoryWatcher: A directory notification for '../../Plugins/Runtime/AppleARKit/Content/' was aborted.
[2018.08.12-18.05.19:317][583]LogDirectoryWatcher: A directory notification for '../../Plugins/Runtime/Oculus/OculusVR/Content/' was aborted.
[2018.08.12-18.05.19:317][583]LogDirectoryWatcher: A directory notification for '../../Plugins/Runtime/Steam/SteamVR/Content/' was aborted.
[2018.08.12-18.05.19:394][583]LogExit: Object subsystem successfully closed.
[2018.08.12-18.05.19:410][583]LogShaderCompilers: Display: Shaders left to compile 0
[2018.08.12-18.05.19:414][583]LogD3D11RHI: Shutdown
[2018.08.12-18.05.19:414][583]LogD3D11RHI: CleanupD3DDevice
[2018.08.12-18.05.19:417][583]LogD3D11RHI: ~FD3D11DynamicRHI
[2018.08.12-18.05.19:432][583]LogModuleManager: Shutting down and abandoning module HierarchicalLODOutliner (574)
[2018.08.12-18.05.19:432][583]LogModuleManager: Shutting down and abandoning module SceneOutliner (572)
[2018.08.12-18.05.19:432][583]LogModuleManager: Shutting down and abandoning module AddContentDialog (570)
[2018.08.12-18.05.19:432][583]LogDirectoryWatcher: A directory notification for 'D:/UE4/Unreal Engine/UE_4.19/FeaturePacks/' was aborted.
[2018.08.12-18.05.19:433][583]LogModuleManager: Shutting down and abandoning module WidgetCarousel (569)
[2018.08.12-18.05.19:433][583]LogModuleManager: Shutting down and abandoning module EditorWidgets (566)
[2018.08.12-18.05.19:433][583]LogModuleManager: Shutting down and abandoning module CollectionManager (564)
[2018.08.12-18.05.19:433][583]LogDirectoryWatcher: A directory notification for 'C:/Users/Connor/Documents/Unreal Projects/Unforgiven/Content/Collections/' was aborted.
[2018.08.12-18.05.19:433][583]LogDirectoryWatcher: A directory notification for 'C:/Users/Connor/Documents/Unreal Projects/Unforgiven/Content/Developers/Connor/Collections/' was aborted.
[2018.08.12-18.05.19:433][583]LogDirectoryWatcher: A directory notification for 'C:/Users/Connor/Documents/Unreal Projects/Unforgiven/Saved/Collections/' was aborted.
[2018.08.12-18.05.19:433][583]LogModuleManager: Shutting down and abandoning module StatsViewer (562)
[2018.08.12-18.05.19:433][583]LogModuleManager: Shutting down and abandoning module FoliageEdit (560)
[2018.08.12-18.05.19:434][583]LogModuleManager: Shutting down and abandoning module LandscapeEditor (558)
[2018.08.12-18.05.19:434][583]LogModuleManager: Shutting down and abandoning module MeshPaintMode (556)
[2018.08.12-18.05.19:434][583]LogModuleManager: Shutting down and abandoning module SceneDepthPickerMode (554)
[2018.08.12-18.05.19:434][583]LogModuleManager: Shutting down and abandoning module ActorPickerMode (552)
[2018.08.12-18.05.19:434][583]LogModuleManager: Shutting down and abandoning module GeometryMode (550)
[2018.08.12-18.05.19:434][583]LogModuleManager: Shutting down and abandoning module TextureAlignMode (548)
[2018.08.12-18.05.19:434][583]LogModuleManager: Shutting down and abandoning module BspMode (546)
[2018.08.12-18.05.19:434][583]LogModuleManager: Shutting down and abandoning module PIEPreviewDeviceProfileSelector (544)
[2018.08.12-18.05.19:434][583]LogModuleManager: Shutting down and abandoning module HardwareSurvey (542)
[2018.08.12-18.05.19:434][583]LogModuleManager: Shutting down and abandoning module SequenceRecorderSections (540)
[2018.08.12-18.05.19:434][583]LogModuleManager: Shutting down and abandoning module AutomationWorker (538)
[2018.08.12-18.05.19:434][583]LogModuleManager: Shutting down and abandoning module AudioCaptureEditor (536)
[2018.08.12-18.05.19:434][583]LogModuleManager: Shutting down and abandoning module SequenceRecorder (535)
[2018.08.12-18.05.19:434][583]LogModuleManager: Shutting down and abandoning module MatineeToLevelSequence (532)
[2018.08.12-18.05.19:434][583]LogModuleManager: Shutting down and abandoning module LevelSequenceEditor (530)
[2018.08.12-18.05.19:434][583]LogModuleManager: Shutting down and abandoning module PlacementMode (529)
[2018.08.12-18.05.19:434][583]LogModuleManager: Shutting down and abandoning module MaterialEditor (528)
[2018.08.12-18.05.19:434][583]LogModuleManager: Shutting down and abandoning module WmfMediaFactory (524)
[2018.08.12-18.05.19:434][583]LogModuleManager: Shutting down and abandoning module WmfMediaEditor (522)
[2018.08.12-18.05.19:435][583]LogModuleManager: Shutting down and abandoning module MediaPlayerEditor (520)
[2018.08.12-18.05.19:435][583]LogModuleManager: Shutting down and abandoning module OpenExrWrapper (518)
[2018.08.12-18.05.19:435][583]LogModuleManager: Shutting down and abandoning module ImgMediaFactory (516)
[2018.08.12-18.05.19:435][583]LogModuleManager: Shutting down and abandoning module ImgMediaEditor (514)
[2018.08.12-18.05.19:435][583]LogModuleManager: Shutting down and abandoning module AvfMediaFactory (512)
[2018.08.12-18.05.19:435][583]LogModuleManager: Shutting down and abandoning module AvfMediaEditor (510)
[2018.08.12-18.05.19:435][583]LogModuleManager: Shutting down and abandoning module AndroidMediaFactory (508)
[2018.08.12-18.05.19:435][583]LogModuleManager: Shutting down and abandoning module AndroidMediaEditor (506)
[2018.08.12-18.05.19:435][583]LogModuleManager: Shutting down and abandoning module CharacterAI (504)
[2018.08.12-18.05.19:435][583]LogModuleManager: Shutting down and abandoning module SmartSnapping (502)
[2018.08.12-18.05.19:435][583]LogModuleManager: Shutting down and abandoning module SessionServices (500)
[2018.08.12-18.05.19:435][583]LogModuleManager: Shutting down and abandoning module ViewportSnapping (498)
[2018.08.12-18.05.19:435][583]LogModuleManager: Shutting down and abandoning module ViewportInteraction (496)
[2018.08.12-18.05.19:435][583]LogModuleManager: Shutting down and abandoning module ClothPainter (494)
[2018.08.12-18.05.19:435][583]LogModuleManager: Shutting down and abandoning module SkeletalMeshEditor (493)
[2018.08.12-18.05.19:435][583]LogModuleManager: Shutting down and abandoning module LogVisualizer (490)
[2018.08.12-18.05.19:435][583]LogModuleManager: Shutting down and abandoning module IntroTutorials (488)
[2018.08.12-18.05.19:435][583]LogModuleManager: Shutting down and abandoning module GameProjectGeneration (487)
[2018.08.12-18.05.19:435][583]LogModuleManager: Shutting down and abandoning module IOSPlatformEditor (484)
[2018.08.12-18.05.19:435][583]LogModuleManager: Shutting down and abandoning module HTML5PlatformEditor (482)
[2018.08.12-18.05.19:435][583]LogModuleManager: Shutting down and abandoning module AndroidPlatformEditor (480)
[2018.08.12-18.05.19:435][583]LogModuleManager: Shutting down and abandoning module AndroidDeviceDetection (479)
[2018.08.12-18.05.19:716][583]LogModuleManager: Shutting down and abandoning module WindowsPlatformEditor (476)
[2018.08.12-18.05.19:716][583]LogModuleManager: Shutting down and abandoning module IOSRuntimeSettings (474)
[2018.08.12-18.05.19:716][583]LogModuleManager: Shutting down and abandoning module AndroidRuntimeSettings (472)
[2018.08.12-18.05.19:716][583]LogModuleManager: Shutting down and abandoning module InputBindingEditor (470)
[2018.08.12-18.05.19:716][583]LogModuleManager: Shutting down and abandoning module MergeActors (468)
[2018.08.12-18.05.19:716][583]LogModuleManager: Shutting down and abandoning module LocalizationDashboard (466)
[2018.08.12-18.05.19:717][583]LogModuleManager: Shutting down and abandoning module LocalizationService (465)
[2018.08.12-18.05.19:717][583]LogModuleManager: Shutting down and abandoning module HardwareTargeting (462)
[2018.08.12-18.05.19:717][583]LogModuleManager: Shutting down and abandoning module DeviceProfileEditor (460)
[2018.08.12-18.05.19:717][583]LogModuleManager: Shutting down and abandoning module UndoHistory (458)
[2018.08.12-18.05.19:717][583]LogModuleManager: Shutting down and abandoning module XmlParser (456)
[2018.08.12-18.05.19:717][583]LogModuleManager: Shutting down and abandoning module Blutility (454)
[2018.08.12-18.05.19:717][583]LogModuleManager: Shutting down and abandoning module ProjectSettingsViewer (452)
[2018.08.12-18.05.19:717][583]LogModuleManager: Shutting down and abandoning module ProjectTargetPlatformEditor (451)
[2018.08.12-18.05.19:717][583]LogModuleManager: Shutting down and abandoning module EditorSettingsViewer (448)
[2018.08.12-18.05.19:717][583]LogModuleManager: Shutting down and abandoning module SettingsEditor (446)
[2018.08.12-18.05.19:717][583]LogModuleManager: Shutting down and abandoning module ProjectLauncher (444)
[2018.08.12-18.05.19:718][583]LogModuleManager: Shutting down and abandoning module SessionFrontend (442)
[2018.08.12-18.05.19:718][583]LogModuleManager: Shutting down and abandoning module ProfilerClient (440)
[2018.08.12-18.05.19:718][583]LogModuleManager: Shutting down and abandoning module DeviceManager (438)
[2018.08.12-18.05.19:718][583]LogModuleManager: Shutting down and abandoning module TargetDeviceServices (437)
[2018.08.12-18.05.19:768][583]LogModuleManager: Shutting down and abandoning module AutomationController (434)
[2018.08.12-18.05.19:768][583]LogModuleManager: Shutting down and abandoning module AutomationWindow (432)
[2018.08.12-18.05.19:768][583]LogModuleManager: Shutting down and abandoning module Layers (430)
[2018.08.12-18.05.19:768][583]LogModuleManager: Shutting down and abandoning module ComponentVisualizers (428)
[2018.08.12-18.05.19:768][583]LogModuleManager: Shutting down and abandoning module DetailCustomizations (426)
[2018.08.12-18.05.19:768][583]LogModuleManager: Shutting down and abandoning module PackagesDialog (424)
[2018.08.12-18.05.19:768][583]LogModuleManager: Shutting down and abandoning module Persona (422)
[2018.08.12-18.05.19:768][583]LogModuleManager: Shutting down and abandoning module AdvancedPreviewScene (421)
[2018.08.12-18.05.19:768][583]LogModuleManager: Shutting down and abandoning module AnimGraph (419)
[2018.08.12-18.05.19:768][583]LogModuleManager: Shutting down and abandoning module Kismet (416)
[2018.08.12-18.05.19:769][583]LogModuleManager: Shutting down and abandoning module GraphEditor (414)
[2018.08.12-18.05.19:769][583]LogModuleManager: Shutting down and abandoning module ClassViewer (412)
[2018.08.12-18.05.19:769][583]LogModuleManager: Shutting down and abandoning module Toolbox (410)
[2018.08.12-18.05.19:769][583]LogModuleManager: Shutting down and abandoning module ModuleUI (408)
[2018.08.12-18.05.19:769][583]LogModuleManager: Shutting down and abandoning module MovieSceneTools (406)
[2018.08.12-18.05.19:769][583]LogModuleManager: Shutting down and abandoning module OutputLog (404)
[2018.08.12-18.05.19:769][583]LogModuleManager: Shutting down and abandoning module GammaUI (402)
[2018.08.12-18.05.19:769][583]LogModuleManager: Shutting down and abandoning module Documentation (400)
[2018.08.12-18.05.19:769][583]LogModuleManager: Shutting down and abandoning module MovieSceneTracks (398)
[2018.08.12-18.05.19:769][583]LogModuleManager: Shutting down and abandoning module MovieScene (396)
[2018.08.12-18.05.19:769][583]LogModuleManager: Shutting down and abandoning module StreamingPauseRendering (394)
[2018.08.12-18.05.19:769][583]LogModuleManager: Shutting down and abandoning module LauncherPlatform (392)
[2018.08.12-18.05.19:769][583]LogModuleManager: Shutting down and abandoning module AnalyticsET (390)
[2018.08.12-18.05.19:769][583]LogModuleManager: Shutting down and abandoning module PortalServices (388)
[2018.08.12-18.05.19:769][583]LogModuleManager: Shutting down and abandoning module PortalRpc (386)
[2018.08.12-18.05.19:769][583]LogModuleManager: Shutting down and abandoning module MessagingRpc (384)
[2018.08.12-18.05.19:769][583]LogModuleManager: Shutting down and abandoning module AIModule (382)
[2018.08.12-18.05.19:769][583]LogModuleManager: Shutting down and abandoning module GameplayDebugger (381)
[2018.08.12-18.05.19:770][583]LogModuleManager: Shutting down and abandoning module AITestSuite (379)
[2018.08.12-18.05.19:770][583]LogModuleManager: Shutting down and abandoning module DesktopPlatform (376)
[2018.08.12-18.05.19:770][583]LogModuleManager: Shutting down and abandoning module ProfilerService (374)
[2018.08.12-18.05.19:922][583]LogModuleManager: Shutting down and abandoning module TaskGraph (372)
[2018.08.12-18.05.19:922][583]LogModuleManager: Shutting down and abandoning module SteamVRController (370)
[2018.08.12-18.05.19:922][583]LogModuleManager: Shutting down and abandoning module ProceduralMeshComponentEditor (368)
[2018.08.12-18.05.19:923][583]LogModuleManager: Shutting down and abandoning module ProceduralMeshComponent (366)
[2018.08.12-18.05.19:923][583]LogModuleManager: Shutting down and abandoning module OculusInput (364)
[2018.08.12-18.05.19:923][583]LogModuleManager: Shutting down and abandoning module MobilePatchingUtils (362)
[2018.08.12-18.05.19:923][583]LogModuleManager: Shutting down and abandoning module CustomMeshComponent (360)
[2018.08.12-18.05.19:923][583]LogModuleManager: Shutting down and abandoning module CableComponent (358)
[2018.08.12-18.05.19:923][583]LogModuleManager: Shutting down and abandoning module AudioCapture (356)
[2018.08.12-18.05.19:923][583]LogModuleManager: Shutting down and abandoning module ArchVisCharacter (354)
[2018.08.12-18.05.19:923][583]LogModuleManager: Shutting down and abandoning module AndroidPermission (352)
[2018.08.12-18.05.19:923][583]LogModuleManager: Shutting down and abandoning module NUTUnrealEngine4 (348)
[2018.08.12-18.05.19:923][583]LogModuleManager: Shutting down and abandoning module NetcodeUnitTest (346)
[2018.08.12-18.05.19:923][583]LogModuleManager: Shutting down and abandoning module MediaCompositingEditor (344)
[2018.08.12-18.05.19:923][583]LogModuleManager: Shutting down and abandoning module MediaCompositing (342)
[2018.08.12-18.05.19:923][583]LogModuleManager: Shutting down and abandoning module LinearTimecode (340)
[2018.08.12-18.05.19:923][583]LogModuleManager: Shutting down and abandoning module ImgMedia (338)
[2018.08.12-18.05.19:926][583]LogModuleManager: Shutting down and abandoning module HTML5Networking (336)
[2018.08.12-18.05.19:926][583]LogModuleManager: Shutting down and abandoning module AlembicImporter (334)
[2018.08.12-18.05.19:926][583]LogModuleManager: Shutting down and abandoning module AlembicLibrary (333)
[2018.08.12-18.05.19:926][583]LogModuleManager: Shutting down and abandoning module GeometryCache (332)
[2018.08.12-18.05.19:926][583]LogModuleManager: Shutting down and abandoning module GeometryCacheEd (331)
[2018.08.12-18.05.19:926][583]LogModuleManager: Shutting down and abandoning module DatasmithContent (326)
[2018.08.12-18.05.19:926][583]LogModuleManager: Shutting down and abandoning module SpeedTreeImporter (324)
[2018.08.12-18.05.19:926][583]LogModuleManager: Shutting down and abandoning module PluginBrowser (322)
[2018.08.12-18.05.19:926][583]LogModuleManager: Shutting down and abandoning module MobileLauncherProfileWizard (320)
[2018.08.12-18.05.19:926][583]LogModuleManager: Shutting down and abandoning module CryptoKeysOpenSSL (318)
[2018.08.12-18.05.19:927][583]LogModuleManager: Shutting down and abandoning module CryptoKeys (316)
[2018.08.12-18.05.19:927][583]LogModuleManager: Shutting down and abandoning module VisualStudioSourceCodeAccess (314)
[2018.08.12-18.05.19:927][583]LogModuleManager: Shutting down and abandoning module VisualStudioCodeSourceCodeAccess (312)
[2018.08.12-18.05.19:927][583]LogModuleManager: Shutting down and abandoning module UObjectPlugin (310)
[2018.08.12-18.05.19:927][583]LogModuleManager: Shutting down and abandoning module SubversionSourceControl (308)
[2018.08.12-18.05.19:927][583]LogModuleManager: Shutting down and abandoning module PerforceSourceControl (306)
[2018.08.12-18.05.19:927][583]LogModuleManager: Shutting down and abandoning module GitSourceControl (304)
[2018.08.12-18.05.19:927][583]LogModuleManager: Shutting down and abandoning module SourceControl (303)
[2018.08.12-18.05.19:927][583]LogModuleManager: Shutting down and abandoning module CLionSourceCodeAccess (300)
[2018.08.12-18.05.19:927][583]LogModuleManager: Shutting down and abandoning module LightPropagationVolumeEditor (298)
[2018.08.12-18.05.19:927][583]LogModuleManager: Shutting down and abandoning module PaperTiledImporter (296)
[2018.08.12-18.05.19:927][583]LogModuleManager: Shutting down and abandoning module PaperSpriteSheetImporter (294)
[2018.08.12-18.05.19:927][583]LogModuleManager: Shutting down and abandoning module Paper2DEditor (292)
[2018.08.12-18.05.19:927][583]LogModuleManager: Shutting down and abandoning module MeshPaint (291)
[2018.08.12-18.05.19:927][583]LogModuleManager: Shutting down and abandoning module RuntimePhysXCooking (288)
[2018.08.12-18.05.19:927][583]LogModuleManager: Shutting down and abandoning module PhysXVehiclesEditor (286)
[2018.08.12-18.05.19:927][583]LogModuleManager: Shutting down and abandoning module PhysXVehicles (284)
[2018.08.12-18.05.19:927][583]LogModuleManager: Shutting down and abandoning module OculusEditor (282)
[2018.08.12-18.05.19:927][583]LogModuleManager: Shutting down and abandoning module LocationServicesBPLibrary (280)
[2018.08.12-18.05.19:927][583]LogModuleManager: Shutting down and abandoning module ImmediatePhysicsEditor (278)
[2018.08.12-18.05.19:927][583]LogModuleManager: Shutting down and abandoning module ImmediatePhysics (276)
[2018.08.12-18.05.19:927][583]LogModuleManager: Shutting down and abandoning module ActorSequence (274)
[2018.08.12-18.05.19:927][583]LogModuleManager: Shutting down and abandoning module UdpMessaging (272)
[2018.08.12-18.05.20:027][583]LogModuleManager: Shutting down and abandoning module TcpMessaging (270)
[2018.08.12-18.05.20:127][583]LogModuleManager: Shutting down and abandoning module GameplayTagsEditor (268)
[2018.08.12-18.05.20:127][583]LogModuleManager: Shutting down and abandoning module FacialAnimationEditor (266)
[2018.08.12-18.05.20:127][583]LogModuleManager: Shutting down and abandoning module FacialAnimation (264)
[2018.08.12-18.05.20:127][583]LogModuleManager: Shutting down and abandoning module DataValidation (262)
[2018.08.12-18.05.20:127][583]LogModuleManager: Shutting down and abandoning module AssetManagerEditor (260)
[2018.08.12-18.05.20:127][583]LogModuleManager: Shutting down and abandoning module LevelEditor (259)
[2018.08.12-18.05.20:128][583]LogModuleManager: Shutting down and abandoning module PixelInspectorModule (258)
[2018.08.12-18.05.20:128][583]LogModuleManager: Shutting down and abandoning module CommonMenuExtensions (256)
[2018.08.12-18.05.20:128][583]LogModuleManager: Shutting down and abandoning module MainFrame (254)
[2018.08.12-18.05.20:128][583]LogModuleManager: Shutting down and abandoning module HotReload (253)
[2018.08.12-18.05.20:129][583]LogModuleManager: Shutting down and abandoning module ContentBrowser (249)
[2018.08.12-18.05.20:130][583]LogModuleManager: Shutting down and abandoning module TreeMap (247)
[2018.08.12-18.05.20:130][583]LogModuleManager: Shutting down and abandoning module LightPropagationVolumeRuntime (244)
[2018.08.12-18.05.20:130][583]LogModuleManager: Shutting down and abandoning module LiveLinkEditor (242)
[2018.08.12-18.05.20:130][583]LogModuleManager: Shutting down and abandoning module LiveLink (240)
[2018.08.12-18.05.20:480][583]LogModuleManager: Shutting down and abandoning module Paper2D (238)
[2018.08.12-18.05.20:480][583]LogModuleManager: Shutting down and abandoning module WindowsMoviePlayer (236)
[2018.08.12-18.05.20:480][583]LogModuleManager: Shutting down and abandoning module WmfMedia (234)
[2018.08.12-18.05.20:481][583]LogModuleManager: Shutting down and abandoning module Media (233)
[2018.08.12-18.05.20:486][583]LogModuleManager: Shutting down and abandoning module PacketHandler (230)
[2018.08.12-18.05.20:486][583]LogModuleManager: Shutting down and abandoning module ClothingSystemEditor (228)
[2018.08.12-18.05.20:486][583]LogModuleManager: Shutting down and abandoning module ClothingSystemRuntime (226)
[2018.08.12-18.05.20:486][583]LogModuleManager: Shutting down and abandoning module MediaAssets (224)
[2018.08.12-18.05.20:486][583]LogModuleManager: Shutting down and abandoning module Overlay (222)
[2018.08.12-18.05.20:486][583]LogModuleManager: Shutting down and abandoning module OverlayEditor (221)
[2018.08.12-18.05.20:486][583]LogModuleManager: Shutting down and abandoning module VREditor (218)
[2018.08.12-18.05.20:486][583]LogModuleManager: Shutting down and abandoning module StringTableEditor (216)
[2018.08.12-18.05.20:486][583]LogModuleManager: Shutting down and abandoning module GameplayTasksEditor (214)
[2018.08.12-18.05.20:486][583]LogModuleManager: Shutting down and abandoning module BehaviorTreeEditor (212)
[2018.08.12-18.05.20:487][583]LogModuleManager: Shutting down and abandoning module FunctionalTesting (210)
[2018.08.12-18.05.20:487][583]LogModuleManager: Shutting down and abandoning module CollisionAnalyzer (208)
[2018.08.12-18.05.20:487][583]LogModuleManager: Shutting down and abandoning module WorkspaceMenuStructure (207)
[2018.08.12-18.05.20:487][583]LogModuleManager: Shutting down and abandoning module UMG (204)
[2018.08.12-18.05.20:487][583]LogModuleManager: Shutting down and abandoning module UMGEditor (203)
[2018.08.12-18.05.20:487][583]LogModuleManager: Shutting down and abandoning module Sequencer (202)
[2018.08.12-18.05.20:487][583]LogModuleManager: Shutting down and abandoning module MessageLog (199)
[2018.08.12-18.05.20:487][583]LogModuleManager: Shutting down and abandoning module SlateReflector (194)
[2018.08.12-18.05.20:487][583]LogModuleManager: Shutting down and abandoning module Slate (192)
[2018.08.12-18.05.20:487][583]LogModuleManager: Shutting down and abandoning module EditorStyle (190)
[2018.08.12-18.05.20:489][583]LogModuleManager: Shutting down and abandoning module MRMesh (188)
[2018.08.12-18.05.20:489][583]LogModuleManager: Shutting down and abandoning module SourceCodeAccess (186)
[2018.08.12-18.05.20:489][583]LogModuleManager: Shutting down and abandoning module HeadMountedDisplay (184)
[2018.08.12-18.05.20:489][583]LogModuleManager: Shutting down and abandoning module XAudio2 (182)
[2018.08.12-18.05.20:489][583]LogModuleManager: Shutting down and abandoning module Networking (180)
[2018.08.12-18.05.20:489][583]LogModuleManager: Shutting down and abandoning module Core (178)
[2018.08.12-18.05.20:489][583]LogModuleManager: Shutting down and abandoning module LevelSequence (176)
[2018.08.12-18.05.20:490][583]LogModuleManager: Shutting down and abandoning module KismetCompiler (174)
[2018.08.12-18.05.20:490][583]LogModuleManager: Shutting down and abandoning module MeshUtilities (172)
[2018.08.12-18.05.20:490][583]LogModuleManager: Shutting down and abandoning module MeshMergeUtilities (171)
[2018.08.12-18.05.20:490][583]LogModuleManager: Shutting down and abandoning module MeshReductionInterface (170)
[2018.08.12-18.05.20:490][583]LogModuleManager: Shutting down and abandoning module SimplygonSwarm (169)
[2018.08.12-18.05.20:490][583]LogModuleManager: Shutting down and abandoning module SimplygonMeshReduction (167)
[2018.08.12-18.05.20:490][583]LogModuleManager: Shutting down and abandoning module QuadricMeshReduction (165)
[2018.08.12-18.05.20:490][583]LogModuleManager: Shutting down and abandoning module MaterialBaking (161)
[2018.08.12-18.05.20:490][583]LogModuleManager: Shutting down and abandoning module DirectoryWatcher (157)
[2018.08.12-18.05.20:491][583]LogModuleManager: Shutting down and abandoning module DerivedDataCache (154)
[2018.08.12-18.05.20:553][583]LogDerivedDataCache: Shutdown
[2018.08.12-18.05.20:553][583]LogModuleManager: Shutting down and abandoning module XGEController (152)
[2018.08.12-18.05.20:553][583]LogModuleManager: Shutting down and abandoning module TargetPlatform (150)
[2018.08.12-18.05.20:553][583]LogModuleManager: Shutting down and abandoning module VulkanShaderFormat (149)
[2018.08.12-18.05.20:553][583]LogModuleManager: Shutting down and abandoning module ShaderFormatVectorVM (147)
[2018.08.12-18.05.20:553][583]LogModuleManager: Shutting down and abandoning module ShaderFormatOpenGL (145)
[2018.08.12-18.05.20:553][583]LogModuleManager: Shutting down and abandoning module ShaderFormatD3D (143)
[2018.08.12-18.05.20:553][583]LogModuleManager: Shutting down and abandoning module MetalShaderFormat (141)
[2018.08.12-18.05.20:554][583]LogModuleManager: Shutting down and abandoning module TextureFormatUncompressed (139)
[2018.08.12-18.05.20:554][583]LogModuleManager: Shutting down and abandoning module TextureFormatPVR (137)
[2018.08.12-18.05.20:554][583]LogModuleManager: Shutting down and abandoning module TextureFormatDXT (135)
[2018.08.12-18.05.20:554][583]LogModuleManager: Shutting down and abandoning module TextureFormatIntelISPCTexComp (133)
[2018.08.12-18.05.20:554][583]LogModuleManager: Shutting down and abandoning module TextureFormatASTC (131)
[2018.08.12-18.05.20:554][583]LogModuleManager: Shutting down and abandoning module ImageWrapper (130)
[2018.08.12-18.05.20:554][583]LogModuleManager: Shutting down and abandoning module TextureFormatAndroid (127)
[2018.08.12-18.05.20:554][583]LogModuleManager: Shutting down and abandoning module AudioFormatOpus (125)
[2018.08.12-18.05.20:554][583]LogModuleManager: Shutting down and abandoning module AudioFormatOgg (123)
[2018.08.12-18.05.20:554][583]LogModuleManager: Shutting down and abandoning module AudioFormatADPCM (121)
[2018.08.12-18.05.20:554][583]LogModuleManager: Shutting down and abandoning module LinuxTargetPlatform (119)
[2018.08.12-18.05.20:554][583]LogModuleManager: Shutting down and abandoning module LinuxServerTargetPlatform (117)
[2018.08.12-18.05.20:554][583]LogModuleManager: Shutting down and abandoning module LinuxNoEditorTargetPlatform (115)
[2018.08.12-18.05.20:554][583]LogModuleManager: Shutting down and abandoning module LinuxClientTargetPlatform (113)
[2018.08.12-18.05.20:554][583]LogModuleManager: Shutting down and abandoning module TVOSTargetPlatform (111)
[2018.08.12-18.05.20:554][583]LogModuleManager: Shutting down and abandoning module Messaging (109)
[2018.08.12-18.05.20:554][583]LogModuleManager: Shutting down and abandoning module IOSTargetPlatform (107)
[2018.08.12-18.05.20:554][583]LogModuleManager: Shutting down and abandoning module HTML5TargetPlatform (105)
[2018.08.12-18.05.20:554][583]LogModuleManager: Shutting down and abandoning module AndroidTargetPlatform (103)
[2018.08.12-18.05.20:554][583]LogModuleManager: Shutting down and abandoning module Android_PVRTCTargetPlatform (101)
[2018.08.12-18.05.20:554][583]LogModuleManager: Shutting down and abandoning module Android_MultiTargetPlatform (99)
[2018.08.12-18.05.20:554][583]LogModuleManager: Shutting down and abandoning module Android_ETC2TargetPlatform (97)
[2018.08.12-18.05.20:554][583]LogModuleManager: Shutting down and abandoning module Android_ETC1TargetPlatform (95)
[2018.08.12-18.05.20:554][583]LogModuleManager: Shutting down and abandoning module Android_ETC1aTargetPlatform (93)
[2018.08.12-18.05.20:554][583]LogModuleManager: Shutting down and abandoning module Android_DXTTargetPlatform (91)
[2018.08.12-18.05.20:554][583]LogModuleManager: Shutting down and abandoning module Android_ATCTargetPlatform (89)
[2018.08.12-18.05.20:554][583]LogModuleManager: Shutting down and abandoning module Android_ASTCTargetPlatform (87)
[2018.08.12-18.05.20:554][583]LogModuleManager: Shutting down and abandoning module WindowsTargetPlatform (85)
[2018.08.12-18.05.20:554][583]LogModuleManager: Shutting down and abandoning module WindowsServerTargetPlatform (83)
[2018.08.12-18.05.20:555][583]LogModuleManager: Shutting down and abandoning module WindowsNoEditorTargetPlatform (81)
[2018.08.12-18.05.20:555][583]LogModuleManager: Shutting down and abandoning module WindowsClientTargetPlatform (79)
[2018.08.12-18.05.20:555][583]LogModuleManager: Shutting down and abandoning module MacTargetPlatform (77)
[2018.08.12-18.05.20:555][583]LogModuleManager: Shutting down and abandoning module MacServerTargetPlatform (75)
[2018.08.12-18.05.20:555][583]LogModuleManager: Shutting down and abandoning module MacNoEditorTargetPlatform (73)
[2018.08.12-18.05.20:555][583]LogModuleManager: Shutting down and abandoning module MacClientTargetPlatform (71)
[2018.08.12-18.05.20:555][583]LogModuleManager: Shutting down and abandoning module AllDesktopTargetPlatform (69)
[2018.08.12-18.05.20:555][583]LogModuleManager: Shutting down and abandoning module InputCore (66)
[2018.08.12-18.05.20:555][583]LogModuleManager: Shutting down and abandoning module Settings (64)
[2018.08.12-18.05.20:555][583]LogModuleManager: Shutting down and abandoning module PhysXCooking (62)
[2018.08.12-18.05.20:555][583]LogModuleManager: Shutting down and abandoning module SteamVR (60)
[2018.08.12-18.05.20:555][583]LogModuleManager: Shutting down and abandoning module OculusHMD (58)
[2018.08.12-18.05.20:555][583]LogModuleManager: Shutting down and abandoning module ExampleDeviceProfileSelector (56)
[2018.08.12-18.05.20:555][583]LogModuleManager: Shutting down and abandoning module AppleARKit (54)
[2018.08.12-18.05.20:555][583]LogModuleManager: Shutting down and abandoning module AugmentedReality (51)
[2018.08.12-18.05.20:555][583]LogModuleManager: Shutting down and abandoning module OnlineBlueprintSupport (48)
[2018.08.12-18.05.20:555][583]LogModuleManager: Shutting down and abandoning module OnlineSubsystem (44)
[2018.08.12-18.05.20:555][583]LogModuleManager: Shutting down and abandoning module XMPP (43)
[2018.08.12-18.05.20:555][583]LogModuleManager: Shutting down and abandoning module HTTP (41)
[2018.08.12-18.05.20:555][583]LogHttp: Display: Http module shutting down, but needs to wait on 1 outstanding Http requests:
[2018.08.12-18.05.20:555][583]LogHttp: Display: 	verb=[POST] url=[https://datarouter.ol.epicgames.com/datarouter/api/v1/public/data?SessionID=%7B46EA1DA2-4E2D-7118-3BE6-16BC177514C8%7D&AppID=UEEditor.Rocket.Release&AppVersion=4.19.2-4033788%2B%2B%2BUE4%2BRelease-4.19&UserID=2a8367084fc9c620ed98b0af68a68c9d%7C2fdaa3ece866471893336fedd93c633e%7Ccab798a6-c68d-4cf9-8fbd-f0ce1b9c29f2&AppEnvironment=datacollector-binary&UploadType=eteventstream] status=Processing
[2018.08.12-18.05.20:578][583]LogModuleManager: Shutting down and abandoning module SSL (40)
[2018.08.12-18.05.20:579][583]LogModuleManager: Shutting down and abandoning module AnimationModifiers (36)
[2018.08.12-18.05.20:579][583]LogModuleManager: Shutting down and abandoning module PropertyEditor (35)
[2018.08.12-18.05.20:579][583]LogModuleManager: Shutting down and abandoning module AudioEditor (32)
[2018.08.12-18.05.20:579][583]LogModuleManager: Shutting down and abandoning module TextureCompressor (30)
[2018.08.12-18.05.20:579][583]LogModuleManager: Shutting down and abandoning module ShaderCore (28)
[2018.08.12-18.05.20:579][583]LogModuleManager: Shutting down and abandoning module Landscape (26)
[2018.08.12-18.05.20:579][583]LogModuleManager: Shutting down and abandoning module SlateRHIRenderer (24)
[2018.08.12-18.05.20:580][583]LogModuleManager: Shutting down and abandoning module OpenGLDrv (22)
[2018.08.12-18.05.20:580][583]LogModuleManager: Shutting down and abandoning module D3D11RHI (20)
[2018.08.12-18.05.20:580][583]LogModuleManager: Shutting down and abandoning module AnimGraphRuntime (18)
[2018.08.12-18.05.20:580][583]LogModuleManager: Shutting down and abandoning module Renderer (16)
[2018.08.12-18.05.20:580][583]LogModuleManager: Shutting down and abandoning module Engine (14)
[2018.08.12-18.05.20:580][583]LogModuleManager: Shutting down and abandoning module CoreUObject (12)
[2018.08.12-18.05.20:581][583]LogModuleManager: Shutting down and abandoning module NetworkFile (10)
[2018.08.12-18.05.20:581][583]LogModuleManager: Shutting down and abandoning module CookedIterativeFile (8)
[2018.08.12-18.05.20:581][583]LogModuleManager: Shutting down and abandoning module StreamingFile (6)
[2018.08.12-18.05.20:581][583]LogModuleManager: Shutting down and abandoning module SandboxFile (4)
[2018.08.12-18.05.20:581][583]LogModuleManager: Shutting down and abandoning module PakFile (2)
[2018.08.12-18.05.20:586][583]LogExit: Exiting.
[2018.08.12-18.05.20:610][583]Log file closed, 08/12/18 19:05:20
