Log file open, 05/18/18 16:19:01
LogWindows: Failed to load 'aqProf.dll' (GetLastError=126)
LogWindows: File 'aqProf.dll' does not exist
LogWindows: Failed to load 'VtuneApi.dll' (GetLastError=126)
LogWindows: File 'VtuneApi.dll' does not exist
LogWindows: Failed to load 'VtuneApi32e.dll' (GetLastError=126)
LogWindows: File 'VtuneApi32e.dll' does not exist
LogInit: Display: Running engine for game: Unforgiven
LogPlatformFile: Not using cached read wrapper
LogInit: Display: RandInit(1512423825) SRandInit(1512423825).
LogInit: Read version file with build ID '3944462'
LogInit: Overriding engine version to CL 4033788, compatible CL 3944462
LogInit: Registered custom module enumerator with build ID '3944462'
LogTaskGraph: Started task graph with 5 named threads and 23 total threads with 3 sets of task threads.
LogStats: Stats thread started at 0.310601
LogD3D11RHI: Aftermath initialized
LogICUInternationalization: Display: ICU TimeZone Detection - Raw Offset: +0:00, Platform Override: ''
LogModuleManager: Display: Found up-to-date module file ../../../Engine/Plugins/2D/Paper2D/Binaries/Win64/UE4Editor-Paper2D.dll (API version 3944462).
LogModuleManager: Display: Found up-to-date module file ../../../Engine/Plugins/2D/Paper2D/Binaries/Win64/UE4Editor-Paper2DEditor.dll (API version 3944462).
LogModuleManager: Display: Found up-to-date module file ../../../Engine/Plugins/2D/Paper2D/Binaries/Win64/UE4Editor-PaperSpriteSheetImporter.dll (API version 3944462).
LogModuleManager: Display: Found up-to-date module file ../../../Engine/Plugins/2D/Paper2D/Binaries/Win64/UE4Editor-PaperTiledImporter.dll (API version 3944462).
LogModuleManager: Display: Found up-to-date module file ../../../Engine/Plugins/2D/Paper2D/Binaries/Win64/UE4Editor-SmartSnapping.dll (API version 3944462).
LogModuleManager: Display: Found up-to-date module file ../../../Engine/Plugins/Blendables/LightPropagationVolume/Binaries/Win64/UE4Editor-LightPropagationVolumeRuntime.dll (API version 3944462).
LogModuleManager: Display: Found up-to-date module file ../../../Engine/Plugins/Blendables/LightPropagationVolume/Binaries/Win64/UE4Editor-LightPropagationVolumeEditor.dll (API version 3944462).
LogModuleManager: Display: Found up-to-date module file ../../../Engine/Plugins/Developer/CLionSourceCodeAccess/Binaries/Win64/UE4Editor-CLionSourceCodeAccess.dll (API version 3944462).
LogModuleManager: Display: Found up-to-date module file ../../../Engine/Plugins/Developer/GitSourceControl/Binaries/Win64/UE4Editor-GitSourceControl.dll (API version 3944462).
LogModuleManager: Display: Found up-to-date module file ../../../Engine/Plugins/Developer/PerforceSourceControl/Binaries/Win64/UE4Editor-PerforceSourceControl.dll (API version 3944462).
LogModuleManager: Display: Found up-to-date module file ../../../Engine/Plugins/Developer/SubversionSourceControl/Binaries/Win64/UE4Editor-SubversionSourceControl.dll (API version 3944462).
LogModuleManager: Display: Found up-to-date module file ../../../Engine/Plugins/Developer/UObjectPlugin/Binaries/Win64/UE4Editor-UObjectPlugin.dll (API version 3944462).
LogModuleManager: Display: Found up-to-date module file ../../../Engine/Plugins/Developer/VisualStudioCodeSourceCodeAccess/Binaries/Win64/UE4Editor-VisualStudioCodeSourceCodeAccess.dll (API version 3944462).
LogModuleManager: Display: Found up-to-date module file ../../../Engine/Plugins/Developer/VisualStudioSourceCodeAccess/Binaries/Win64/UE4Editor-VisualStudioSourceCodeAccess.dll (API version 3944462).
LogModuleManager: Display: Found up-to-date module file ../../../Engine/Plugins/Editor/AssetManagerEditor/Binaries/Win64/UE4Editor-AssetManagerEditor.dll (API version 3944462).
LogModuleManager: Display: Found up-to-date module file ../../../Engine/Plugins/Editor/CryptoKeys/Binaries/Win64/UE4Editor-CryptoKeys.dll (API version 3944462).
LogModuleManager: Display: Found up-to-date module file ../../../Engine/Plugins/Editor/CryptoKeys/Binaries/Win64/UE4Editor-CryptoKeysOpenSSL.dll (API version 3944462).
LogModuleManager: Display: Found up-to-date module file ../../../Engine/Plugins/Editor/DataValidation/Binaries/Win64/UE4Editor-DataValidation.dll (API version 3944462).
LogModuleManager: Display: Found up-to-date module file ../../../Engine/Plugins/Editor/FacialAnimation/Binaries/Win64/UE4Editor-FacialAnimation.dll (API version 3944462).
LogModuleManager: Display: Found up-to-date module file ../../../Engine/Plugins/Editor/FacialAnimation/Binaries/Win64/UE4Editor-FacialAnimationEditor.dll (API version 3944462).
LogModuleManager: Display: Found up-to-date module file ../../../Engine/Plugins/Editor/GameplayTagsEditor/Binaries/Win64/UE4Editor-GameplayTagsEditor.dll (API version 3944462).
LogModuleManager: Display: Found up-to-date module file ../../../Engine/Plugins/Editor/MobileLauncherProfileWizard/Binaries/Win64/UE4Editor-MobileLauncherProfileWizard.dll (API version 3944462).
LogModuleManager: Display: Found up-to-date module file ../../../Engine/Plugins/Editor/PluginBrowser/Binaries/Win64/UE4Editor-PluginBrowser.dll (API version 3944462).
LogModuleManager: Display: Found up-to-date module file ../../../Engine/Plugins/Editor/SpeedTreeImporter/Binaries/Win64/UE4Editor-SpeedTreeImporter.dll (API version 3944462).
LogModuleManager: Display: Found up-to-date module file ../../../Engine/Plugins/Enterprise/DatasmithContent/Binaries/Win64/UE4Editor-DatasmithContent.dll (API version 3944462).
LogModuleManager: Display: Found up-to-date module file ../../../Engine/Plugins/Experimental/AlembicImporter/Binaries/Win64/UE4Editor-AlembicImporter.dll (API version 3944462).
LogModuleManager: Display: Found up-to-date module file ../../../Engine/Plugins/Experimental/AlembicImporter/Binaries/Win64/UE4Editor-AlembicLibrary.dll (API version 3944462).
LogModuleManager: Display: Found up-to-date module file ../../../Engine/Plugins/Experimental/CharacterAI/Binaries/Win64/UE4Editor-CharacterAI.dll (API version 3944462).
LogModuleManager: Display: Found up-to-date module file ../../../Engine/Plugins/Experimental/HTML5Networking/Binaries/Win64/UE4Editor-HTML5Networking.dll (API version 3944462).
LogModuleManager: Display: Found up-to-date module file ../../../Engine/Plugins/Media/AndroidMedia/Binaries/Win64/UE4Editor-AndroidMediaEditor.dll (API version 3944462).
LogModuleManager: Display: Found up-to-date module file ../../../Engine/Plugins/Media/AndroidMedia/Binaries/Win64/UE4Editor-AndroidMediaFactory.dll (API version 3944462).
LogModuleManager: Display: Found up-to-date module file ../../../Engine/Plugins/Media/AvfMedia/Binaries/Win64/UE4Editor-AvfMediaEditor.dll (API version 3944462).
LogModuleManager: Display: Found up-to-date module file ../../../Engine/Plugins/Media/AvfMedia/Binaries/Win64/UE4Editor-AvfMediaFactory.dll (API version 3944462).
LogModuleManager: Display: Found up-to-date module file ../../../Engine/Plugins/Media/AvfMedia/Binaries/Win64/UE4Editor-AvfMediaFactory.dll (API version 3944462).
LogModuleManager: Display: Found up-to-date module file ../../../Engine/Plugins/Media/ImgMedia/Binaries/Win64/UE4Editor-ImgMedia.dll (API version 3944462).
LogModuleManager: Display: Found up-to-date module file ../../../Engine/Plugins/Media/ImgMedia/Binaries/Win64/UE4Editor-ImgMediaEditor.dll (API version 3944462).
LogModuleManager: Display: Found up-to-date module file ../../../Engine/Plugins/Media/ImgMedia/Binaries/Win64/UE4Editor-ImgMediaFactory.dll (API version 3944462).
LogModuleManager: Display: Found up-to-date module file ../../../Engine/Plugins/Media/ImgMedia/Binaries/Win64/UE4Editor-ImgMediaFactory.dll (API version 3944462).
LogModuleManager: Display: Found up-to-date module file ../../../Engine/Plugins/Media/ImgMedia/Binaries/Win64/UE4Editor-OpenExrWrapper.dll (API version 3944462).
LogModuleManager: Display: Found up-to-date module file ../../../Engine/Plugins/Media/LinearTimecode/Binaries/Win64/UE4Editor-LinearTimecode.dll (API version 3944462).
LogModuleManager: Display: Found up-to-date module file ../../../Engine/Plugins/Media/MediaCompositing/Binaries/Win64/UE4Editor-MediaCompositing.dll (API version 3944462).
LogModuleManager: Display: Found up-to-date module file ../../../Engine/Plugins/Media/MediaCompositing/Binaries/Win64/UE4Editor-MediaCompositingEditor.dll (API version 3944462).
LogModuleManager: Display: Found up-to-date module file ../../../Engine/Plugins/Media/MediaPlayerEditor/Binaries/Win64/UE4Editor-MediaPlayerEditor.dll (API version 3944462).
LogModuleManager: Display: Found up-to-date module file ../../../Engine/Plugins/Media/WmfMedia/Binaries/Win64/UE4Editor-WmfMedia.dll (API version 3944462).
LogModuleManager: Display: Found up-to-date module file ../../../Engine/Plugins/Media/WmfMedia/Binaries/Win64/UE4Editor-WmfMediaEditor.dll (API version 3944462).
LogModuleManager: Display: Found up-to-date module file ../../../Engine/Plugins/Media/WmfMedia/Binaries/Win64/UE4Editor-WmfMediaFactory.dll (API version 3944462).
LogModuleManager: Display: Found up-to-date module file ../../../Engine/Plugins/Media/WmfMedia/Binaries/Win64/UE4Editor-WmfMediaFactory.dll (API version 3944462).
LogModuleManager: Display: Found up-to-date module file ../../../Engine/Plugins/Messaging/TcpMessaging/Binaries/Win64/UE4Editor-TcpMessaging.dll (API version 3944462).
LogModuleManager: Display: Found up-to-date module file ../../../Engine/Plugins/Messaging/UdpMessaging/Binaries/Win64/UE4Editor-UdpMessaging.dll (API version 3944462).
LogModuleManager: Display: Found up-to-date module file ../../../Engine/Plugins/MovieScene/ActorSequence/Binaries/Win64/UE4Editor-ActorSequence.dll (API version 3944462).
LogModuleManager: Display: Found up-to-date module file ../../../Engine/Plugins/MovieScene/LevelSequenceEditor/Binaries/Win64/UE4Editor-LevelSequenceEditor.dll (API version 3944462).
LogModuleManager: Display: Found up-to-date module file ../../../Engine/Plugins/MovieScene/MatineeToLevelSequence/Binaries/Win64/UE4Editor-MatineeToLevelSequence.dll (API version 3944462).
LogModuleManager: Display: Found up-to-date module file ../../../Engine/Plugins/NetcodeUnitTest/NetcodeUnitTest/Binaries/Win64/UE4Editor-NetcodeUnitTest.dll (API version 3944462).
LogModuleManager: Display: Found up-to-date module file ../../../Engine/Plugins/NetcodeUnitTest/NUTUnrealEngine4/Binaries/Win64/UE4Editor-NUTUnrealEngine4.dll (API version 3944462).
LogModuleManager: Display: Found up-to-date module file ../../../Engine/Plugins/Online/OnlineSubsystem/Binaries/Win64/UE4Editor-OnlineSubsystem.dll (API version 3944462).
LogModuleManager: Display: Found up-to-date module file ../../../Engine/Plugins/Runtime/AndroidPermission/Binaries/Win64/UE4Editor-AndroidPermission.dll (API version 3944462).
LogModuleManager: Display: Found up-to-date module file ../../../Engine/Plugins/Online/OnlineSubsystemNull/Binaries/Win64/UE4Editor-OnlineSubsystemNull.dll (API version 3944462).
LogModuleManager: Display: Found up-to-date module file ../../../Engine/Plugins/Online/OnlineSubsystemUtils/Binaries/Win64/UE4Editor-OnlineSubsystemUtils.dll (API version 3944462).
LogModuleManager: Display: Found up-to-date module file ../../../Engine/Plugins/Online/OnlineSubsystemUtils/Binaries/Win64/UE4Editor-OnlineBlueprintSupport.dll (API version 3944462).
LogModuleManager: Display: Found up-to-date module file ../../../Engine/Plugins/Runtime/AndroidDeviceProfileSelector/Binaries/Win64/UE4Editor-AndroidDeviceProfileSelector.dll (API version 3944462).
LogModuleManager: Display: Found up-to-date module file ../../../Engine/Plugins/Runtime/AppleARKit/Binaries/Win64/UE4Editor-AppleARKit.dll (API version 3944462).
LogModuleManager: Display: Found up-to-date module file ../../../Engine/Plugins/Runtime/ProceduralMeshComponent/Binaries/Win64/UE4Editor-ProceduralMeshComponent.dll (API version 3944462).
LogModuleManager: Display: Found up-to-date module file ../../../Engine/Plugins/Runtime/ProceduralMeshComponent/Binaries/Win64/UE4Editor-ProceduralMeshComponentEditor.dll (API version 3944462).
LogModuleManager: Display: Found up-to-date module file ../../../Engine/Plugins/Animation/LiveLink/Binaries/Win64/UE4Editor-LiveLink.dll (API version 3944462).
LogModuleManager: Display: Found up-to-date module file ../../../Engine/Plugins/Animation/LiveLink/Binaries/Win64/UE4Editor-LiveLinkEditor.dll (API version 3944462).
LogModuleManager: Display: Found up-to-date module file ../../../Engine/Plugins/Runtime/ArchVisCharacter/Binaries/Win64/UE4Editor-ArchVisCharacter.dll (API version 3944462).
LogModuleManager: Display: Found up-to-date module file ../../../Engine/Plugins/Runtime/AudioCapture/Binaries/Win64/UE4Editor-AudioCapture.dll (API version 3944462).
LogModuleManager: Display: Found up-to-date module file ../../../Engine/Plugins/Runtime/AudioCapture/Binaries/Win64/UE4Editor-AudioCaptureEditor.dll (API version 3944462).
LogModuleManager: Display: Found up-to-date module file ../../../Engine/Plugins/Runtime/CableComponent/Binaries/Win64/UE4Editor-CableComponent.dll (API version 3944462).
LogModuleManager: Display: Found up-to-date module file ../../../Engine/Plugins/Runtime/CustomMeshComponent/Binaries/Win64/UE4Editor-CustomMeshComponent.dll (API version 3944462).
LogModuleManager: Display: Found up-to-date module file ../../../Engine/Plugins/Runtime/ExampleDeviceProfileSelector/Binaries/Win64/UE4Editor-ExampleDeviceProfileSelector.dll (API version 3944462).
LogModuleManager: Display: Found up-to-date module file ../../../Engine/Plugins/Runtime/ImmediatePhysics/Binaries/Win64/UE4Editor-ImmediatePhysics.dll (API version 3944462).
LogModuleManager: Display: Found up-to-date module file ../../../Engine/Plugins/Runtime/ImmediatePhysics/Binaries/Win64/UE4Editor-ImmediatePhysicsEditor.dll (API version 3944462).
LogModuleManager: Display: Found up-to-date module file ../../../Engine/Plugins/Runtime/LocationServicesBPLibrary/Binaries/Win64/UE4Editor-LocationServicesBPLibrary.dll (API version 3944462).
LogModuleManager: Display: Found up-to-date module file ../../../Engine/Plugins/Runtime/MobilePatchingUtils/Binaries/Win64/UE4Editor-MobilePatchingUtils.dll (API version 3944462).
LogModuleManager: Display: Found up-to-date module file ../../../Engine/Plugins/Runtime/Oculus/OculusVR/Binaries/Win64/UE4Editor-OculusHMD.dll (API version 3944462).
LogModuleManager: Display: Found up-to-date module file ../../../Engine/Plugins/Runtime/Oculus/OculusVR/Binaries/Win64/UE4Editor-OculusInput.dll (API version 3944462).
LogModuleManager: Display: Found up-to-date module file ../../../Engine/Plugins/Runtime/Oculus/OculusVR/Binaries/Win64/UE4Editor-OculusEditor.dll (API version 3944462).
LogModuleManager: Display: Found up-to-date module file ../../../Engine/Plugins/Runtime/PhysXVehicles/Binaries/Win64/UE4Editor-PhysXVehicles.dll (API version 3944462).
LogModuleManager: Display: Found up-to-date module file ../../../Engine/Plugins/Runtime/PhysXVehicles/Binaries/Win64/UE4Editor-PhysXVehiclesEditor.dll (API version 3944462).
LogModuleManager: Display: Found up-to-date module file ../../../Engine/Plugins/Runtime/RuntimePhysXCooking/Binaries/Win64/UE4Editor-RuntimePhysXCooking.dll (API version 3944462).
LogModuleManager: Display: Found up-to-date module file ../../../Engine/Plugins/Runtime/Steam/SteamVR/Binaries/Win64/UE4Editor-SteamVR.dll (API version 3944462).
LogModuleManager: Display: Found up-to-date module file ../../../Engine/Plugins/Runtime/Steam/SteamVR/Binaries/Win64/UE4Editor-SteamVRController.dll (API version 3944462).
LogModuleManager: Display: Found up-to-date module file ../../../Engine/Plugins/Runtime/WindowsMoviePlayer/Binaries/Win64/UE4Editor-WindowsMoviePlayer.dll (API version 3944462).
LogPluginManager: Mounting plugin Paper2D
LogPluginManager: Mounting plugin LiveLink
LogPluginManager: Mounting plugin LightPropagationVolume
LogPluginManager: Mounting plugin CLionSourceCodeAccess
LogPluginManager: Mounting plugin CodeLiteSourceCodeAccess
LogPluginManager: Mounting plugin GitSourceControl
LogPluginManager: Mounting plugin KDevelopSourceCodeAccess
LogPluginManager: Mounting plugin NullSourceCodeAccess
LogPluginManager: Mounting plugin PerforceSourceControl
LogPluginManager: Mounting plugin SubversionSourceControl
LogPluginManager: Mounting plugin UObjectPlugin
LogPluginManager: Mounting plugin VisualStudioCodeSourceCodeAccess
LogPluginManager: Mounting plugin VisualStudioSourceCodeAccess
LogPluginManager: Mounting plugin XCodeSourceCodeAccess
LogPluginManager: Mounting plugin AssetManagerEditor
LogPluginManager: Mounting plugin CryptoKeys
LogPluginManager: Mounting plugin DataValidation
LogPluginManager: Mounting plugin FacialAnimation
LogPluginManager: Mounting plugin GameplayTagsEditor
LogPluginManager: Mounting plugin MobileLauncherProfileWizard
LogPluginManager: Mounting plugin PluginBrowser
LogPluginManager: Mounting plugin SpeedTreeImporter
LogPluginManager: Mounting plugin DatasmithContent
LogPluginManager: Mounting plugin AlembicImporter
LogPluginManager: Mounting plugin CharacterAI
LogPluginManager: Mounting plugin HTML5Networking
LogPluginManager: Mounting plugin AndroidMedia
LogPluginManager: Mounting plugin AvfMedia
LogPluginManager: Mounting plugin ImgMedia
LogPluginManager: Mounting plugin LinearTimecode
LogPluginManager: Mounting plugin MediaCompositing
LogPluginManager: Mounting plugin MediaPlayerEditor
LogPluginManager: Mounting plugin WmfMedia
LogPluginManager: Mounting plugin TcpMessaging
LogPluginManager: Mounting plugin UdpMessaging
LogPluginManager: Mounting plugin ActorSequence
LogPluginManager: Mounting plugin LevelSequenceEditor
LogPluginManager: Mounting plugin MatineeToLevelSequence
LogPluginManager: Mounting plugin NetcodeUnitTest
LogPluginManager: Mounting plugin NUTUnrealEngine4
LogPluginManager: Mounting plugin OnlineSubsystemGooglePlay
LogPluginManager: Mounting plugin OnlineSubsystemIOS
LogPluginManager: Mounting plugin OnlineSubsystem
LogPluginManager: Mounting plugin OnlineSubsystemNull
LogPluginManager: Mounting plugin OnlineSubsystemUtils
LogPluginManager: Mounting plugin AndroidDeviceProfileSelector
LogPluginManager: Mounting plugin AndroidMoviePlayer
LogPluginManager: Mounting plugin AndroidPermission
LogPluginManager: Mounting plugin AppleARKit
LogPluginManager: Mounting plugin AppleMoviePlayer
LogPluginManager: Mounting plugin ArchVisCharacter
LogPluginManager: Mounting plugin AudioCapture
LogPluginManager: Mounting plugin CableComponent
LogPluginManager: Mounting plugin CustomMeshComponent
LogPluginManager: Mounting plugin ExampleDeviceProfileSelector
LogPluginManager: Mounting plugin GoogleCloudMessaging
LogPluginManager: Mounting plugin ImmediatePhysics
LogPluginManager: Mounting plugin IOSDeviceProfileSelector
LogPluginManager: Mounting plugin LinuxDeviceProfileSelector
LogPluginManager: Mounting plugin LocationServicesBPLibrary
LogPluginManager: Mounting plugin MobilePatchingUtils
LogPluginManager: Mounting plugin OculusVR
LogPluginManager: Plugin shader directory ../../../Engine/Plugins/Runtime/Oculus/OculusVR/Shaders found
LogPluginManager: Mapping shader source directory ../../../Engine/Plugins/Runtime/Oculus/OculusVR/Shaders to virtual directory /Plugin/OculusVR
LogPluginManager: Mounting plugin PhysXVehicles
LogPluginManager: Mounting plugin ProceduralMeshComponent
LogPluginManager: Mounting plugin RuntimePhysXCooking
LogPluginManager: Mounting plugin SteamVR
LogPluginManager: Mounting plugin WindowsMoviePlayer
LogStreaming: Display: Took  1.664s to configure plugins.
LogInit: Using libcurl 7.47.1
LogInit:  - built for x86_64-pc-win32
LogInit:  - supports SSL with OpenSSL/1.0.2g
LogInit:  - supports HTTP deflate (compression) using libz 1.2.8
LogInit:  - other features:
LogInit:      CURL_VERSION_SSL
LogInit:      CURL_VERSION_LIBZ
LogInit:      CURL_VERSION_IPV6
LogInit:      CURL_VERSION_ASYNCHDNS
LogInit:      CURL_VERSION_LARGEFILE
LogInit:      CURL_VERSION_IDN
LogInit:  CurlRequestOptions (configurable via config and command line):
LogInit:  - bVerifyPeer = false  - Libcurl will NOT verify peer certificate
LogInit:  - bUseHttpProxy = false  - Libcurl will NOT use HTTP proxy
LogInit:  - bDontReuseConnections = false  - Libcurl will reuse connections
LogInit:  - CertBundlePath = nullptr  - Libcurl will use whatever was configured at build time.
LogInit:  - MaxHostConnections = 16  - Libcurl will limit the number of connections to a host
LogInit:  - LocalHostAddr = Default
LogInit: WinSock: version 1.1 (2.2), MaxSocks=32767, MaxUdp=65467
LogInit: WinSock: I am Connor-PC (192.168.1.68:0)
LogInit: Build: ++UE4+Release-4.19-CL-4033788
LogInit: Engine Version: 4.19.2-4033788+++UE4+Release-4.19
LogInit: Compatible Engine Version: 4.19.0-3944462+++UE4+Release-4.19
LogInit: Net CL: 3944462
LogDevObjectVersion: Number of dev versions registered: 18
LogDevObjectVersion:   Dev-Blueprints (B0D832E4-1F89-4F0D-ACCF-7EB736FD4AA2): 10
LogDevObjectVersion:   Dev-Build (E1C64328-A22C-4D53-A36C-8E866417BD8C): 0
LogDevObjectVersion:   Dev-Core (375EC13C-06E4-48FB-B500-84F0262A717E): 2
LogDevObjectVersion:   Dev-Editor (E4B068ED-F494-42E9-A231-DA0B2E46BB41): 23
LogDevObjectVersion:   Dev-Framework (CFFC743F-43B0-4480-9391-14DF171D2073): 33
LogDevObjectVersion:   Dev-Mobile (B02B49B5-BB20-44E9-A304-32B752E40360): 2
LogDevObjectVersion:   Dev-Networking (A4E4105C-59A1-49B5-A7C5-40C4547EDFEE): 0
LogDevObjectVersion:   Dev-Online (39C831C9-5AE6-47DC-9A44-9C173E1C8E7C): 0
LogDevObjectVersion:   Dev-Physics (78F01B33-EBEA-4F98-B9B4-84EACCB95AA2): 0
LogDevObjectVersion:   Dev-Platform (6631380F-2D4D-43E0-8009-CF276956A95A): 0
LogDevObjectVersion:   Dev-Rendering (12F88B9F-8875-4AFC-A67C-D90C383ABD29): 25
LogDevObjectVersion:   Dev-Sequencer (7B5AE74C-D270-4C10-A958-57980B212A5A): 6
LogDevObjectVersion:   Dev-VR (D7296918-1DD6-4BDD-9DE2-64A83CC13884): 1
LogDevObjectVersion:   Dev-LoadTimes (C2A15278-BFE7-4AFE-6C17-90FF531DF755): 1
LogDevObjectVersion:   Private-Geometry (6EACA3D4-40EC-4CC1-B786-8BED09428FC5): 2
LogDevObjectVersion:   Dev-AnimPhys (29E575DD-E0A3-4627-9D10-D276232CDCEA): 16
LogDevObjectVersion:   Dev-ReflectionCapture (6B266CEC-1EC7-4B8F-A30B-E4D90942FC07): 1
LogDevObjectVersion:   Dev-Automation (0DF73D61-A23F-47EA-B727-89E90C41499A): 1
LogInit: Compiled (64-bit): Apr 27 2018 02:06:57
LogInit: Compiled with Visual C++: 19.00.24215.01
LogInit: Build Configuration: Development
LogInit: Branch Name: ++UE4+Release-4.19
LogInit: Command Line:  /Game/ThirdPersonBP/Maps/ThirdPersonExampleMap -game -PIEVIACONSOLE -ResX=1920 -ResY=1080  -Multiprocess -messaging -SessionName="Play in Standalone Game" -windowed -ForceRes 
LogInit: Base Directory: D:/UE4/Unreal Engine/UE_4.19/Engine/Binaries/Win64/
LogInit: Installed Engine Build: 1
LogStreaming: Display: Took  0.008s to delete old logs.
LogInit: Presizing for max 8388607 objects, including 0 objects not considered by GC, pre-allocating 0 bytes for permanent pool.
LogInit: Object subsystem initialized
[2018.05.18-15.19.03:448][  0]LogInit: Selected Device Profile: [Windows]
[2018.05.18-15.19.03:448][  0]LogInit: Applying CVar settings loaded from the selected device profile: [Windows]
[2018.05.18-15.19.03:457][  0]LogInit: Computer: CONNOR-PC
[2018.05.18-15.19.03:457][  0]LogInit: User: Connor
[2018.05.18-15.19.03:457][  0]LogInit: CPU Page size=4096, Cores=4
[2018.05.18-15.19.03:457][  0]LogInit: High frequency timer resolution =2.602373 MHz
[2018.05.18-15.19.03:458][  0]LogMemory: Memory total: Physical=12.0GB (12GB approx)
[2018.05.18-15.19.03:458][  0]LogMemory: Platform Memory Stats for Windows
[2018.05.18-15.19.03:458][  0]LogMemory: Process Physical Memory: 276.59 MB used, 276.59 MB peak
[2018.05.18-15.19.03:458][  0]LogMemory: Process Virtual Memory: 268.32 MB used, 268.32 MB peak
[2018.05.18-15.19.03:458][  0]LogMemory: Physical Memory: 9768.09 MB used,  2518.34 MB free, 12286.43 MB total
[2018.05.18-15.19.03:458][  0]LogMemory: Virtual Memory: 642.27 MB used,  2518.34 MB free, 8388608.00 MB total
[2018.05.18-15.19.03:495][  0]LogInit: Using OS detected language (en-GB).
[2018.05.18-15.19.03:495][  0]LogInit: Using OS detected locale (en-GB).
[2018.05.18-15.19.03:496][  0]LogTextLocalizationManager: No localization for 'en-GB' exists, so 'en' will be used for the language.
[2018.05.18-15.19.03:496][  0]LogTextLocalizationManager: No localization for 'en-GB' exists, so 'en' will be used for the locale.
[2018.05.18-15.19.04:174][  0]LogStreaming: Display: Took  0.679s to EndInitTextLocalization.
[2018.05.18-15.19.04:201][  0]LogSlate: New Slate User Created.  User Index 0, Is Virtual User: 0
[2018.05.18-15.19.04:201][  0]LogSlate: Slate User Registered.  User Index 0, Is Virtual User: 0
[2018.05.18-15.19.04:208][  0]LogD3D11RHI: D3D11 adapters:
[2018.05.18-15.19.04:229][  0]LogD3D11RHI:    0. 'NVIDIA GeForce GTX 480' (Feature Level 11_0)
[2018.05.18-15.19.04:229][  0]LogD3D11RHI:       1489/0/2559 MB DedicatedVideo/DedicatedSystem/SharedSystem, Outputs:2, VendorId:0x10de
[2018.05.18-15.19.04:229][  0]LogD3D11RHI: Chosen D3D11 Adapter: 0
[2018.05.18-15.19.04:251][  0]LogD3D11RHI: Creating new Direct3DDevice
[2018.05.18-15.19.04:251][  0]LogD3D11RHI:     GPU DeviceId: 0x6c0 (for the marketing name, search the web for "GPU Device Id")
[2018.05.18-15.19.04:251][  0]LogWindows: EnumDisplayDevices:
[2018.05.18-15.19.04:251][  0]LogWindows:    0. 'NVIDIA GeForce GTX 480' (P:1 D:1)
[2018.05.18-15.19.04:251][  0]LogWindows:    1. 'NVIDIA GeForce GTX 480' (P:0 D:1)
[2018.05.18-15.19.04:252][  0]LogWindows:    2. 'RDPDD Chained DD' (P:0 D:0)
[2018.05.18-15.19.04:252][  0]LogWindows:    3. 'RDP Encoder Mirror Driver' (P:0 D:0)
[2018.05.18-15.19.04:252][  0]LogWindows:    4. 'RDP Reflector Display Driver' (P:0 D:0)
[2018.05.18-15.19.04:252][  0]LogWindows: DebugString: GetVideoDriverDetailsInvalid PrimaryIsNotTheChoosenAdapter GetVideoDriverDetailsInvalid PrimaryIsNotTheChoosenAdapter GetVideoDriverDetailsInvalid PrimaryIsNotTheChoosenAdapter FoundDriverCount:2 
[2018.05.18-15.19.04:253][  0]LogD3D11RHI:     Adapter Name: NVIDIA GeForce GTX 480
[2018.05.18-15.19.04:253][  0]LogD3D11RHI:   Driver Version: 388.59 (internal:23.21.13.8859, unified:388.59)
[2018.05.18-15.19.04:253][  0]LogD3D11RHI:      Driver Date: 12-5-2017
[2018.05.18-15.19.04:253][  0]LogRHI: Texture pool is 1042 MB (70% of 1489 MB)
[2018.05.18-15.19.04:266][  0]LogD3D11RHI: Display: Timestamp queries are currently disabled on this hardware due to instability. Realtime GPU stats will not be available. You can override this behaviour by setting r.NVIDIATimestampWorkaround to 0
[2018.05.18-15.19.04:266][  0]LogD3D11RHI: [Aftermath] Aftermath enabled and primed
[2018.05.18-15.19.04:266][  0]LogD3D11RHI: [Aftermath] Aftermath enabled and primed
[2018.05.18-15.19.04:266][  0]LogD3D11RHI: Async texture creation enabled
[2018.05.18-15.19.04:285][  0]LogD3D11RHI: GPU Timing Frequency: 1000.000000 (Debug: 2 2)
[2018.05.18-15.19.04:289][  0]LogShaderCompilers: Guid format shader working directory is -6 characters bigger than the processId version (C:/Users/Connor/Documents/Unreal Projects/Unforgiven/Intermediate/Shaders/WorkingDirectory/17772/).
[2018.05.18-15.19.04:289][  0]LogShaderCompilers: Cleaned the shader compiler working directory 'C:/Users/Connor/AppData/Local/Temp/UnrealShaderWorkingDir/97F687FB486063F9205A2380458C833F/'.
[2018.05.18-15.19.04:565][  0]LogTemp: Display: Loaded TP WindowsClientTargetPlatform
[2018.05.18-15.19.04:590][  0]LogTemp: Display: Loaded TP WindowsNoEditorTargetPlatform
[2018.05.18-15.19.04:612][  0]LogTemp: Display: Loaded TP WindowsServerTargetPlatform
[2018.05.18-15.19.04:623][  0]LogTemp: Display: Loaded TP WindowsTargetPlatform
[2018.05.18-15.19.04:623][  0]LogTargetPlatformManager: Display: Building Assets For Windows
[2018.05.18-15.19.04:775][  0]LogXGEController: Cannot use XGE Controller as Incredibuild is not installed on this machine.
[2018.05.18-15.19.04:775][  0]LogShaderCompilers: Cannot use XGE Shader Compiler as Incredibuild is not installed on this machine.
[2018.05.18-15.19.04:775][  0]LogShaderCompilers: Display: Using Local Shader Compiler.
[2018.05.18-15.19.05:983][  0]LogDerivedDataCache: Display: Max Cache Size: 512 MB
[2018.05.18-15.19.06:112][  0]LogDerivedDataCache: Loaded boot cache 0.13s 74MB C:/Users/Connor/AppData/Local/UnrealEngine/4.19/DerivedDataCache/Boot.ddc.
[2018.05.18-15.19.06:113][  0]LogDerivedDataCache: Display: Loaded Boot cache: C:/Users/Connor/AppData/Local/UnrealEngine/4.19/DerivedDataCache/Boot.ddc
[2018.05.18-15.19.06:113][  0]LogDerivedDataCache: FDerivedDataBackendGraph:  Pak pak cache file C:/Users/Connor/Documents/Unreal Projects/Unforgiven/DerivedDataCache/DDC.ddp not found, will not use a pak cache.
[2018.05.18-15.19.06:113][  0]LogDerivedDataCache: Unable to find inner node Pak for hierarchical cache Hierarchy.
[2018.05.18-15.19.06:113][  0]LogDerivedDataCache: FDerivedDataBackendGraph:  CompressedPak pak cache file C:/Users/Connor/Documents/Unreal Projects/Unforgiven/DerivedDataCache/Compressed.ddp not found, will not use a pak cache.
[2018.05.18-15.19.06:113][  0]LogDerivedDataCache: Unable to find inner node CompressedPak for hierarchical cache Hierarchy.
[2018.05.18-15.19.06:145][  0]LogDerivedDataCache: Display: Pak cache opened for reading ../../../Engine/DerivedDataCache/Compressed.ddp.
[2018.05.18-15.19.06:157][  0]LogDerivedDataCache: Using Local data cache path C:/Users/Connor/AppData/Local/UnrealEngine/Common/DerivedDataCache: Writable
[2018.05.18-15.19.06:157][  0]LogDerivedDataCache: Shared data cache path not found in *engine.ini, will not use an Shared cache.
[2018.05.18-15.19.06:157][  0]LogDerivedDataCache: Unable to find inner node Shared for hierarchical cache Hierarchy.
[2018.05.18-15.19.06:184][  0]LogMaterial: Verifying Global Shaders for PCD3D_SM5
[2018.05.18-15.19.06:185][  0]LogSlate: Using Freetype 2.6.0
[2018.05.18-15.19.06:186][  0]LogSlate: SlateFontCache - WITH_FREETYPE: 1, WITH_HARFBUZZ: 1
[2018.05.18-15.19.06:186][  0]LogSlate: SlateFontCache - WITH_FREETYPE: 1, WITH_HARFBUZZ: 1
[2018.05.18-15.19.06:360][  0]LogAssetRegistry: FAssetRegistry took 0.0106 seconds to start up
[2018.05.18-15.19.06:795][  0]LogPackageLocalizationCache: Processed 9 localized package path(s) for 1 prioritized culture(s) in 0.017444 seconds
[2018.05.18-15.19.06:994][  0]LogInit: Selected Device Profile: [Windows]
[2018.05.18-15.19.07:248][  0]LogSimplygon: Simplygon DLL not present - disabling.
[2018.05.18-15.19.07:251][  0]LogMeshReduction: Using SimplygonSwarm for distributed automatic mesh merging
[2018.05.18-15.19.07:251][  0]LogMeshReduction: Using QuadricMeshReduction for automatic static mesh reduction
[2018.05.18-15.19.07:251][  0]LogMeshReduction: No automatic skeletal mesh reduction module available
[2018.05.18-15.19.07:252][  0]LogMeshReduction: No automatic mesh merging module available
[2018.05.18-15.19.07:252][  0]LogMeshMerging: No automatic mesh merging module available
[2018.05.18-15.19.07:301][  0]LogNetVersion: Unforgiven , NetCL: 3944462, EngineNetVer: 2, GameNetVer: 0 (Checksum: 513794330)
[2018.05.18-15.19.08:267][  0]LogMoviePlayer: Initializing movie player
[2018.05.18-15.19.08:623][  0]LogTcpMessaging: Initializing TcpMessaging bridge
[2018.05.18-15.19.08:664][  0]LogUdpMessaging: Initializing bridge on interface 0.0.0.0:0 to multicast group 230.0.0.1:6666.
[2018.05.18-15.19.09:023][  0]SourceControl: Source control is disabled
[2018.05.18-15.19.09:023][  0]SourceControl: Source control is disabled
[2018.05.18-15.19.09:059][  0]SourceControl: Source control is disabled
[2018.05.18-15.19.09:609][  0]LogAndroidPermission: UAndroidPermissionCallbackProxy::GetInstance
[2018.05.18-15.19.09:927][  0]LogOcInput: OculusInput pre-init called
[2018.05.18-15.19.09:993][  0]LogUObjectArray: 40124 objects as part of root set at end of initial load.
[2018.05.18-15.19.09:993][  0]LogUObjectAllocator: 8364208 out of 0 bytes used by permanent object pool.
[2018.05.18-15.19.09:993][  0]LogUObjectArray: CloseDisregardForGC: 0/0 objects in disregard for GC pool
[2018.05.18-15.19.10:074][  0]LogEngine: Initializing Engine...
[2018.05.18-15.19.10:078][  0]LogHMD: Failed to initialize OpenVR with code 105
[2018.05.18-15.19.10:091][  0]LogStats: UGameplayTagsManager::ConstructGameplayTagTree: Construct from data asset -  0.000 s
[2018.05.18-15.19.10:091][  0]LogStats: UGameplayTagsManager::ConstructGameplayTagTree: GameplayTagTreeChangedEvent.Broadcast -  0.000 s
[2018.05.18-15.19.10:468][  0]LogInit: XAudio2 using 'Speakers (3- Line 6 UX2)' : 2 channels at 44.1 kHz using 16 bits per sample (channel mask 0x3)
[2018.05.18-15.19.10:477][  0]LogInit: FAudioDevice initialized.
[2018.05.18-15.19.10:506][  0]LogInit: Texture streaming: Enabled
[2018.05.18-15.19.10:715][  0]LogInit: Display: Game Engine Initialized.
[2018.05.18-15.19.10:715][  0]LogGameplayTags: Display: UGameplayTagsManager::DoneAddingNativeTags. DelegateIsBound: 0
[2018.05.18-15.19.10:715][  0]LogStats: UGameplayTagsManager::ConstructGameplayTagTree: Construct from data asset -  0.000 s
[2018.05.18-15.19.10:715][  0]LogStats: UGameplayTagsManager::ConstructGameplayTagTree: GameplayTagTreeChangedEvent.Broadcast -  0.000 s
[2018.05.18-15.19.10:867][  0]LogInit: Display: Starting Game.
[2018.05.18-15.19.10:868][  0]LogNet: Browse: /Game/ThirdPersonBP/Maps/ThirdPersonExampleMap?Name=Player
[2018.05.18-15.19.10:868][  0]LogLoad: LoadMap: /Game/ThirdPersonBP/Maps/ThirdPersonExampleMap?Name=Player
[2018.05.18-15.19.11:161][  0]LogAIModule: Creating AISystem for world ThirdPersonExampleMap
[2018.05.18-15.19.11:166][  0]LogUObjectGlobals: Created PersistentFrame Addr=0x0000000020f17700, Size=752, Default__NuclearCharacter_C Function /Game/ThirdPersonBP/Blueprints/NuclearCharacter.NuclearCharacter_C:ExecuteUbergraph_NuclearCharacter
[2018.05.18-15.19.11:200][  0]LogUObjectGlobals: Destroyed PersistentFrame Addr=0x0000000020f17700, Size=752
[2018.05.18-15.19.11:200][  0]LogUObjectGlobals: Created PersistentFrame Addr=0x0000000021b03700, Size=752, Default__NuclearCharacter_C Function /Engine/Transient.REINST_NuclearCharacter_C_7:ExecuteUbergraph_NuclearCharacter
[2018.05.18-15.19.11:214][  0]LogUObjectGlobals: Created PersistentFrame Addr=0x0000000021b02500, Size=752, Default__NuclearCharacter_C Function /Game/ThirdPersonBP/Blueprints/NuclearCharacter.NuclearCharacter_C:ExecuteUbergraph_NuclearCharacter
[2018.05.18-15.19.11:241][  0]LogLoad: Game class is 'ThirdPersonGameMode_C'
[2018.05.18-15.19.11:246][  0]LogWorld: Bringing World /Game/ThirdPersonBP/Maps/ThirdPersonExampleMap.ThirdPersonExampleMap up for play (max tick rate 0) at 2018.05.18-16.19.11
[2018.05.18-15.19.11:247][  0]LogWorld: Bringing up level for play took: 0.004763
[2018.05.18-15.19.11:251][  0]LogLoad: Took 0.383461 seconds to LoadMap(/Game/ThirdPersonBP/Maps/ThirdPersonExampleMap)
[2018.05.18-15.19.11:319][  0]LogLoad: (Engine Initialization) Total time: 11.46 seconds
[2018.05.18-15.19.11:319][  0]LogLoad: (Engine Initialization) Total Blueprint compile time: 0.00 seconds
[2018.05.18-15.19.11:405][  0]LogRenderer: Reallocating scene render targets to support 1920x1080 Format 10 NumSamples 1 (Frame:1).
[2018.05.18-15.19.11:455][  0]LogContentStreaming: Texture pool size now 1000 MB
[2018.05.18-15.19.18:860][442]LogBlueprintUserMessages: [NuclearCharacter_C_0] Firing
[2018.05.18-15.19.18:876][443]LogBlueprintUserMessages: [NuclearCharacter_C_0] Firing
[2018.05.18-15.19.18:876][443]LogBlueprintUserMessages: [NuclearCharacter_C_0] Firing
[2018.05.18-15.19.18:892][444]LogBlueprintUserMessages: [NuclearCharacter_C_0] Firing
[2018.05.18-15.19.18:892][444]LogBlueprintUserMessages: [NuclearCharacter_C_0] Firing
[2018.05.18-15.19.18:908][445]LogBlueprintUserMessages: [NuclearCharacter_C_0] Firing
[2018.05.18-15.19.18:909][445]LogBlueprintUserMessages: [NuclearCharacter_C_0] Firing
[2018.05.18-15.19.18:924][446]LogBlueprintUserMessages: [NuclearCharacter_C_0] Firing
[2018.05.18-15.19.18:925][446]LogBlueprintUserMessages: [NuclearCharacter_C_0] Firing
[2018.05.18-15.19.18:941][447]LogBlueprintUserMessages: [NuclearCharacter_C_0] Firing
[2018.05.18-15.19.18:941][447]LogBlueprintUserMessages: [NuclearCharacter_C_0] Firing
[2018.05.18-15.19.18:957][448]LogBlueprintUserMessages: [NuclearCharacter_C_0] Firing
[2018.05.18-15.19.18:957][448]LogBlueprintUserMessages: [NuclearCharacter_C_0] Firing
[2018.05.18-15.19.18:973][449]LogBlueprintUserMessages: [NuclearCharacter_C_0] Firing
[2018.05.18-15.19.18:973][449]LogBlueprintUserMessages: [NuclearCharacter_C_0] Firing
[2018.05.18-15.19.18:989][450]LogBlueprintUserMessages: [NuclearCharacter_C_0] Firing
[2018.05.18-15.19.18:989][450]LogBlueprintUserMessages: [NuclearCharacter_C_0] Firing
[2018.05.18-15.19.19:005][451]LogBlueprintUserMessages: [NuclearCharacter_C_0] Firing
[2018.05.18-15.19.19:005][451]LogBlueprintUserMessages: [NuclearCharacter_C_0] Firing
[2018.05.18-15.19.19:021][452]LogBlueprintUserMessages: [NuclearCharacter_C_0] Firing
[2018.05.18-15.19.19:021][452]LogBlueprintUserMessages: [NuclearCharacter_C_0] Firing
[2018.05.18-15.19.19:037][453]LogBlueprintUserMessages: [NuclearCharacter_C_0] Firing
[2018.05.18-15.19.19:037][453]LogBlueprintUserMessages: [NuclearCharacter_C_0] Firing
[2018.05.18-15.19.19:054][454]LogBlueprintUserMessages: [NuclearCharacter_C_0] Firing
[2018.05.18-15.19.19:392][475]LogBlueprintUserMessages: [NuclearCharacter_C_0] Firing
[2018.05.18-15.19.19:408][476]LogBlueprintUserMessages: [NuclearCharacter_C_0] Firing
[2018.05.18-15.19.19:408][476]LogBlueprintUserMessages: [NuclearCharacter_C_0] Firing
[2018.05.18-15.19.19:424][477]LogBlueprintUserMessages: [NuclearCharacter_C_0] Firing
[2018.05.18-15.19.19:425][477]LogBlueprintUserMessages: [NuclearCharacter_C_0] Firing
[2018.05.18-15.19.19:441][478]LogBlueprintUserMessages: [NuclearCharacter_C_0] Firing
[2018.05.18-15.19.19:441][478]LogBlueprintUserMessages: [NuclearCharacter_C_0] Firing
[2018.05.18-15.19.19:457][479]LogBlueprintUserMessages: [NuclearCharacter_C_0] Firing
[2018.05.18-15.19.19:457][479]LogBlueprintUserMessages: [NuclearCharacter_C_0] Firing
[2018.05.18-15.19.19:473][480]LogBlueprintUserMessages: [NuclearCharacter_C_0] Firing
[2018.05.18-15.19.19:473][480]LogBlueprintUserMessages: [NuclearCharacter_C_0] Firing
[2018.05.18-15.19.19:489][481]LogBlueprintUserMessages: [NuclearCharacter_C_0] Firing
[2018.05.18-15.19.19:489][481]LogBlueprintUserMessages: [NuclearCharacter_C_0] Firing
[2018.05.18-15.19.19:505][482]LogBlueprintUserMessages: [NuclearCharacter_C_0] Firing
[2018.05.18-15.19.19:505][482]LogBlueprintUserMessages: [NuclearCharacter_C_0] Firing
[2018.05.18-15.19.19:521][483]LogBlueprintUserMessages: [NuclearCharacter_C_0] Firing
[2018.05.18-15.19.19:521][483]LogBlueprintUserMessages: [NuclearCharacter_C_0] Firing
[2018.05.18-15.19.19:537][484]LogBlueprintUserMessages: [NuclearCharacter_C_0] Firing
[2018.05.18-15.19.19:537][484]LogBlueprintUserMessages: [NuclearCharacter_C_0] Firing
[2018.05.18-15.19.19:554][485]LogBlueprintUserMessages: [NuclearCharacter_C_0] Firing
[2018.05.18-15.19.19:554][485]LogBlueprintUserMessages: [NuclearCharacter_C_0] Firing
[2018.05.18-15.19.19:570][486]LogBlueprintUserMessages: [NuclearCharacter_C_0] Firing
[2018.05.18-15.19.19:570][486]LogBlueprintUserMessages: [NuclearCharacter_C_0] Firing
[2018.05.18-15.19.19:586][487]LogBlueprintUserMessages: [NuclearCharacter_C_0] Firing
[2018.05.18-15.19.19:586][487]LogBlueprintUserMessages: [NuclearCharacter_C_0] Firing
[2018.05.18-15.19.19:602][488]LogBlueprintUserMessages: [NuclearCharacter_C_0] Firing
[2018.05.18-15.19.19:602][488]LogBlueprintUserMessages: [NuclearCharacter_C_0] Firing
[2018.05.18-15.19.19:618][489]LogBlueprintUserMessages: [NuclearCharacter_C_0] Firing
[2018.05.18-15.19.19:618][489]LogBlueprintUserMessages: [NuclearCharacter_C_0] Firing
[2018.05.18-15.19.19:634][490]LogBlueprintUserMessages: [NuclearCharacter_C_0] Firing
[2018.05.18-15.19.19:634][490]LogBlueprintUserMessages: [NuclearCharacter_C_0] Firing
[2018.05.18-15.19.19:650][491]LogBlueprintUserMessages: [NuclearCharacter_C_0] Firing
[2018.05.18-15.19.19:650][491]LogBlueprintUserMessages: [NuclearCharacter_C_0] Firing
[2018.05.18-15.19.19:666][492]LogBlueprintUserMessages: [NuclearCharacter_C_0] Firing
[2018.05.18-15.19.19:667][492]LogBlueprintUserMessages: [NuclearCharacter_C_0] Firing
[2018.05.18-15.19.19:683][493]LogBlueprintUserMessages: [NuclearCharacter_C_0] Firing
[2018.05.18-15.19.19:683][493]LogBlueprintUserMessages: [NuclearCharacter_C_0] Firing
[2018.05.18-15.19.19:699][494]LogBlueprintUserMessages: [NuclearCharacter_C_0] Firing
[2018.05.18-15.19.19:699][494]LogBlueprintUserMessages: [NuclearCharacter_C_0] Firing
[2018.05.18-15.19.19:715][495]LogBlueprintUserMessages: [NuclearCharacter_C_0] Firing
[2018.05.18-15.19.19:715][495]LogBlueprintUserMessages: [NuclearCharacter_C_0] Firing
[2018.05.18-15.19.19:731][496]LogBlueprintUserMessages: [NuclearCharacter_C_0] Firing
[2018.05.18-15.19.19:731][496]LogBlueprintUserMessages: [NuclearCharacter_C_0] Firing
[2018.05.18-15.19.19:747][497]LogBlueprintUserMessages: [NuclearCharacter_C_0] Firing
[2018.05.18-15.19.19:747][497]LogBlueprintUserMessages: [NuclearCharacter_C_0] Firing
[2018.05.18-15.19.19:763][498]LogBlueprintUserMessages: [NuclearCharacter_C_0] Firing
[2018.05.18-15.19.19:763][498]LogBlueprintUserMessages: [NuclearCharacter_C_0] Firing
[2018.05.18-15.19.19:779][499]LogBlueprintUserMessages: [NuclearCharacter_C_0] Firing
[2018.05.18-15.19.19:779][499]LogBlueprintUserMessages: [NuclearCharacter_C_0] Firing
[2018.05.18-15.19.19:795][500]LogBlueprintUserMessages: [NuclearCharacter_C_0] Firing
[2018.05.18-15.19.19:795][500]LogBlueprintUserMessages: [NuclearCharacter_C_0] Firing
[2018.05.18-15.19.19:812][501]LogBlueprintUserMessages: [NuclearCharacter_C_0] Firing
[2018.05.18-15.19.19:812][501]LogBlueprintUserMessages: [NuclearCharacter_C_0] Firing
[2018.05.18-15.19.19:828][502]LogBlueprintUserMessages: [NuclearCharacter_C_0] Firing
[2018.05.18-15.19.19:828][502]LogBlueprintUserMessages: [NuclearCharacter_C_0] Firing
[2018.05.18-15.19.19:844][503]LogBlueprintUserMessages: [NuclearCharacter_C_0] Firing
[2018.05.18-15.19.19:844][503]LogBlueprintUserMessages: [NuclearCharacter_C_0] Firing
[2018.05.18-15.19.20:522][545]LogBlueprintUserMessages: [NuclearCharacter_C_0] Firing
[2018.05.18-15.19.20:523][545]LogBlueprintUserMessages: [NuclearCharacter_C_0] Firing
[2018.05.18-15.19.20:538][546]LogBlueprintUserMessages: [NuclearCharacter_C_0] Firing
[2018.05.18-15.19.20:538][546]LogBlueprintUserMessages: [NuclearCharacter_C_0] Firing
[2018.05.18-15.19.20:554][547]LogBlueprintUserMessages: [NuclearCharacter_C_0] Firing
[2018.05.18-15.19.20:554][547]LogBlueprintUserMessages: [NuclearCharacter_C_0] Firing
[2018.05.18-15.19.20:570][548]LogBlueprintUserMessages: [NuclearCharacter_C_0] Firing
[2018.05.18-15.19.20:570][548]LogBlueprintUserMessages: [NuclearCharacter_C_0] Firing
[2018.05.18-15.19.20:586][549]LogBlueprintUserMessages: [NuclearCharacter_C_0] Firing
[2018.05.18-15.19.20:586][549]LogBlueprintUserMessages: [NuclearCharacter_C_0] Firing
[2018.05.18-15.19.20:602][550]LogBlueprintUserMessages: [NuclearCharacter_C_0] Firing
[2018.05.18-15.19.20:602][550]LogBlueprintUserMessages: [NuclearCharacter_C_0] Firing
[2018.05.18-15.19.20:618][551]LogBlueprintUserMessages: [NuclearCharacter_C_0] Firing
[2018.05.18-15.19.20:618][551]LogBlueprintUserMessages: [NuclearCharacter_C_0] Firing
[2018.05.18-15.19.20:634][552]LogBlueprintUserMessages: [NuclearCharacter_C_0] Firing
[2018.05.18-15.19.20:635][552]LogBlueprintUserMessages: [NuclearCharacter_C_0] Firing
[2018.05.18-15.19.20:651][553]LogBlueprintUserMessages: [NuclearCharacter_C_0] Firing
[2018.05.18-15.19.20:651][553]LogBlueprintUserMessages: [NuclearCharacter_C_0] Firing
[2018.05.18-15.19.20:667][554]LogBlueprintUserMessages: [NuclearCharacter_C_0] Firing
[2018.05.18-15.19.20:667][554]LogBlueprintUserMessages: [NuclearCharacter_C_0] Firing
[2018.05.18-15.19.20:683][555]LogBlueprintUserMessages: [NuclearCharacter_C_0] Firing
[2018.05.18-15.19.20:683][555]LogBlueprintUserMessages: [NuclearCharacter_C_0] Firing
[2018.05.18-15.19.20:699][556]LogBlueprintUserMessages: [NuclearCharacter_C_0] Firing
[2018.05.18-15.19.20:699][556]LogBlueprintUserMessages: [NuclearCharacter_C_0] Firing
[2018.05.18-15.19.20:715][557]LogBlueprintUserMessages: [NuclearCharacter_C_0] Firing
[2018.05.18-15.19.20:715][557]LogBlueprintUserMessages: [NuclearCharacter_C_0] Firing
[2018.05.18-15.19.20:973][573]LogBlueprintUserMessages: [NuclearCharacter_C_0] Firing
[2018.05.18-15.19.20:989][574]LogBlueprintUserMessages: [NuclearCharacter_C_0] Firing
[2018.05.18-15.19.20:989][574]LogBlueprintUserMessages: [NuclearCharacter_C_0] Firing
[2018.05.18-15.19.21:005][575]LogBlueprintUserMessages: [NuclearCharacter_C_0] Firing
[2018.05.18-15.19.21:006][575]LogBlueprintUserMessages: [NuclearCharacter_C_0] Firing
[2018.05.18-15.19.21:022][576]LogBlueprintUserMessages: [NuclearCharacter_C_0] Firing
[2018.05.18-15.19.21:022][576]LogBlueprintUserMessages: [NuclearCharacter_C_0] Firing
[2018.05.18-15.19.21:038][577]LogBlueprintUserMessages: [NuclearCharacter_C_0] Firing
[2018.05.18-15.19.21:038][577]LogBlueprintUserMessages: [NuclearCharacter_C_0] Firing
[2018.05.18-15.19.21:054][578]LogBlueprintUserMessages: [NuclearCharacter_C_0] Firing
[2018.05.18-15.19.21:054][578]LogBlueprintUserMessages: [NuclearCharacter_C_0] Firing
[2018.05.18-15.19.21:070][579]LogBlueprintUserMessages: [NuclearCharacter_C_0] Firing
[2018.05.18-15.19.21:070][579]LogBlueprintUserMessages: [NuclearCharacter_C_0] Firing
[2018.05.18-15.19.21:086][580]LogBlueprintUserMessages: [NuclearCharacter_C_0] Firing
[2018.05.18-15.19.21:086][580]LogBlueprintUserMessages: [NuclearCharacter_C_0] Firing
[2018.05.18-15.19.21:102][581]LogBlueprintUserMessages: [NuclearCharacter_C_0] Firing
[2018.05.18-15.19.21:102][581]LogBlueprintUserMessages: [NuclearCharacter_C_0] Firing
[2018.05.18-15.19.21:118][582]LogBlueprintUserMessages: [NuclearCharacter_C_0] Firing
[2018.05.18-15.19.21:118][582]LogBlueprintUserMessages: [NuclearCharacter_C_0] Firing
[2018.05.18-15.19.21:134][583]LogBlueprintUserMessages: [NuclearCharacter_C_0] Firing
[2018.05.18-15.19.21:135][583]LogBlueprintUserMessages: [NuclearCharacter_C_0] Firing
[2018.05.18-15.19.21:151][584]LogBlueprintUserMessages: [NuclearCharacter_C_0] Firing
[2018.05.18-15.19.21:151][584]LogBlueprintUserMessages: [NuclearCharacter_C_0] Firing
[2018.05.18-15.19.21:167][585]LogBlueprintUserMessages: [NuclearCharacter_C_0] Firing
[2018.05.18-15.19.21:167][585]LogBlueprintUserMessages: [NuclearCharacter_C_0] Firing
[2018.05.18-15.19.21:183][586]LogBlueprintUserMessages: [NuclearCharacter_C_0] Firing
[2018.05.18-15.19.21:183][586]LogBlueprintUserMessages: [NuclearCharacter_C_0] Firing
[2018.05.18-15.19.21:199][587]LogBlueprintUserMessages: [NuclearCharacter_C_0] Firing
[2018.05.18-15.19.21:199][587]LogBlueprintUserMessages: [NuclearCharacter_C_0] Firing
[2018.05.18-15.19.21:215][588]LogBlueprintUserMessages: [NuclearCharacter_C_0] Firing
[2018.05.18-15.19.21:215][588]LogBlueprintUserMessages: [NuclearCharacter_C_0] Firing
[2018.05.18-15.19.21:231][589]LogBlueprintUserMessages: [NuclearCharacter_C_0] Firing
[2018.05.18-15.19.21:231][589]LogBlueprintUserMessages: [NuclearCharacter_C_0] Firing
[2018.05.18-15.19.21:247][590]LogBlueprintUserMessages: [NuclearCharacter_C_0] Firing
[2018.05.18-15.19.21:247][590]LogBlueprintUserMessages: [NuclearCharacter_C_0] Firing
[2018.05.18-15.19.21:264][591]LogBlueprintUserMessages: [NuclearCharacter_C_0] Firing
[2018.05.18-15.19.21:264][591]LogBlueprintUserMessages: [NuclearCharacter_C_0] Firing
[2018.05.18-15.19.21:280][592]LogBlueprintUserMessages: [NuclearCharacter_C_0] Firing
[2018.05.18-15.19.21:280][592]LogBlueprintUserMessages: [NuclearCharacter_C_0] Firing
[2018.05.18-15.19.21:296][593]LogBlueprintUserMessages: [NuclearCharacter_C_0] Firing
[2018.05.18-15.19.21:296][593]LogBlueprintUserMessages: [NuclearCharacter_C_0] Firing
[2018.05.18-15.19.21:312][594]LogBlueprintUserMessages: [NuclearCharacter_C_0] Firing
[2018.05.18-15.19.21:312][594]LogBlueprintUserMessages: [NuclearCharacter_C_0] Firing
[2018.05.18-15.19.21:328][595]LogBlueprintUserMessages: [NuclearCharacter_C_0] Firing
[2018.05.18-15.19.21:506][606]LogBlueprintUserMessages: [NuclearCharacter_C_0] Firing
[2018.05.18-15.19.21:522][607]LogBlueprintUserMessages: [NuclearCharacter_C_0] Firing
[2018.05.18-15.19.21:522][607]LogBlueprintUserMessages: [NuclearCharacter_C_0] Firing
[2018.05.18-15.19.21:538][608]LogBlueprintUserMessages: [NuclearCharacter_C_0] Firing
[2018.05.18-15.19.21:538][608]LogBlueprintUserMessages: [NuclearCharacter_C_0] Firing
[2018.05.18-15.19.21:554][609]LogBlueprintUserMessages: [NuclearCharacter_C_0] Firing
[2018.05.18-15.19.21:554][609]LogBlueprintUserMessages: [NuclearCharacter_C_0] Firing
[2018.05.18-15.19.21:570][610]LogBlueprintUserMessages: [NuclearCharacter_C_0] Firing
[2018.05.18-15.19.21:570][610]LogBlueprintUserMessages: [NuclearCharacter_C_0] Firing
[2018.05.18-15.19.21:586][611]LogBlueprintUserMessages: [NuclearCharacter_C_0] Firing
[2018.05.18-15.19.21:586][611]LogBlueprintUserMessages: [NuclearCharacter_C_0] Firing
[2018.05.18-15.19.21:602][612]LogBlueprintUserMessages: [NuclearCharacter_C_0] Firing
[2018.05.18-15.19.21:602][612]LogBlueprintUserMessages: [NuclearCharacter_C_0] Firing
[2018.05.18-15.19.21:618][613]LogBlueprintUserMessages: [NuclearCharacter_C_0] Firing
[2018.05.18-15.19.21:618][613]LogBlueprintUserMessages: [NuclearCharacter_C_0] Firing
[2018.05.18-15.19.21:634][614]LogBlueprintUserMessages: [NuclearCharacter_C_0] Firing
[2018.05.18-15.19.21:635][614]LogBlueprintUserMessages: [NuclearCharacter_C_0] Firing
[2018.05.18-15.19.21:651][615]LogBlueprintUserMessages: [NuclearCharacter_C_0] Firing
[2018.05.18-15.19.21:651][615]LogBlueprintUserMessages: [NuclearCharacter_C_0] Firing
[2018.05.18-15.19.21:667][616]LogBlueprintUserMessages: [NuclearCharacter_C_0] Firing
[2018.05.18-15.19.21:667][616]LogBlueprintUserMessages: [NuclearCharacter_C_0] Firing
[2018.05.18-15.19.21:683][617]LogBlueprintUserMessages: [NuclearCharacter_C_0] Firing
[2018.05.18-15.19.21:683][617]LogBlueprintUserMessages: [NuclearCharacter_C_0] Firing
[2018.05.18-15.19.21:699][618]LogBlueprintUserMessages: [NuclearCharacter_C_0] Firing
[2018.05.18-15.19.21:699][618]LogBlueprintUserMessages: [NuclearCharacter_C_0] Firing
[2018.05.18-15.19.21:715][619]LogBlueprintUserMessages: [NuclearCharacter_C_0] Firing
[2018.05.18-15.19.21:715][619]LogBlueprintUserMessages: [NuclearCharacter_C_0] Firing
[2018.05.18-15.19.21:731][620]LogBlueprintUserMessages: [NuclearCharacter_C_0] Firing
[2018.05.18-15.19.21:731][620]LogBlueprintUserMessages: [NuclearCharacter_C_0] Firing
[2018.05.18-15.19.21:747][621]LogBlueprintUserMessages: [NuclearCharacter_C_0] Firing
[2018.05.18-15.19.21:747][621]LogBlueprintUserMessages: [NuclearCharacter_C_0] Firing
[2018.05.18-15.19.21:763][622]LogBlueprintUserMessages: [NuclearCharacter_C_0] Firing
[2018.05.18-15.19.21:764][622]LogBlueprintUserMessages: [NuclearCharacter_C_0] Firing
[2018.05.18-15.19.21:780][623]LogBlueprintUserMessages: [NuclearCharacter_C_0] Firing
[2018.05.18-15.19.21:780][623]LogBlueprintUserMessages: [NuclearCharacter_C_0] Firing
[2018.05.18-15.19.21:796][624]LogBlueprintUserMessages: [NuclearCharacter_C_0] Firing
[2018.05.18-15.19.21:796][624]LogBlueprintUserMessages: [NuclearCharacter_C_0] Firing
[2018.05.18-15.19.21:812][625]LogBlueprintUserMessages: [NuclearCharacter_C_0] Firing
[2018.05.18-15.19.21:812][625]LogBlueprintUserMessages: [NuclearCharacter_C_0] Firing
[2018.05.18-15.19.21:828][626]LogBlueprintUserMessages: [NuclearCharacter_C_0] Firing
[2018.05.18-15.19.21:828][626]LogBlueprintUserMessages: [NuclearCharacter_C_0] Firing
[2018.05.18-15.19.21:844][627]LogBlueprintUserMessages: [NuclearCharacter_C_0] Firing
[2018.05.18-15.19.21:844][627]LogBlueprintUserMessages: [NuclearCharacter_C_0] Firing
[2018.05.18-15.19.21:860][628]LogBlueprintUserMessages: [NuclearCharacter_C_0] Firing
[2018.05.18-15.19.21:860][628]LogBlueprintUserMessages: [NuclearCharacter_C_0] Firing
[2018.05.18-15.19.21:876][629]LogBlueprintUserMessages: [NuclearCharacter_C_0] Firing
[2018.05.18-15.19.21:876][629]LogBlueprintUserMessages: [NuclearCharacter_C_0] Firing
[2018.05.18-15.19.21:892][630]LogBlueprintUserMessages: [NuclearCharacter_C_0] Firing
[2018.05.18-15.19.21:893][630]LogBlueprintUserMessages: [NuclearCharacter_C_0] Firing
[2018.05.18-15.19.21:909][631]LogBlueprintUserMessages: [NuclearCharacter_C_0] Firing
[2018.05.18-15.19.21:909][631]LogBlueprintUserMessages: [NuclearCharacter_C_0] Firing
[2018.05.18-15.19.21:925][632]LogBlueprintUserMessages: [NuclearCharacter_C_0] Firing
[2018.05.18-15.19.21:925][632]LogBlueprintUserMessages: [NuclearCharacter_C_0] Firing
[2018.05.18-15.19.21:941][633]LogBlueprintUserMessages: [NuclearCharacter_C_0] Firing
[2018.05.18-15.19.21:941][633]LogBlueprintUserMessages: [NuclearCharacter_C_0] Firing
[2018.05.18-15.19.21:957][634]LogBlueprintUserMessages: [NuclearCharacter_C_0] Firing
[2018.05.18-15.19.21:957][634]LogBlueprintUserMessages: [NuclearCharacter_C_0] Firing
[2018.05.18-15.19.21:973][635]LogBlueprintUserMessages: [NuclearCharacter_C_0] Firing
[2018.05.18-15.19.21:973][635]LogBlueprintUserMessages: [NuclearCharacter_C_0] Firing
[2018.05.18-15.19.21:989][636]LogBlueprintUserMessages: [NuclearCharacter_C_0] Firing
[2018.05.18-15.19.21:989][636]LogBlueprintUserMessages: [NuclearCharacter_C_0] Firing
[2018.05.18-15.19.22:005][637]LogBlueprintUserMessages: [NuclearCharacter_C_0] Firing
[2018.05.18-15.19.22:005][637]LogBlueprintUserMessages: [NuclearCharacter_C_0] Firing
[2018.05.18-15.19.22:022][638]LogBlueprintUserMessages: [NuclearCharacter_C_0] Firing
[2018.05.18-15.19.22:022][638]LogBlueprintUserMessages: [NuclearCharacter_C_0] Firing
[2018.05.18-15.19.22:038][639]LogBlueprintUserMessages: [NuclearCharacter_C_0] Firing
[2018.05.18-15.19.22:231][651]LogBlueprintUserMessages: [NuclearCharacter_C_0] Firing
[2018.05.18-15.19.22:232][651]LogBlueprintUserMessages: [NuclearCharacter_C_0] Firing
[2018.05.18-15.19.22:248][652]LogBlueprintUserMessages: [NuclearCharacter_C_0] Firing
[2018.05.18-15.19.22:248][652]LogBlueprintUserMessages: [NuclearCharacter_C_0] Firing
[2018.05.18-15.19.22:263][653]LogBlueprintUserMessages: [NuclearCharacter_C_0] Firing
[2018.05.18-15.19.22:264][653]LogBlueprintUserMessages: [NuclearCharacter_C_0] Firing
[2018.05.18-15.19.22:280][654]LogBlueprintUserMessages: [NuclearCharacter_C_0] Firing
[2018.05.18-15.19.22:280][654]LogBlueprintUserMessages: [NuclearCharacter_C_0] Firing
[2018.05.18-15.19.22:296][655]LogBlueprintUserMessages: [NuclearCharacter_C_0] Firing
[2018.05.18-15.19.22:296][655]LogBlueprintUserMessages: [NuclearCharacter_C_0] Firing
[2018.05.18-15.19.22:312][656]LogBlueprintUserMessages: [NuclearCharacter_C_0] Firing
[2018.05.18-15.19.22:312][656]LogBlueprintUserMessages: [NuclearCharacter_C_0] Firing
[2018.05.18-15.19.22:328][657]LogBlueprintUserMessages: [NuclearCharacter_C_0] Firing
[2018.05.18-15.19.22:328][657]LogBlueprintUserMessages: [NuclearCharacter_C_0] Firing
[2018.05.18-15.19.22:344][658]LogBlueprintUserMessages: [NuclearCharacter_C_0] Firing
[2018.05.18-15.19.22:344][658]LogBlueprintUserMessages: [NuclearCharacter_C_0] Firing
[2018.05.18-15.19.22:360][659]LogBlueprintUserMessages: [NuclearCharacter_C_0] Firing
[2018.05.18-15.19.22:360][659]LogBlueprintUserMessages: [NuclearCharacter_C_0] Firing
[2018.05.18-15.19.22:376][660]LogBlueprintUserMessages: [NuclearCharacter_C_0] Firing
[2018.05.18-15.19.22:376][660]LogBlueprintUserMessages: [NuclearCharacter_C_0] Firing
[2018.05.18-15.19.22:393][661]LogBlueprintUserMessages: [NuclearCharacter_C_0] Firing
[2018.05.18-15.19.22:393][661]LogBlueprintUserMessages: [NuclearCharacter_C_0] Firing
[2018.05.18-15.19.22:409][662]LogBlueprintUserMessages: [NuclearCharacter_C_0] Firing
[2018.05.18-15.19.22:409][662]LogBlueprintUserMessages: [NuclearCharacter_C_0] Firing
[2018.05.18-15.19.22:425][663]LogBlueprintUserMessages: [NuclearCharacter_C_0] Firing
[2018.05.18-15.19.22:425][663]LogBlueprintUserMessages: [NuclearCharacter_C_0] Firing
[2018.05.18-15.19.22:441][664]LogBlueprintUserMessages: [NuclearCharacter_C_0] Firing
[2018.05.18-15.19.22:441][664]LogBlueprintUserMessages: [NuclearCharacter_C_0] Firing
[2018.05.18-15.19.22:457][665]LogBlueprintUserMessages: [NuclearCharacter_C_0] Firing
[2018.05.18-15.19.22:457][665]LogBlueprintUserMessages: [NuclearCharacter_C_0] Firing
[2018.05.18-15.19.22:473][666]LogBlueprintUserMessages: [NuclearCharacter_C_0] Firing
[2018.05.18-15.19.22:473][666]LogBlueprintUserMessages: [NuclearCharacter_C_0] Firing
[2018.05.18-15.19.22:489][667]LogBlueprintUserMessages: [NuclearCharacter_C_0] Firing
[2018.05.18-15.19.22:489][667]LogBlueprintUserMessages: [NuclearCharacter_C_0] Firing
[2018.05.18-15.19.22:505][668]LogBlueprintUserMessages: [NuclearCharacter_C_0] Firing
[2018.05.18-15.19.22:505][668]LogBlueprintUserMessages: [NuclearCharacter_C_0] Firing
[2018.05.18-15.19.22:522][669]LogBlueprintUserMessages: [NuclearCharacter_C_0] Firing
[2018.05.18-15.19.22:522][669]LogBlueprintUserMessages: [NuclearCharacter_C_0] Firing
[2018.05.18-15.19.22:538][670]LogBlueprintUserMessages: [NuclearCharacter_C_0] Firing
[2018.05.18-15.19.22:538][670]LogBlueprintUserMessages: [NuclearCharacter_C_0] Firing
[2018.05.18-15.19.22:554][671]LogBlueprintUserMessages: [NuclearCharacter_C_0] Firing
[2018.05.18-15.19.22:554][671]LogBlueprintUserMessages: [NuclearCharacter_C_0] Firing
[2018.05.18-15.19.22:570][672]LogBlueprintUserMessages: [NuclearCharacter_C_0] Firing
[2018.05.18-15.19.22:570][672]LogBlueprintUserMessages: [NuclearCharacter_C_0] Firing
[2018.05.18-15.19.22:586][673]LogBlueprintUserMessages: [NuclearCharacter_C_0] Firing
[2018.05.18-15.19.22:586][673]LogBlueprintUserMessages: [NuclearCharacter_C_0] Firing
[2018.05.18-15.19.22:602][674]LogBlueprintUserMessages: [NuclearCharacter_C_0] Firing
[2018.05.18-15.19.22:602][674]LogBlueprintUserMessages: [NuclearCharacter_C_0] Firing
[2018.05.18-15.19.22:618][675]LogBlueprintUserMessages: [NuclearCharacter_C_0] Firing
[2018.05.18-15.19.22:618][675]LogBlueprintUserMessages: [NuclearCharacter_C_0] Firing
[2018.05.18-15.19.22:635][676]LogBlueprintUserMessages: [NuclearCharacter_C_0] Firing
[2018.05.18-15.19.22:635][676]LogBlueprintUserMessages: [NuclearCharacter_C_0] Firing
[2018.05.18-15.19.22:651][677]LogBlueprintUserMessages: [NuclearCharacter_C_0] Firing
[2018.05.18-15.19.22:651][677]LogBlueprintUserMessages: [NuclearCharacter_C_0] Firing
[2018.05.18-15.19.22:667][678]LogBlueprintUserMessages: [NuclearCharacter_C_0] Firing
[2018.05.18-15.19.22:667][678]LogBlueprintUserMessages: [NuclearCharacter_C_0] Firing
[2018.05.18-15.19.22:683][679]LogBlueprintUserMessages: [NuclearCharacter_C_0] Firing
[2018.05.18-15.19.22:683][679]LogBlueprintUserMessages: [NuclearCharacter_C_0] Firing
[2018.05.18-15.19.22:699][680]LogBlueprintUserMessages: [NuclearCharacter_C_0] Firing
[2018.05.18-15.19.22:699][680]LogBlueprintUserMessages: [NuclearCharacter_C_0] Firing
[2018.05.18-15.19.22:715][681]LogBlueprintUserMessages: [NuclearCharacter_C_0] Firing
[2018.05.18-15.19.22:715][681]LogBlueprintUserMessages: [NuclearCharacter_C_0] Firing
[2018.05.18-15.19.22:731][682]LogBlueprintUserMessages: [NuclearCharacter_C_0] Firing
[2018.05.18-15.19.22:731][682]LogBlueprintUserMessages: [NuclearCharacter_C_0] Firing
[2018.05.18-15.19.22:747][683]LogBlueprintUserMessages: [NuclearCharacter_C_0] Firing
[2018.05.18-15.19.22:747][683]LogBlueprintUserMessages: [NuclearCharacter_C_0] Firing
[2018.05.18-15.19.22:763][684]LogBlueprintUserMessages: [NuclearCharacter_C_0] Firing
[2018.05.18-15.19.22:764][684]LogBlueprintUserMessages: [NuclearCharacter_C_0] Firing
[2018.05.18-15.19.22:780][685]LogBlueprintUserMessages: [NuclearCharacter_C_0] Firing
[2018.05.18-15.19.22:780][685]LogBlueprintUserMessages: [NuclearCharacter_C_0] Firing
[2018.05.18-15.19.22:796][686]LogBlueprintUserMessages: [NuclearCharacter_C_0] Firing
[2018.05.18-15.19.27:307][946]LogSlate: Window 'Unforgiven (64-bit, PCD3D_SM5) ' being destroyed
[2018.05.18-15.19.27:310][946]LogEngine: All Windows Closed
[2018.05.18-15.19.27:310][946]LogWindows: FPlatformMisc::RequestExit(0)
[2018.05.18-15.19.28:081][947]LogSlate: Slate User Destroyed.  User Index 0, Is Virtual User: 0
[2018.05.18-15.19.28:082][947]LogExit: Preparing to exit.
[2018.05.18-15.19.28:082][947]LogMoviePlayer: Shutting down movie player
[2018.05.18-15.19.28:714][947]LogExit: Game engine shut down
[2018.05.18-15.19.28:721][947]LogUObjectGlobals: Destroyed PersistentFrame Addr=0x0000000021b03700, Size=752
[2018.05.18-15.19.28:721][947]LogUObjectGlobals: Destroyed PersistentFrame Addr=0x0000000021b02500, Size=752
[2018.05.18-15.19.28:797][947]LogExit: Object subsystem successfully closed.
[2018.05.18-15.19.28:816][947]LogShaderCompilers: Display: Shaders left to compile 0
[2018.05.18-15.19.28:820][947]LogD3D11RHI: Shutdown
[2018.05.18-15.19.28:820][947]LogD3D11RHI: CleanupD3DDevice
[2018.05.18-15.19.28:822][947]LogD3D11RHI: ~FD3D11DynamicRHI
[2018.05.18-15.19.28:829][947]LogModuleManager: Shutting down and abandoning module SequenceRecorderSections (332)
[2018.05.18-15.19.28:829][947]LogModuleManager: Shutting down and abandoning module SequenceRecorder (330)
[2018.05.18-15.19.28:829][947]LogModuleManager: Shutting down and abandoning module AutomationController (328)
[2018.05.18-15.19.28:829][947]LogModuleManager: Shutting down and abandoning module AutomationWorker (326)
[2018.05.18-15.19.28:829][947]LogModuleManager: Shutting down and abandoning module AIModule (324)
[2018.05.18-15.19.28:830][947]LogModuleManager: Shutting down and abandoning module GameplayDebugger (323)
[2018.05.18-15.19.28:830][947]LogModuleManager: Shutting down and abandoning module AITestSuite (321)
[2018.05.18-15.19.28:830][947]LogModuleManager: Shutting down and abandoning module WmfMediaFactory (318)
[2018.05.18-15.19.28:830][947]LogModuleManager: Shutting down and abandoning module OpenExrWrapper (316)
[2018.05.18-15.19.28:830][947]LogModuleManager: Shutting down and abandoning module ImgMediaFactory (314)
[2018.05.18-15.19.28:830][947]LogModuleManager: Shutting down and abandoning module AvfMediaFactory (312)
[2018.05.18-15.19.28:830][947]LogModuleManager: Shutting down and abandoning module CharacterAI (310)
[2018.05.18-15.19.28:830][947]LogModuleManager: Shutting down and abandoning module SessionServices (308)
[2018.05.18-15.19.28:830][947]LogModuleManager: Shutting down and abandoning module MovieSceneCapture (306)
[2018.05.18-15.19.28:830][947]LogModuleManager: Shutting down and abandoning module MovieSceneTracks (304)
[2018.05.18-15.19.28:830][947]LogModuleManager: Shutting down and abandoning module MovieScene (302)
[2018.05.18-15.19.28:830][947]LogModuleManager: Shutting down and abandoning module GeometryCache (300)
[2018.05.18-15.19.28:830][947]LogModuleManager: Shutting down and abandoning module GeometryCacheEd (299)
[2018.05.18-15.19.28:830][947]LogModuleManager: Shutting down and abandoning module StreamingPauseRendering (296)
[2018.05.18-15.19.28:830][947]LogModuleManager: Shutting down and abandoning module PortalServices (294)
[2018.05.18-15.19.28:830][947]LogModuleManager: Shutting down and abandoning module PortalRpc (292)
[2018.05.18-15.19.28:830][947]LogModuleManager: Shutting down and abandoning module MessagingRpc (290)
[2018.05.18-15.19.28:830][947]LogModuleManager: Shutting down and abandoning module ProfilerService (288)
[2018.05.18-15.19.29:010][947]LogModuleManager: Shutting down and abandoning module TaskGraph (286)
[2018.05.18-15.19.29:010][947]LogModuleManager: Shutting down and abandoning module SteamVRController (284)
[2018.05.18-15.19.29:010][947]LogModuleManager: Shutting down and abandoning module ProceduralMeshComponent (282)
[2018.05.18-15.19.29:010][947]LogModuleManager: Shutting down and abandoning module OculusInput (280)
[2018.05.18-15.19.29:010][947]LogModuleManager: Shutting down and abandoning module MobilePatchingUtils (278)
[2018.05.18-15.19.29:010][947]LogModuleManager: Shutting down and abandoning module CustomMeshComponent (276)
[2018.05.18-15.19.29:010][947]LogModuleManager: Shutting down and abandoning module CableComponent (274)
[2018.05.18-15.19.29:010][947]LogModuleManager: Shutting down and abandoning module AudioCapture (272)
[2018.05.18-15.19.29:010][947]LogModuleManager: Shutting down and abandoning module ArchVisCharacter (270)
[2018.05.18-15.19.29:010][947]LogModuleManager: Shutting down and abandoning module AndroidPermission (268)
[2018.05.18-15.19.29:010][947]LogModuleManager: Shutting down and abandoning module NUTUnrealEngine4 (264)
[2018.05.18-15.19.29:010][947]LogModuleManager: Shutting down and abandoning module NetcodeUnitTest (262)
[2018.05.18-15.19.29:010][947]LogModuleManager: Shutting down and abandoning module MediaCompositing (260)
[2018.05.18-15.19.29:010][947]LogModuleManager: Shutting down and abandoning module LinearTimecode (258)
[2018.05.18-15.19.29:010][947]LogModuleManager: Shutting down and abandoning module ImgMedia (256)
[2018.05.18-15.19.29:012][947]LogModuleManager: Shutting down and abandoning module HTML5Networking (254)
[2018.05.18-15.19.29:012][947]LogModuleManager: Shutting down and abandoning module DatasmithContent (252)
[2018.05.18-15.19.29:012][947]LogModuleManager: Shutting down and abandoning module CryptoKeysOpenSSL (250)
[2018.05.18-15.19.29:012][947]LogModuleManager: Shutting down and abandoning module CryptoKeys (248)
[2018.05.18-15.19.29:012][947]LogModuleManager: Shutting down and abandoning module VisualStudioSourceCodeAccess (246)
[2018.05.18-15.19.29:012][947]LogModuleManager: Shutting down and abandoning module HotReload (245)
[2018.05.18-15.19.29:012][947]LogModuleManager: Shutting down and abandoning module DirectoryWatcher (244)
[2018.05.18-15.19.29:012][947]LogModuleManager: Shutting down and abandoning module VisualStudioCodeSourceCodeAccess (240)
[2018.05.18-15.19.29:012][947]LogModuleManager: Shutting down and abandoning module UObjectPlugin (238)
[2018.05.18-15.19.29:012][947]LogModuleManager: Shutting down and abandoning module SubversionSourceControl (236)
[2018.05.18-15.19.29:012][947]LogModuleManager: Shutting down and abandoning module PerforceSourceControl (234)
[2018.05.18-15.19.29:012][947]LogModuleManager: Shutting down and abandoning module SourceControl (233)
[2018.05.18-15.19.29:012][947]LogModuleManager: Shutting down and abandoning module CLionSourceCodeAccess (230)
[2018.05.18-15.19.29:013][947]LogModuleManager: Shutting down and abandoning module RuntimePhysXCooking (228)
[2018.05.18-15.19.29:013][947]LogModuleManager: Shutting down and abandoning module PhysXVehiclesEditor (226)
[2018.05.18-15.19.29:013][947]LogModuleManager: Shutting down and abandoning module PhysXVehicles (224)
[2018.05.18-15.19.29:013][947]LogModuleManager: Shutting down and abandoning module LocationServicesBPLibrary (222)
[2018.05.18-15.19.29:013][947]LogModuleManager: Shutting down and abandoning module ImmediatePhysicsEditor (220)
[2018.05.18-15.19.29:013][947]LogModuleManager: Shutting down and abandoning module ImmediatePhysics (218)
[2018.05.18-15.19.29:013][947]LogModuleManager: Shutting down and abandoning module ActorSequence (216)
[2018.05.18-15.19.29:013][947]LogModuleManager: Shutting down and abandoning module UdpMessaging (214)
[2018.05.18-15.19.29:113][947]LogModuleManager: Shutting down and abandoning module TcpMessaging (212)
[2018.05.18-15.19.29:625][947]LogModuleManager: Shutting down and abandoning module GameplayTagsEditor (210)
[2018.05.18-15.19.29:625][947]LogModuleManager: Shutting down and abandoning module FacialAnimation (208)
[2018.05.18-15.19.29:625][947]LogModuleManager: Shutting down and abandoning module DataValidation (206)
[2018.05.18-15.19.29:625][947]LogModuleManager: Shutting down and abandoning module AssetManagerEditor (204)
[2018.05.18-15.19.29:625][947]LogModuleManager: Shutting down and abandoning module TreeMap (203)
[2018.05.18-15.19.29:625][947]LogModuleManager: Shutting down and abandoning module LightPropagationVolumeRuntime (200)
[2018.05.18-15.19.29:625][947]LogModuleManager: Shutting down and abandoning module LiveLink (198)
[2018.05.18-15.19.30:456][947]LogModuleManager: Shutting down and abandoning module Paper2D (196)
[2018.05.18-15.19.30:456][947]LogModuleManager: Shutting down and abandoning module PIEPreviewDeviceProfileSelector (194)
[2018.05.18-15.19.30:456][947]LogModuleManager: Shutting down and abandoning module WindowsMoviePlayer (192)
[2018.05.18-15.19.30:456][947]LogModuleManager: Shutting down and abandoning module WmfMedia (190)
[2018.05.18-15.19.30:456][947]LogModuleManager: Shutting down and abandoning module Media (189)
[2018.05.18-15.19.30:461][947]LogModuleManager: Shutting down and abandoning module PacketHandler (186)
[2018.05.18-15.19.30:461][947]LogModuleManager: Shutting down and abandoning module ClothingSystemEditor (184)
[2018.05.18-15.19.30:461][947]LogModuleManager: Shutting down and abandoning module ClothingSystemRuntime (182)
[2018.05.18-15.19.30:461][947]LogModuleManager: Shutting down and abandoning module MediaAssets (180)
[2018.05.18-15.19.30:461][947]LogModuleManager: Shutting down and abandoning module Overlay (178)
[2018.05.18-15.19.30:461][947]LogModuleManager: Shutting down and abandoning module OverlayEditor (177)
[2018.05.18-15.19.30:461][947]LogModuleManager: Shutting down and abandoning module VREditor (174)
[2018.05.18-15.19.30:461][947]LogModuleManager: Shutting down and abandoning module StringTableEditor (172)
[2018.05.18-15.19.30:461][947]LogModuleManager: Shutting down and abandoning module GameplayTasksEditor (170)
[2018.05.18-15.19.30:461][947]LogModuleManager: Shutting down and abandoning module BehaviorTreeEditor (168)
[2018.05.18-15.19.30:461][947]LogModuleManager: Shutting down and abandoning module FunctionalTesting (166)
[2018.05.18-15.19.30:461][947]LogModuleManager: Shutting down and abandoning module CollisionAnalyzer (164)
[2018.05.18-15.19.30:461][947]LogModuleManager: Shutting down and abandoning module WorkspaceMenuStructure (163)
[2018.05.18-15.19.30:461][947]LogModuleManager: Shutting down and abandoning module UMG (160)
[2018.05.18-15.19.30:461][947]LogModuleManager: Shutting down and abandoning module UMGEditor (159)
[2018.05.18-15.19.30:461][947]LogModuleManager: Shutting down and abandoning module Sequencer (158)
[2018.05.18-15.19.30:461][947]LogModuleManager: Shutting down and abandoning module MessageLog (155)
[2018.05.18-15.19.30:462][947]LogModuleManager: Shutting down and abandoning module SlateReflector (150)
[2018.05.18-15.19.30:462][947]LogModuleManager: Shutting down and abandoning module Slate (148)
[2018.05.18-15.19.30:462][947]LogModuleManager: Shutting down and abandoning module EditorStyle (146)
[2018.05.18-15.19.30:463][947]LogModuleManager: Shutting down and abandoning module MRMesh (144)
[2018.05.18-15.19.30:463][947]LogModuleManager: Shutting down and abandoning module Messaging (142)
[2018.05.18-15.19.30:463][947]LogModuleManager: Shutting down and abandoning module SourceCodeAccess (140)
[2018.05.18-15.19.30:463][947]LogModuleManager: Shutting down and abandoning module HeadMountedDisplay (138)
[2018.05.18-15.19.30:463][947]LogModuleManager: Shutting down and abandoning module XAudio2 (136)
[2018.05.18-15.19.30:463][947]LogModuleManager: Shutting down and abandoning module Networking (134)
[2018.05.18-15.19.30:463][947]LogModuleManager: Shutting down and abandoning module Core (132)
[2018.05.18-15.19.30:463][947]LogModuleManager: Shutting down and abandoning module LevelSequence (130)
[2018.05.18-15.19.30:463][947]LogModuleManager: Shutting down and abandoning module KismetCompiler (128)
[2018.05.18-15.19.30:463][947]LogModuleManager: Shutting down and abandoning module MeshUtilities (126)
[2018.05.18-15.19.30:464][947]LogModuleManager: Shutting down and abandoning module MeshMergeUtilities (125)
[2018.05.18-15.19.30:464][947]LogModuleManager: Shutting down and abandoning module MeshReductionInterface (124)
[2018.05.18-15.19.30:464][947]LogModuleManager: Shutting down and abandoning module SimplygonSwarm (123)
[2018.05.18-15.19.30:464][947]LogModuleManager: Shutting down and abandoning module SimplygonMeshReduction (121)
[2018.05.18-15.19.30:464][947]LogModuleManager: Shutting down and abandoning module QuadricMeshReduction (119)
[2018.05.18-15.19.30:464][947]LogModuleManager: Shutting down and abandoning module MaterialBaking (115)
[2018.05.18-15.19.30:464][947]LogModuleManager: Shutting down and abandoning module DerivedDataCache (110)
[2018.05.18-15.19.30:654][947]LogDerivedDataCache: Shutdown
[2018.05.18-15.19.30:654][947]LogModuleManager: Shutting down and abandoning module XGEController (108)
[2018.05.18-15.19.30:654][947]LogModuleManager: Shutting down and abandoning module TargetPlatform (106)
[2018.05.18-15.19.30:654][947]LogModuleManager: Shutting down and abandoning module VulkanShaderFormat (105)
[2018.05.18-15.19.30:654][947]LogModuleManager: Shutting down and abandoning module ShaderFormatVectorVM (103)
[2018.05.18-15.19.30:654][947]LogModuleManager: Shutting down and abandoning module ShaderFormatOpenGL (101)
[2018.05.18-15.19.30:654][947]LogModuleManager: Shutting down and abandoning module ShaderFormatD3D (99)
[2018.05.18-15.19.30:654][947]LogModuleManager: Shutting down and abandoning module MetalShaderFormat (97)
[2018.05.18-15.19.30:654][947]LogModuleManager: Shutting down and abandoning module TextureFormatUncompressed (95)
[2018.05.18-15.19.30:654][947]LogModuleManager: Shutting down and abandoning module TextureFormatPVR (93)
[2018.05.18-15.19.30:654][947]LogModuleManager: Shutting down and abandoning module TextureFormatDXT (91)
[2018.05.18-15.19.30:654][947]LogModuleManager: Shutting down and abandoning module TextureFormatIntelISPCTexComp (89)
[2018.05.18-15.19.30:654][947]LogModuleManager: Shutting down and abandoning module TextureFormatASTC (87)
[2018.05.18-15.19.30:654][947]LogModuleManager: Shutting down and abandoning module ImageWrapper (86)
[2018.05.18-15.19.30:654][947]LogModuleManager: Shutting down and abandoning module TextureFormatAndroid (83)
[2018.05.18-15.19.30:654][947]LogModuleManager: Shutting down and abandoning module AudioFormatOpus (81)
[2018.05.18-15.19.30:655][947]LogModuleManager: Shutting down and abandoning module AudioFormatOgg (79)
[2018.05.18-15.19.30:655][947]LogModuleManager: Shutting down and abandoning module AudioFormatADPCM (77)
[2018.05.18-15.19.30:655][947]LogModuleManager: Shutting down and abandoning module WindowsTargetPlatform (75)
[2018.05.18-15.19.30:655][947]LogModuleManager: Shutting down and abandoning module WindowsServerTargetPlatform (73)
[2018.05.18-15.19.30:655][947]LogModuleManager: Shutting down and abandoning module WindowsNoEditorTargetPlatform (71)
[2018.05.18-15.19.30:655][947]LogModuleManager: Shutting down and abandoning module WindowsClientTargetPlatform (69)
[2018.05.18-15.19.30:655][947]LogModuleManager: Shutting down and abandoning module InputCore (66)
[2018.05.18-15.19.30:655][947]LogModuleManager: Shutting down and abandoning module Settings (64)
[2018.05.18-15.19.30:655][947]LogModuleManager: Shutting down and abandoning module PhysXCooking (62)
[2018.05.18-15.19.30:655][947]LogModuleManager: Shutting down and abandoning module SteamVR (60)
[2018.05.18-15.19.30:655][947]LogModuleManager: Shutting down and abandoning module OculusHMD (58)
[2018.05.18-15.19.30:655][947]LogModuleManager: Shutting down and abandoning module ExampleDeviceProfileSelector (56)
[2018.05.18-15.19.30:655][947]LogModuleManager: Shutting down and abandoning module AppleARKit (54)
[2018.05.18-15.19.30:655][947]LogModuleManager: Shutting down and abandoning module AugmentedReality (51)
[2018.05.18-15.19.30:655][947]LogModuleManager: Shutting down and abandoning module OnlineBlueprintSupport (48)
[2018.05.18-15.19.30:655][947]LogModuleManager: Shutting down and abandoning module OnlineSubsystem (44)
[2018.05.18-15.19.30:655][947]LogModuleManager: Shutting down and abandoning module XMPP (43)
[2018.05.18-15.19.30:655][947]LogModuleManager: Shutting down and abandoning module HTTP (41)
[2018.05.18-15.19.30:680][947]LogModuleManager: Shutting down and abandoning module SSL (40)
[2018.05.18-15.19.30:681][947]LogModuleManager: Shutting down and abandoning module AnimationModifiers (36)
[2018.05.18-15.19.30:681][947]LogModuleManager: Shutting down and abandoning module PropertyEditor (35)
[2018.05.18-15.19.30:682][947]LogModuleManager: Shutting down and abandoning module AudioEditor (32)
[2018.05.18-15.19.30:682][947]LogModuleManager: Shutting down and abandoning module TextureCompressor (30)
[2018.05.18-15.19.30:682][947]LogModuleManager: Shutting down and abandoning module ShaderCore (28)
[2018.05.18-15.19.30:682][947]LogModuleManager: Shutting down and abandoning module Landscape (26)
[2018.05.18-15.19.30:682][947]LogModuleManager: Shutting down and abandoning module SlateRHIRenderer (24)
[2018.05.18-15.19.30:707][947]LogModuleManager: Shutting down and abandoning module OpenGLDrv (22)
[2018.05.18-15.19.30:707][947]LogModuleManager: Shutting down and abandoning module D3D11RHI (20)
[2018.05.18-15.19.30:707][947]LogModuleManager: Shutting down and abandoning module AnimGraphRuntime (18)
[2018.05.18-15.19.30:707][947]LogModuleManager: Shutting down and abandoning module Renderer (16)
[2018.05.18-15.19.30:707][947]LogModuleManager: Shutting down and abandoning module Engine (14)
[2018.05.18-15.19.30:707][947]LogModuleManager: Shutting down and abandoning module CoreUObject (12)
[2018.05.18-15.19.30:707][947]LogModuleManager: Shutting down and abandoning module NetworkFile (10)
[2018.05.18-15.19.30:707][947]LogModuleManager: Shutting down and abandoning module CookedIterativeFile (8)
[2018.05.18-15.19.30:707][947]LogModuleManager: Shutting down and abandoning module StreamingFile (6)
[2018.05.18-15.19.30:707][947]LogModuleManager: Shutting down and abandoning module SandboxFile (4)
[2018.05.18-15.19.30:707][947]LogModuleManager: Shutting down and abandoning module PakFile (2)
[2018.05.18-15.19.30:711][947]LogExit: Exiting.
[2018.05.18-15.19.30:713][947]Log file closed, 05/18/18 16:19:30
